Log file open, 08/08/18 15:06:05
LogWindows: Failed to load 'aqProf.dll' (GetLastError=126)
LogWindows: File 'aqProf.dll' does not exist
LogWindows: Failed to load 'VSPerf140.dll' (GetLastError=126)
LogWindows: File 'VSPerf140.dll' does not exist
LogWindows: Failed to load 'VtuneApi.dll' (GetLastError=126)
LogWindows: File 'VtuneApi.dll' does not exist
LogWindows: Failed to load 'VtuneApi32e.dll' (GetLastError=126)
LogWindows: File 'VtuneApi32e.dll' does not exist
LogInit: Display: Running engine for game: EscapeRoom
LogPlatformFile: Not using cached read wrapper
LogTaskGraph: Started task graph with 5 named threads and 23 total threads with 3 sets of task threads.
LogStats: Stats thread started at 0.264678
LogD3D11RHI: Loaded GFSDK_Aftermath_Lib.x64.dll
LogICUInternationalization: Display: ICU TimeZone Detection - Raw Offset: +12:00, Platform Override: ''
LogPluginManager: Mounting plugin Paper2D
LogPluginManager: Mounting plugin AISupport
LogPluginManager: Mounting plugin LightPropagationVolume
LogPluginManager: Mounting plugin CLionSourceCodeAccess
LogPluginManager: Mounting plugin CodeLiteSourceCodeAccess
LogPluginManager: Mounting plugin GitSourceControl
LogPluginManager: Mounting plugin KDevelopSourceCodeAccess
LogPluginManager: Mounting plugin NullSourceCodeAccess
LogPluginManager: Mounting plugin PerforceSourceControl
LogPluginManager: Mounting plugin SubversionSourceControl
LogPluginManager: Mounting plugin UObjectPlugin
LogPluginManager: Mounting plugin VisualStudioCodeSourceCodeAccess
LogPluginManager: Mounting plugin VisualStudioSourceCodeAccess
LogPluginManager: Mounting plugin XCodeSourceCodeAccess
LogPluginManager: Mounting plugin AssetManagerEditor
LogPluginManager: Mounting plugin CryptoKeys
LogPluginManager: Mounting plugin DataValidation
LogPluginManager: Mounting plugin FacialAnimation
LogPluginManager: Mounting plugin GameplayTagsEditor
LogPluginManager: Mounting plugin MacGraphicsSwitching
LogPluginManager: Mounting plugin MeshEditor
LogPluginManager: Mounting plugin MobileLauncherProfileWizard
LogPluginManager: Mounting plugin PluginBrowser
LogPluginManager: Mounting plugin SpeedTreeImporter
LogPluginManager: Mounting plugin DatasmithContent
LogPluginManager: Mounting plugin AlembicImporter
LogPluginManager: Mounting plugin AppleImageUtils
LogPluginManager: Mounting plugin AppleVision
LogPluginManager: Mounting plugin BackChannel
LogPluginManager: Mounting plugin CharacterAI
LogPluginManager: Mounting plugin GeometryCache
LogPluginManager: Mounting plugin HTML5Networking
LogPluginManager: Mounting plugin ProxyLODPlugin
LogPluginManager: Mounting plugin MagicLeap
LogPluginManager: Mounting plugin MagicLeapEmulator
LogPluginManager: Mounting plugin MagicLeapMedia
LogPluginManager: Mounting plugin AndroidMedia
LogPluginManager: Mounting plugin AvfMedia
LogPluginManager: Mounting plugin ImgMedia
LogPluginManager: Mounting plugin LinearTimecode
LogPluginManager: Mounting plugin MediaCompositing
LogPluginManager: Mounting plugin MediaPlayerEditor
LogPluginManager: Mounting plugin WmfMedia
LogPluginManager: Mounting plugin TcpMessaging
LogPluginManager: Mounting plugin UdpMessaging
LogPluginManager: Mounting plugin ActorSequence
LogPluginManager: Mounting plugin LevelSequenceEditor
LogPluginManager: Mounting plugin MatineeToLevelSequence
LogPluginManager: Mounting plugin NetcodeUnitTest
LogPluginManager: Mounting plugin NUTUnrealEngine4
LogPluginManager: Mounting plugin OnlineSubsystemGooglePlay
LogPluginManager: Mounting plugin OnlineSubsystemIOS
LogPluginManager: Mounting plugin OnlineSubsystem
LogPluginManager: Mounting plugin OnlineSubsystemNull
LogPluginManager: Mounting plugin OnlineSubsystemUtils
LogPluginManager: Mounting plugin LauncherChunkInstaller
LogPluginManager: Mounting plugin AndroidDeviceProfileSelector
LogPluginManager: Mounting plugin AndroidMoviePlayer
LogPluginManager: Mounting plugin AndroidPermission
LogPluginManager: Mounting plugin AppleMoviePlayer
LogPluginManager: Mounting plugin ArchVisCharacter
LogPluginManager: Mounting plugin AudioCapture
LogPluginManager: Mounting plugin CableComponent
LogPluginManager: Mounting plugin CustomMeshComponent
LogPluginManager: Mounting plugin EditableMesh
LogPluginManager: Mounting plugin ExampleDeviceProfileSelector
LogPluginManager: Mounting plugin GoogleCloudMessaging
LogPluginManager: Mounting plugin ImmediatePhysics
LogPluginManager: Mounting plugin IOSDeviceProfileSelector
LogPluginManager: Mounting plugin LinuxDeviceProfileSelector
LogPluginManager: Mounting plugin LocationServicesBPLibrary
LogPluginManager: Mounting plugin MobilePatchingUtils
LogPluginManager: Mounting plugin OculusVR
LogPluginManager: Plugin shader directory ../../../Engine/Plugins/Runtime/Oculus/OculusVR/Shaders found
LogPluginManager: Mapping shader source directory ../../../Engine/Plugins/Runtime/Oculus/OculusVR/Shaders to virtual directory /Plugin/OculusVR
LogPluginManager: Mounting plugin PhysXVehicles
LogPluginManager: Mounting plugin ProceduralMeshComponent
LogPluginManager: Mounting plugin RuntimePhysXCooking
LogPluginManager: Mounting plugin SteamVR
LogPluginManager: Mounting plugin WindowsMoviePlayer
LogStreaming: Display: Took  0.083s to configure plugins.
LogInit: Using libcurl 7.55.1-DEV
LogInit:  - built for x86_64-pc-win32
LogInit:  - supports SSL with OpenSSL/1.0.2h
LogInit:  - supports HTTP deflate (compression) using libz 1.2.8
LogInit:  - other features:
LogInit:      CURL_VERSION_SSL
LogInit:      CURL_VERSION_LIBZ
LogInit:      CURL_VERSION_IPV6
LogInit:      CURL_VERSION_ASYNCHDNS
LogInit:      CURL_VERSION_LARGEFILE
LogInit:      CURL_VERSION_IDN
LogInit:  CurlRequestOptions (configurable via config and command line):
LogInit:  - bVerifyPeer = false  - Libcurl will NOT verify peer certificate
LogInit:  - bUseHttpProxy = false  - Libcurl will NOT use HTTP proxy
LogInit:  - bDontReuseConnections = false  - Libcurl will reuse connections
LogInit:  - CertBundlePath = nullptr  - Libcurl will use whatever was configured at build time.
LogInit:  - MaxHostConnections = 16  - Libcurl will limit the number of connections to a host
LogInit:  - LocalHostAddr = Default
LogInit:  - BufferSize = 65536
LogInit: WinSock: version 1.1 (2.2), MaxSocks=32767, MaxUdp=65467
LogHMD: Failed initializing OVRPlugin 1.25.0
LogInit: Build: ++UE4+Release-4.20-CL-4233996
LogInit: Engine Version: 4.20.1-4233996+++UE4+Release-4.20
LogInit: Compatible Engine Version: 4.20.0-4212847+++UE4+Release-4.20
LogInit: Net CL: 4212847
LogInit: OS: Windows 10 (), CPU: Intel(R) Core(TM) i7-7700 CPU @ 3.60GHz, GPU: NVIDIA GeForce GTX 1080
LogInit: Compiled (64-bit): Jul 26 2018 10:07:30
LogInit: Compiled with Visual C++: 19.13.26129.00
LogInit: Build Configuration: Development
LogInit: Branch Name: ++UE4+Release-4.20
LogInit: Command Line:  
LogInit: Base Directory: C:/apps/UE_4.20/Engine/Binaries/Win64/
LogInit: Installed Engine Build: 1
LogDevObjectVersion: Number of dev versions registered: 20
LogDevObjectVersion:   Dev-Blueprints (B0D832E4-1F89-4F0D-ACCF-7EB736FD4AA2): 10
LogDevObjectVersion:   Dev-Build (E1C64328-A22C-4D53-A36C-8E866417BD8C): 0
LogDevObjectVersion:   Dev-Core (375EC13C-06E4-48FB-B500-84F0262A717E): 2
LogDevObjectVersion:   Dev-Editor (E4B068ED-F494-42E9-A231-DA0B2E46BB41): 24
LogDevObjectVersion:   Dev-Framework (CFFC743F-43B0-4480-9391-14DF171D2073): 34
LogDevObjectVersion:   Dev-Mobile (B02B49B5-BB20-44E9-A304-32B752E40360): 2
LogDevObjectVersion:   Dev-Networking (A4E4105C-59A1-49B5-A7C5-40C4547EDFEE): 0
LogDevObjectVersion:   Dev-Online (39C831C9-5AE6-47DC-9A44-9C173E1C8E7C): 0
LogDevObjectVersion:   Dev-Physics (78F01B33-EBEA-4F98-B9B4-84EACCB95AA2): 0
LogDevObjectVersion:   Dev-Platform (6631380F-2D4D-43E0-8009-CF276956A95A): 0
LogDevObjectVersion:   Dev-Rendering (12F88B9F-8875-4AFC-A67C-D90C383ABD29): 26
LogDevObjectVersion:   Dev-Sequencer (7B5AE74C-D270-4C10-A958-57980B212A5A): 9
LogDevObjectVersion:   Dev-VR (D7296918-1DD6-4BDD-9DE2-64A83CC13884): 2
LogDevObjectVersion:   Dev-LoadTimes (C2A15278-BFE7-4AFE-6C17-90FF531DF755): 1
LogDevObjectVersion:   Private-Geometry (6EACA3D4-40EC-4CC1-B786-8BED09428FC5): 3
LogDevObjectVersion:   Dev-AnimPhys (29E575DD-E0A3-4627-9D10-D276232CDCEA): 17
LogDevObjectVersion:   Dev-ReflectionCapture (6B266CEC-1EC7-4B8F-A30B-E4D90942FC07): 1
LogDevObjectVersion:   Dev-Automation (0DF73D61-A23F-47EA-B727-89E90C41499A): 1
LogDevObjectVersion:   FortniteMain (601D1886-AC64-4F84-AA16-D3DE0DEAC7D6): 12
LogDevObjectVersion:   Dev-Enterprise (9DFFBCD6-494F-0158-E221-12823C92A888): 1
LogStreaming: Display: Took  0.000s to delete old logs.
LogInit: Presizing for max 8388607 objects, including 0 objects not considered by GC, pre-allocating 0 bytes for permanent pool.
LogInit: Object subsystem initialized
[2018.08.08-03.06.05:760][  0]LogInit: Selected Device Profile: [Windows]
[2018.08.08-03.06.05:760][  0]LogInit: Applying CVar settings loaded from the selected device profile: [Windows]
[2018.08.08-03.06.05:767][  0]LogHAL: Display: Platform has ~ 32 GB [34317541376 / 34359738368 / 32], which maps to Largest [LargestMinGB=32, LargerMinGB=12, DefaultMinGB=8, SmallerMinGB=6, SmallestMinGB=0)
[2018.08.08-03.06.05:767][  0]LogInit: Setting Device Profile CVar: [[r.Vulkan.UseRealUBs:1]]
[2018.08.08-03.06.05:767][  0]LogInit: Going up to parent DeviceProfile []
[2018.08.08-03.06.05:767][  0]LogInit: Computer: 1805C028
[2018.08.08-03.06.05:767][  0]LogInit: User: brandonvan7367
[2018.08.08-03.06.05:767][  0]LogInit: CPU Page size=4096, Cores=4
[2018.08.08-03.06.05:767][  0]LogInit: High frequency timer resolution =3.515628 MHz
[2018.08.08-03.06.05:767][  0]LogMemory: Memory total: Physical=32.0GB (32GB approx)
[2018.08.08-03.06.05:767][  0]LogMemory: Platform Memory Stats for Windows
[2018.08.08-03.06.05:767][  0]LogMemory: Process Physical Memory: 102.00 MB used, 102.00 MB peak
[2018.08.08-03.06.05:767][  0]LogMemory: Process Virtual Memory: 93.69 MB used, 93.69 MB peak
[2018.08.08-03.06.05:767][  0]LogMemory: Physical Memory: 9233.94 MB used,  23493.82 MB free, 32727.76 MB total
[2018.08.08-03.06.05:767][  0]LogMemory: Virtual Memory: 552.46 MB used,  23493.82 MB free, 134217728.00 MB total
[2018.08.08-03.06.05:788][  0]LogInit: Using OS detected language (en-US).
[2018.08.08-03.06.05:788][  0]LogInit: Using OS detected locale (en-US).
[2018.08.08-03.06.05:788][  0]LogTextLocalizationManager: No specific localization for 'en-US' exists, so the 'en' localization will be used.
[2018.08.08-03.06.06:068][  0]LogStreaming: Display: Took  0.280s to InitEngineTextLocalization.
[2018.08.08-03.06.06:069][  0]LogInit: Setting process to per monitor DPI aware
[2018.08.08-03.06.06:098][  0]LogSlate: New Slate User Created.  User Index 0, Is Virtual User: 0
[2018.08.08-03.06.06:098][  0]LogSlate: Slate User Registered.  User Index 0, Is Virtual User: 0
[2018.08.08-03.06.06:292][  0]LogHMD: Failed to initialize OpenVR with code 110
[2018.08.08-03.06.06:292][  0]LogD3D11RHI: D3D11 adapters:
[2018.08.08-03.06.06:347][  0]LogD3D11RHI:    0. 'NVIDIA GeForce GTX 1080' (Feature Level 11_0)
[2018.08.08-03.06.06:347][  0]LogD3D11RHI:       8086/0/16363 MB DedicatedVideo/DedicatedSystem/SharedSystem, Outputs:2, VendorId:0x10de
[2018.08.08-03.06.06:350][  0]LogD3D11RHI:    1. 'Microsoft Basic Render Driver' (Feature Level 11_0)
[2018.08.08-03.06.06:350][  0]LogD3D11RHI:       0/0/16363 MB DedicatedVideo/DedicatedSystem/SharedSystem, Outputs:0, VendorId:0x1414
[2018.08.08-03.06.06:350][  0]LogD3D11RHI: Chosen D3D11 Adapter: 0
[2018.08.08-03.06.06:356][  0]LogD3D11RHI: Creating new Direct3DDevice
[2018.08.08-03.06.06:356][  0]LogD3D11RHI:     GPU DeviceId: 0x1b80 (for the marketing name, search the web for "GPU Device Id")
[2018.08.08-03.06.06:356][  0]LogWindows: EnumDisplayDevices:
[2018.08.08-03.06.06:356][  0]LogWindows:    0. 'NVIDIA GeForce GTX 1080' (P:1 D:1)
[2018.08.08-03.06.06:356][  0]LogWindows:    1. 'NVIDIA GeForce GTX 1080' (P:0 D:1)
[2018.08.08-03.06.06:356][  0]LogWindows:    2. 'NVIDIA GeForce GTX 1080' (P:0 D:0)
[2018.08.08-03.06.06:356][  0]LogWindows:    3. 'NVIDIA GeForce GTX 1080' (P:0 D:0)
[2018.08.08-03.06.06:356][  0]LogWindows:    4. 'Mirage Driver' (P:0 D:0)
[2018.08.08-03.06.06:356][  0]LogWindows: DebugString: GetVideoDriverDetailsInvalid PrimaryIsNotTheChoosenAdapter FoundDriverCount:4 
[2018.08.08-03.06.06:356][  0]LogD3D11RHI:     Adapter Name: NVIDIA GeForce GTX 1080
[2018.08.08-03.06.06:356][  0]LogD3D11RHI:   Driver Version: 388.13 (internal:23.21.13.8813, unified:388.13)
[2018.08.08-03.06.06:356][  0]LogD3D11RHI:      Driver Date: 10-27-2017
[2018.08.08-03.06.06:356][  0]LogRHI: Texture pool is 5660 MB (70% of 8086 MB)
[2018.08.08-03.06.06:380][  0]LogD3D11RHI: Async texture creation enabled
[2018.08.08-03.06.06:390][  0]LogD3D11RHI: GPU Timing Frequency: 1000.000000 (Debug: 2 1)
[2018.08.08-03.06.06:474][  0]LogShaderCompilers: Guid format shader working directory is -12 characters bigger than the processId version (D:/Users/brandon.van7367/Documents/GitHub/Escape-Room/EscapeRoomNew/Intermediate/Shaders/WorkingDirectory/18740/).
[2018.08.08-03.06.06:475][  0]LogShaderCompilers: Cleaned the shader compiler working directory 'D:/Users/brandon.van7367/AppData/Local/Temp/UnrealShaderWorkingDir/D749A1F44B3B258D242CA396DC6E0E63/'.
[2018.08.08-03.06.06:678][  0]LogTemp: Display: Loaded TP AllDesktopTargetPlatform
[2018.08.08-03.06.06:689][  0]LogTemp: Display: Loaded TP MacClientTargetPlatform
[2018.08.08-03.06.06:700][  0]LogTemp: Display: Loaded TP MacNoEditorTargetPlatform
[2018.08.08-03.06.06:712][  0]LogTemp: Display: Loaded TP MacServerTargetPlatform
[2018.08.08-03.06.06:723][  0]LogTemp: Display: Loaded TP MacTargetPlatform
[2018.08.08-03.06.06:735][  0]LogTemp: Display: Loaded TP WindowsClientTargetPlatform
[2018.08.08-03.06.06:746][  0]LogTemp: Display: Loaded TP WindowsNoEditorTargetPlatform
[2018.08.08-03.06.06:757][  0]LogTemp: Display: Loaded TP WindowsServerTargetPlatform
[2018.08.08-03.06.06:762][  0]LogTemp: Display: Loaded TP WindowsTargetPlatform
[2018.08.08-03.06.06:828][  0]LogTemp: Display: Loaded TP AndroidTargetPlatform
[2018.08.08-03.06.06:828][  0]LogTemp: Display: Loaded TP AndroidTargetPlatform
[2018.08.08-03.06.06:828][  0]LogTemp: Display: Loaded TP AndroidTargetPlatform
[2018.08.08-03.06.06:828][  0]LogTemp: Display: Loaded TP AndroidTargetPlatform
[2018.08.08-03.06.06:828][  0]LogTemp: Display: Loaded TP AndroidTargetPlatform
[2018.08.08-03.06.06:828][  0]LogTemp: Display: Loaded TP AndroidTargetPlatform
[2018.08.08-03.06.06:828][  0]LogTemp: Display: Loaded TP AndroidTargetPlatform
[2018.08.08-03.06.06:828][  0]LogTemp: Display: Loaded TP AndroidTargetPlatform
[2018.08.08-03.06.06:828][  0]LogTemp: Display: Loaded TP AndroidTargetPlatform
[2018.08.08-03.06.06:828][  0]LogTemp: Display: Loaded TP AndroidTargetPlatform
[2018.08.08-03.06.06:829][  0]LogTemp: Display: Loaded TP AndroidTargetPlatform
[2018.08.08-03.06.06:829][  0]LogTemp: Display: Loaded TP AndroidTargetPlatform
[2018.08.08-03.06.06:829][  0]LogTemp: Display: Loaded TP AndroidTargetPlatform
[2018.08.08-03.06.06:829][  0]LogTemp: Display: Loaded TP AndroidTargetPlatform
[2018.08.08-03.06.06:829][  0]LogTemp: Display: Loaded TP AndroidTargetPlatform
[2018.08.08-03.06.06:829][  0]LogTemp: Display: Loaded TP AndroidTargetPlatform
[2018.08.08-03.06.06:829][  0]LogTemp: Display: Loaded TP AndroidTargetPlatform
[2018.08.08-03.06.06:829][  0]LogTemp: Display: Loaded TP AndroidTargetPlatform
[2018.08.08-03.06.06:830][  0]LogTemp: Display: Loaded TP HTML5TargetPlatform
[2018.08.08-03.06.06:887][  0]LogTemp: Display: Loaded TP IOSTargetPlatform
[2018.08.08-03.06.06:887][  0]LogTemp: Display: Loaded TP IOSTargetPlatform
[2018.08.08-03.06.06:906][  0]LogTemp: Display: Loaded TP TVOSTargetPlatform
[2018.08.08-03.06.06:906][  0]LogTemp: Display: Loaded TP TVOSTargetPlatform
[2018.08.08-03.06.06:917][  0]LogTemp: Display: Loaded TP LinuxClientTargetPlatform
[2018.08.08-03.06.06:927][  0]LogTemp: Display: Loaded TP LinuxNoEditorTargetPlatform
[2018.08.08-03.06.06:937][  0]LogTemp: Display: Loaded TP LinuxServerTargetPlatform
[2018.08.08-03.06.06:949][  0]LogTemp: Display: Loaded TP LinuxTargetPlatform
[2018.08.08-03.06.06:958][  0]LogTemp: Display: Loaded TP LuminTargetPlatform
[2018.08.08-03.06.06:958][  0]LogTargetPlatformManager: Display: Building Assets For Windows
[2018.08.08-03.06.07:009][  0]LogXGEController: Cleaning working directory: D:/Users/brandon.van7367/AppData/Local/Temp/UnrealXGEWorkingDir/
[2018.08.08-03.06.07:009][  0]LogXGEController: Cannot use XGE Controller as Incredibuild is not installed on this machine.
[2018.08.08-03.06.07:009][  0]LogShaderCompilers: Cannot use XGE Shader Compiler as Incredibuild is not installed on this machine.
[2018.08.08-03.06.07:009][  0]LogShaderCompilers: Display: Using Local Shader Compiler.
[2018.08.08-03.06.07:672][  0]LogDerivedDataCache: Display: Max Cache Size: 512 MB
[2018.08.08-03.06.07:715][  0]LogDerivedDataCache: Loaded boot cache 0.04s 73MB D:/Users/brandon.van7367/AppData/Local/UnrealEngine/4.20/DerivedDataCache/Boot.ddc.
[2018.08.08-03.06.07:715][  0]LogDerivedDataCache: Display: Loaded Boot cache: D:/Users/brandon.van7367/AppData/Local/UnrealEngine/4.20/DerivedDataCache/Boot.ddc
[2018.08.08-03.06.07:715][  0]LogDerivedDataCache: FDerivedDataBackendGraph:  Pak pak cache file D:/Users/brandon.van7367/Documents/GitHub/Escape-Room/EscapeRoomNew/DerivedDataCache/DDC.ddp not found, will not use a pak cache.
[2018.08.08-03.06.07:716][  0]LogDerivedDataCache: Unable to find inner node Pak for hierarchical cache Hierarchy.
[2018.08.08-03.06.07:716][  0]LogDerivedDataCache: FDerivedDataBackendGraph:  CompressedPak pak cache file D:/Users/brandon.van7367/Documents/GitHub/Escape-Room/EscapeRoomNew/DerivedDataCache/Compressed.ddp not found, will not use a pak cache.
[2018.08.08-03.06.07:716][  0]LogDerivedDataCache: Unable to find inner node CompressedPak for hierarchical cache Hierarchy.
[2018.08.08-03.06.07:726][  0]LogDerivedDataCache: Display: Pak cache opened for reading ../../../Engine/DerivedDataCache/Compressed.ddp.
[2018.08.08-03.06.07:738][  0]LogDerivedDataCache: Using Local data cache path D:/Users/brandon.van7367/AppData/Local/UnrealEngine/Common/DerivedDataCache: Writable
[2018.08.08-03.06.07:738][  0]LogDerivedDataCache: Shared data cache path not found in *engine.ini, will not use an Shared cache.
[2018.08.08-03.06.07:738][  0]LogDerivedDataCache: Unable to find inner node Shared for hierarchical cache Hierarchy.
[2018.08.08-03.06.07:752][  0]LogMaterial: Verifying Global Shaders for PCD3D_SM5
[2018.08.08-03.06.07:753][  0]LogSlate: Using FreeType 2.6.0
[2018.08.08-03.06.07:754][  0]LogSlate: SlateFontServices - WITH_FREETYPE: 1, WITH_HARFBUZZ: 1
[2018.08.08-03.06.07:823][  0]LogAssetRegistry: FAssetRegistry took 0.0251 seconds to start up
[2018.08.08-03.06.08:063][  0]LogInit: Selected Device Profile: [Windows]
[2018.08.08-03.06.08:171][  0]LogSimplygon: Simplygon DLL not present - disabling.
[2018.08.08-03.06.08:175][  0]LogMeshReduction: Using SimplygonSwarm for distributed automatic mesh merging
[2018.08.08-03.06.08:175][  0]LogMeshReduction: Using ProxyLODMeshReduction for automatic mesh merging
[2018.08.08-03.06.08:175][  0]LogMeshReduction: Using QuadricMeshReduction for automatic static mesh reduction
[2018.08.08-03.06.08:175][  0]LogMeshReduction: No automatic skeletal mesh reduction module available
[2018.08.08-03.06.08:188][  0]LogNetVersion: EscapeRoom 1.0.0, NetCL: 4212847, EngineNetVer: 5, GameNetVer: 0 (Checksum: 2545078580)
[2018.08.08-03.06.08:581][  0]LogPackageLocalizationCache: Processed 11 localized package path(s) for 2 prioritized culture(s) in 0.061800 seconds
[2018.08.08-03.06.08:585][  0]LogUObjectArray: 38425 objects as part of root set at end of initial load.
[2018.08.08-03.06.08:585][  0]LogUObjectAllocator: 6690864 out of 0 bytes used by permanent object pool.
[2018.08.08-03.06.08:585][  0]LogUObjectArray: CloseDisregardForGC: 0/0 objects in disregard for GC pool
[2018.08.08-03.06.09:319][  0]LogTcpMessaging: Initializing TcpMessaging bridge
[2018.08.08-03.06.09:331][  0]LogUdpMessaging: Initializing bridge on interface 0.0.0.0:0 to multicast group 230.0.0.1:6666.
[2018.08.08-03.06.09:503][  0]LogBlueprint: Warning: [Compiler ThirdPersonCharacter] No delegate property found for  NewEventDispatcher_0
[2018.08.08-03.06.09:505][  0]LogBlueprint: Warning: [Compiler ThirdPersonCharacter] [0004.88] Compile of ThirdPersonCharacter successful, but with 1 Warning(s) [in 2 ms] (/Game/ThirdPersonCPP/Blueprints/ThirdPersonCharacter.ThirdPersonCharacter)
[2018.08.08-03.06.09:581][  0]SourceControl: Source control is disabled
[2018.08.08-03.06.09:581][  0]SourceControl: Source control is disabled
[2018.08.08-03.06.09:583][  0]SourceControl: Source control is disabled
[2018.08.08-03.06.09:584][  0]SourceControl: Source control is disabled
[2018.08.08-03.06.09:745][  0]LogAndroidPermission: UAndroidPermissionCallbackProxy::GetInstance
[2018.08.08-03.06.09:779][  0]LogOcInput: OculusInput pre-init called
[2018.08.08-03.06.09:828][  0]LogEngine: Initializing Engine...
[2018.08.08-03.06.09:829][  0]LogHMD: Failed to initialize OpenVR with code 110
[2018.08.08-03.06.09:830][  0]LogStats: UGameplayTagsManager::ConstructGameplayTagTree: ImportINI prefixes -  0.000 s
[2018.08.08-03.06.09:830][  0]LogStats: UGameplayTagsManager::ConstructGameplayTagTree: Construct from data asset -  0.000 s
[2018.08.08-03.06.09:830][  0]LogStats: UGameplayTagsManager::ConstructGameplayTagTree: ImportINI -  0.000 s
[2018.08.08-03.06.09:830][  0]LogStats: UGameplayTagsManager::ConstructGameplayTagTree: GameplayTagTreeChangedEvent.Broadcast -  0.000 s
[2018.08.08-03.06.10:004][  0]LogInit: Initializing FReadOnlyCVARCache
[2018.08.08-03.06.10:016][  0]LogAIModule: Creating AISystem for world Untitled
[2018.08.08-03.06.10:022][  0]LogInit: XAudio2 using 'Headphones (High Definition Audio Device)' : 2 channels at 48 kHz using 16 bits per sample (channel mask 0x3)
[2018.08.08-03.06.10:036][  0]LogInit: FAudioDevice initialized.
[2018.08.08-03.06.10:036][  0]LogNetVersion: Set ProjectVersion to 1.0.0.0. Version Checksum will be recalculated on next use.
[2018.08.08-03.06.10:138][  0]LogDerivedDataCache: Saved boot cache 0.10s 73MB D:/Users/brandon.van7367/AppData/Local/UnrealEngine/4.20/DerivedDataCache/Boot.ddc.
[2018.08.08-03.06.10:141][  0]LogInit: Texture streaming: Enabled
[2018.08.08-03.06.10:155][  0]LogEngineSessionManager: EngineSessionManager initialized
[2018.08.08-03.06.10:166][  0]LogInit: Transaction tracking system initialized
[2018.08.08-03.06.10:185][  0]BlueprintLog: New page: Editor Load
[2018.08.08-03.06.10:275][  0]LocalizationService: Localization service is disabled
[2018.08.08-03.06.10:509][  0]LogCook: Display: Max memory allowance for cook 16384mb min free memory 0mb
[2018.08.08-03.06.10:509][  0]LogCook: Display: Mobile HDR setting 1
[2018.08.08-03.06.10:509][  0]LogGameplayTags: Display: UGameplayTagsManager::DoneAddingNativeTags. DelegateIsBound: 0
[2018.08.08-03.06.10:509][  0]LogStats: UGameplayTagsManager::ConstructGameplayTagTree: ImportINI prefixes -  0.000 s
[2018.08.08-03.06.10:509][  0]LogStats: UGameplayTagsManager::ConstructGameplayTagTree: Construct from data asset -  0.000 s
[2018.08.08-03.06.10:510][  0]LogStats: UGameplayTagsManager::ConstructGameplayTagTree: ImportINI -  0.000 s
[2018.08.08-03.06.10:510][  0]LogStats: UGameplayTagsManager::ConstructGameplayTagTree: GameplayTagTreeChangedEvent.Broadcast -  0.000 s
[2018.08.08-03.06.10:610][  0]LogFileCache: Scanning file cache for directory 'D:/Users/brandon.van7367/Documents/GitHub/Escape-Room/EscapeRoomNew/Content/' took 0.01s
[2018.08.08-03.06.10:610][  0]SourceControl: Source control is disabled
[2018.08.08-03.06.10:610][  0]Cmd: MAP LOAD FILE="D:/Users/brandon.van7367/Documents/GitHub/Escape-Room/EscapeRoomNew/Content/Maps/NewMap.umap" TEMPLATE=0 SHOWPROGRESS=1 FEATURELEVEL=3
[2018.08.08-03.06.10:610][  0]LightingResults: New page: Lighting Build
[2018.08.08-03.06.10:613][  0]MapCheck: New page: Map Check
[2018.08.08-03.06.10:613][  0]LightingResults: New page: Lighting Build
[2018.08.08-03.06.10:770][  0]LogAIModule: Creating AISystem for world NewMap
[2018.08.08-03.06.10:775][  0]LogEditorServer: Finished looking for orphan Actors (0.000 secs)
[2018.08.08-03.06.10:794][  0]Cmd: MAP CHECKDEP NOCLEARLOG
[2018.08.08-03.06.10:883][  0]MapCheck: Map check complete: 0 Error(s), 0 Warning(s), took 88.462ms to complete.
[2018.08.08-03.06.10:883][  0]LogFileHelpers: Loading map 'NewMap' took 0.273
[2018.08.08-03.06.10:974][  0]LogSlate: Updating window title bar state: overlay mode, drag disabled, window buttons hidden, title bar hidden
[2018.08.08-03.06.10:980][  0]LogSlate: Updating window title bar state: overlay mode, drag disabled, window buttons hidden, title bar hidden
[2018.08.08-03.06.10:986][  0]LogSlate: Updating window title bar state: overlay mode, drag disabled, window buttons hidden, title bar hidden
[2018.08.08-03.06.10:992][  0]LogSlate: Updating window title bar state: overlay mode, drag disabled, window buttons hidden, title bar hidden
[2018.08.08-03.06.10:997][  0]LogCollectionManager: Loaded 0 collections in 0.001177 seconds
[2018.08.08-03.06.11:039][  0]LogFileCache: Scanning file cache for directory 'D:/Users/brandon.van7367/Documents/GitHub/Escape-Room/EscapeRoomNew/Saved/Collections/' took 0.01s
[2018.08.08-03.06.11:039][  0]LogFileCache: Scanning file cache for directory 'D:/Users/brandon.van7367/Documents/GitHub/Escape-Room/EscapeRoomNew/Content/Developers/brandonvan7367/Collections/' took 0.01s
[2018.08.08-03.06.11:039][  0]LogFileCache: Scanning file cache for directory 'D:/Users/brandon.van7367/Documents/GitHub/Escape-Room/EscapeRoomNew/Content/Collections/' took 0.01s
[2018.08.08-03.06.11:039][  0]LogCollectionManager: Rebuilt the GUID cache for 0 collections in 0.000000 seconds
[2018.08.08-03.06.11:046][  0]LogContentBrowser: Native class hierarchy populated in 0.0078 seconds. Added 2574 classes and 605 folders.
[2018.08.08-03.06.11:052][  0]LogContentBrowser: Native class hierarchy updated for 'WidgetCarousel' in 0.0002 seconds. Added 0 classes and 0 folders.
[2018.08.08-03.06.11:080][  0]LogContentBrowser: Native class hierarchy updated for 'AddContentDialog' in 0.0002 seconds. Added 0 classes and 0 folders.
[2018.08.08-03.06.11:089][  0]LogContentBrowser: Native class hierarchy updated for 'SceneOutliner' in 0.0002 seconds. Added 1 classes and 2 folders.
[2018.08.08-03.06.11:095][  0]LogSlate: Took 0.000254 seconds to synchronously load lazily loaded font '../../../Engine/Content/Slate/Fonts/Roboto-Regular.ttf' (155K)
[2018.08.08-03.06.11:098][  0]LogSlate: Took 0.000309 seconds to synchronously load lazily loaded font '../../../Engine/Content/Slate/Fonts/Roboto-Bold.ttf' (160K)
[2018.08.08-03.06.11:102][  0]LogSlate: Took 0.000196 seconds to synchronously load lazily loaded font '../../../Engine/Content/Editor/Slate/Fonts/FontAwesome.ttf' (139K)
[2018.08.08-03.06.11:166][  0]LogRenderer: Reallocating scene render targets to support 1208x580 Format 10 NumSamples 1 (Frame:1).
[2018.08.08-03.06.11:280][  0]LogContentBrowser: Native class hierarchy updated for 'HierarchicalLODOutliner' in 0.0002 seconds. Added 0 classes and 0 folders.
[2018.08.08-03.06.11:280][  0]LogLoad: (Engine Initialization) Total time: 6.66 seconds
[2018.08.08-03.06.11:280][  0]LogLoad: (Engine Initialization) Total Blueprint compile time: 0.00 seconds
[2018.08.08-03.06.11:290][  0]LogWindowsTextInputMethodSystem: Display: IME system now deactivated.
[2018.08.08-03.06.11:307][  0]LogAssetRegistry: Asset discovery search completed in 3.5053 seconds
[2018.08.08-03.06.11:308][  0]LogCollectionManager: Rebuilt the object cache for 0 collections in 0.000000 seconds (found 0 objects)
[2018.08.08-03.06.11:308][  0]LogCollectionManager: Fixed up redirectors for 0 collections in 0.000038 seconds (updated 0 objects)
[2018.08.08-03.06.11:310][  0]LogContentStreaming: Texture pool size now 3000 MB
[2018.08.08-03.06.11:346][  0]LogSlate: Took 0.000158 seconds to synchronously load lazily loaded font '../../../Engine/Content/Slate/Fonts/Roboto-Light.ttf' (167K)
[2018.08.08-03.06.15:244][466]LogSlate: FSceneViewport::OnFocusLost() reason 0
[2018.08.08-03.06.15:311][474]LogTemp: Repeating last play command: Selected Viewport
[2018.08.08-03.06.15:320][474]LogBlueprintUserMessages: Early PlayInEditor Detection: Level '/Game/Maps/NewMap.NewMap:PersistentLevel' has LevelScriptBlueprint '/Game/Maps/NewMap.NewMap:PersistentLevel.NewMap' with GeneratedClass '/Game/Maps/NewMap.NewMap_C' with ClassGeneratedBy '/Game/Maps/NewMap.NewMap:PersistentLevel.NewMap'
[2018.08.08-03.06.15:320][474]LogPlayLevel: PlayLevel: No blueprints needed recompiling
[2018.08.08-03.06.15:332][474]PIE: New page: PIE session: NewMap (Aug 9, 2018, 3:06:15 AM)
[2018.08.08-03.06.15:332][474]LogPlayLevel: Creating play world package: /Game/Maps/UEDPIE_0_NewMap
[2018.08.08-03.06.15:337][474]LogPlayLevel: PIE: StaticDuplicateObject took: (0.004698s)
[2018.08.08-03.06.15:337][474]LogAIModule: Creating AISystem for world NewMap
[2018.08.08-03.06.15:337][474]LogPlayLevel: PIE: World Init took: (0.000727s)
[2018.08.08-03.06.15:337][474]LogPlayLevel: PIE: Created PIE world by copying editor world from /Game/Maps/NewMap.NewMap to /Game/Maps/UEDPIE_0_NewMap.NewMap (0.005536s)
[2018.08.08-03.06.15:357][474]LogInit: XAudio2 using 'Headphones (High Definition Audio Device)' : 2 channels at 48 kHz using 16 bits per sample (channel mask 0x3)
[2018.08.08-03.06.15:363][474]LogInit: FAudioDevice initialized.
[2018.08.08-03.06.15:406][474]LogLoad: Game class is 'EscapeRoomGameMode'
[2018.08.08-03.06.15:408][474]LogWorld: Bringing World /Game/Maps/UEDPIE_0_NewMap.NewMap up for play (max tick rate 0) at 2018.08.08-15.06.15
[2018.08.08-03.06.15:408][474]LogWorld: Bringing up level for play took: 0.000740
[2018.08.08-03.06.15:424][474]LogContentBrowser: Native class hierarchy updated for 'MovieSceneCapture' in 0.0003 seconds. Added 10 classes and 0 folders.
[2018.08.08-03.06.15:426][474]PIE: Play in editor start time for /Game/Maps/UEDPIE_0_NewMap 0.087
[2018.08.08-03.06.15:427][474]LogBlueprintUserMessages: Late PlayInEditor Detection: Level '/Game/Maps/NewMap.NewMap:PersistentLevel' has LevelScriptBlueprint '/Game/Maps/NewMap.NewMap:PersistentLevel.NewMap' with GeneratedClass '/Game/Maps/NewMap.NewMap_C' with ClassGeneratedBy '/Game/Maps/NewMap.NewMap:PersistentLevel.NewMap'
[2018.08.08-03.06.19:518][963]LogNet: Browse: /Game/Maps/NewMap
[2018.08.08-03.06.19:518][963]LogLoad: LoadMap: /Game/Maps/NewMap
[2018.08.08-03.06.19:538][963]LogPlayLevel: Creating play world package: /Game/Maps/UEDPIE_0_NewMap
[2018.08.08-03.06.19:541][963]LogPlayLevel: PIE: StaticDuplicateObject took: (0.003810s)
[2018.08.08-03.06.19:542][963]LogAIModule: Creating AISystem for world NewMap
[2018.08.08-03.06.19:542][963]LogPlayLevel: PIE: World Init took: (0.000762s)
[2018.08.08-03.06.19:542][963]LogPlayLevel: PIE: Created PIE world by copying editor world from /Game/Maps/NewMap.NewMap to /Game/Maps/UEDPIE_0_NewMap.NewMap (0.004713s)
[2018.08.08-03.06.19:542][963]LogLoad: Game class is 'EscapeRoomGameMode'
[2018.08.08-03.06.19:544][963]LogWorld: Bringing World /Game/Maps/UEDPIE_0_NewMap.NewMap up for play (max tick rate 0) at 2018.08.08-15.06.19
[2018.08.08-03.06.19:544][963]LogWorld: Bringing up level for play took: 0.000653
[2018.08.08-03.06.19:546][963]LogLoad: Took 0.026710 seconds to LoadMap(/Game/Maps/UEDPIE_0_NewMap)
[2018.08.08-03.06.25:600][689]LogNet: Browse: /Game/Maps/NewMap
[2018.08.08-03.06.25:601][689]LogLoad: LoadMap: /Game/Maps/NewMap
[2018.08.08-03.06.25:619][689]LogPlayLevel: Creating play world package: /Game/Maps/UEDPIE_0_NewMap
[2018.08.08-03.06.25:623][689]LogPlayLevel: PIE: StaticDuplicateObject took: (0.003651s)
[2018.08.08-03.06.25:624][689]LogAIModule: Creating AISystem for world NewMap
[2018.08.08-03.06.25:624][689]LogPlayLevel: PIE: World Init took: (0.000710s)
[2018.08.08-03.06.25:624][689]LogPlayLevel: PIE: Created PIE world by copying editor world from /Game/Maps/NewMap.NewMap to /Game/Maps/UEDPIE_0_NewMap.NewMap (0.004555s)
[2018.08.08-03.06.25:624][689]LogLoad: Game class is 'EscapeRoomGameMode'
[2018.08.08-03.06.25:625][689]LogWorld: Bringing World /Game/Maps/UEDPIE_0_NewMap.NewMap up for play (max tick rate 0) at 2018.08.08-15.06.25
[2018.08.08-03.06.25:626][689]LogWorld: Bringing up level for play took: 0.000747
[2018.08.08-03.06.25:627][689]LogLoad: Took 0.026556 seconds to LoadMap(/Game/Maps/UEDPIE_0_NewMap)
[2018.08.08-03.06.29:365][138]LogNet: Browse: /Game/Maps/NewMap
[2018.08.08-03.06.29:366][138]LogLoad: LoadMap: /Game/Maps/NewMap
[2018.08.08-03.06.29:384][138]LogPlayLevel: Creating play world package: /Game/Maps/UEDPIE_0_NewMap
[2018.08.08-03.06.29:387][138]LogPlayLevel: PIE: StaticDuplicateObject took: (0.003637s)
[2018.08.08-03.06.29:388][138]LogAIModule: Creating AISystem for world NewMap
[2018.08.08-03.06.29:388][138]LogPlayLevel: PIE: World Init took: (0.000539s)
[2018.08.08-03.06.29:388][138]LogPlayLevel: PIE: Created PIE world by copying editor world from /Game/Maps/NewMap.NewMap to /Game/Maps/UEDPIE_0_NewMap.NewMap (0.004324s)
[2018.08.08-03.06.29:388][138]LogLoad: Game class is 'EscapeRoomGameMode'
[2018.08.08-03.06.29:389][138]LogWorld: Bringing World /Game/Maps/UEDPIE_0_NewMap.NewMap up for play (max tick rate 0) at 2018.08.08-15.06.29
[2018.08.08-03.06.29:390][138]LogWorld: Bringing up level for play took: 0.000839
[2018.08.08-03.06.29:391][138]LogLoad: Took 0.025595 seconds to LoadMap(/Game/Maps/UEDPIE_0_NewMap)
[2018.08.08-03.06.31:738][420]LogNet: Browse: /Game/Maps/NewMap
[2018.08.08-03.06.31:738][420]LogLoad: LoadMap: /Game/Maps/NewMap
[2018.08.08-03.06.31:756][420]LogPlayLevel: Creating play world package: /Game/Maps/UEDPIE_0_NewMap
[2018.08.08-03.06.31:760][420]LogPlayLevel: PIE: StaticDuplicateObject took: (0.003659s)
[2018.08.08-03.06.31:760][420]LogAIModule: Creating AISystem for world NewMap
[2018.08.08-03.06.31:761][420]LogPlayLevel: PIE: World Init took: (0.000529s)
[2018.08.08-03.06.31:761][420]LogPlayLevel: PIE: Created PIE world by copying editor world from /Game/Maps/NewMap.NewMap to /Game/Maps/UEDPIE_0_NewMap.NewMap (0.004322s)
[2018.08.08-03.06.31:761][420]LogLoad: Game class is 'EscapeRoomGameMode'
[2018.08.08-03.06.31:762][420]LogWorld: Bringing World /Game/Maps/UEDPIE_0_NewMap.NewMap up for play (max tick rate 0) at 2018.08.08-15.06.31
[2018.08.08-03.06.31:762][420]LogWorld: Bringing up level for play took: 0.000707
[2018.08.08-03.06.31:764][420]LogLoad: Took 0.026288 seconds to LoadMap(/Game/Maps/UEDPIE_0_NewMap)
[2018.08.08-03.06.38:277][202]LogNet: Browse: /Game/Maps/NewMap
[2018.08.08-03.06.38:277][202]LogLoad: LoadMap: /Game/Maps/NewMap
[2018.08.08-03.06.38:296][202]LogPlayLevel: Creating play world package: /Game/Maps/UEDPIE_0_NewMap
[2018.08.08-03.06.38:299][202]LogPlayLevel: PIE: StaticDuplicateObject took: (0.003636s)
[2018.08.08-03.06.38:300][202]LogAIModule: Creating AISystem for world NewMap
[2018.08.08-03.06.38:300][202]LogPlayLevel: PIE: World Init took: (0.000750s)
[2018.08.08-03.06.38:300][202]LogPlayLevel: PIE: Created PIE world by copying editor world from /Game/Maps/NewMap.NewMap to /Game/Maps/UEDPIE_0_NewMap.NewMap (0.004549s)
[2018.08.08-03.06.38:300][202]LogLoad: Game class is 'EscapeRoomGameMode'
[2018.08.08-03.06.38:302][202]LogWorld: Bringing World /Game/Maps/UEDPIE_0_NewMap.NewMap up for play (max tick rate 0) at 2018.08.08-15.06.38
[2018.08.08-03.06.38:302][202]LogWorld: Bringing up level for play took: 0.000973
[2018.08.08-03.06.38:304][202]LogLoad: Took 0.026286 seconds to LoadMap(/Game/Maps/UEDPIE_0_NewMap)
[2018.08.08-03.06.40:500][466]LogNet: Browse: /Game/Maps/NewMap
[2018.08.08-03.06.40:501][466]LogLoad: LoadMap: /Game/Maps/NewMap
[2018.08.08-03.06.40:520][466]LogPlayLevel: Creating play world package: /Game/Maps/UEDPIE_0_NewMap
[2018.08.08-03.06.40:524][466]LogPlayLevel: PIE: StaticDuplicateObject took: (0.003742s)
[2018.08.08-03.06.40:524][466]LogAIModule: Creating AISystem for world NewMap
[2018.08.08-03.06.40:524][466]LogPlayLevel: PIE: World Init took: (0.000575s)
[2018.08.08-03.06.40:525][466]LogPlayLevel: PIE: Created PIE world by copying editor world from /Game/Maps/NewMap.NewMap to /Game/Maps/UEDPIE_0_NewMap.NewMap (0.004523s)
[2018.08.08-03.06.40:525][466]LogLoad: Game class is 'EscapeRoomGameMode'
[2018.08.08-03.06.40:526][466]LogWorld: Bringing World /Game/Maps/UEDPIE_0_NewMap.NewMap up for play (max tick rate 0) at 2018.08.08-15.06.40
[2018.08.08-03.06.40:526][466]LogWorld: Bringing up level for play took: 0.000723
[2018.08.08-03.06.40:528][466]LogLoad: Took 0.027293 seconds to LoadMap(/Game/Maps/UEDPIE_0_NewMap)
[2018.08.08-03.06.40:800][499]LogBlueprintUserMessages: Early EndPlayMap Detection: Level '/Game/Maps/NewMap.NewMap:PersistentLevel' has LevelScriptBlueprint '/Game/Maps/NewMap.NewMap:PersistentLevel.NewMap' with GeneratedClass '/Game/Maps/NewMap.NewMap_C' with ClassGeneratedBy '/Game/Maps/NewMap.NewMap:PersistentLevel.NewMap'
[2018.08.08-03.06.40:801][499]LogSlate: Updating window title bar state: overlay mode, drag disabled, window buttons hidden, title bar hidden
[2018.08.08-03.06.40:830][499]LogPlayLevel: Display: Shutting down PIE online subsystems
[2018.08.08-03.06.40:830][499]LogBlueprintUserMessages: Late EndPlayMap Detection: Level '/Game/Maps/NewMap.NewMap:PersistentLevel' has LevelScriptBlueprint '/Game/Maps/NewMap.NewMap:PersistentLevel.NewMap' with GeneratedClass '/Game/Maps/NewMap.NewMap_C' with ClassGeneratedBy '/Game/Maps/NewMap.NewMap:PersistentLevel.NewMap'
[2018.08.08-03.06.40:849][499]LogSlate: Updating window title bar state: overlay mode, drag disabled, window buttons hidden, title bar hidden
[2018.08.08-03.06.40:901][505]LogPlayLevel: Display: Destroying online subsystem :Context_2
[2018.08.08-03.07.07:751][727]LogSlate: FSceneViewport::OnFocusLost() reason 0
[2018.08.08-03.07.07:857][739]LogSlate: Took 0.000241 seconds to synchronously load lazily loaded font '../../../Engine/Content/Slate/Fonts/Roboto-Light.ttf' (167K)
[2018.08.08-03.07.07:862][739]LogAssetEditorManager: Opening Asset editor for Blueprint /Game/Blueprints/Rising_acid.Rising_acid
[2018.08.08-03.07.08:208][739]LogContentBrowser: Native class hierarchy updated for 'BlueprintGraph' in 0.0005 seconds. Added 116 classes and 0 folders.
[2018.08.08-03.07.08:805][739]LogSlate: Took 0.000271 seconds to synchronously load lazily loaded font '../../../Engine/Content/Slate/Fonts/Roboto-BoldCondensed.ttf' (158K)
[2018.08.08-03.07.09:575][826]LogSlate: Took 0.000276 seconds to synchronously load lazily loaded font '../../../Engine/Content/Slate/Fonts/Roboto-Italic.ttf' (157K)
[2018.08.08-03.07.11:022][993]LogRenderer: Reallocating scene render targets to support 1208x720 Format 10 NumSamples 1 (Frame:1).
[2018.08.08-03.07.12:693][182]LogSlate: FSceneViewport::OnFocusLost() reason 0
[2018.08.08-03.07.31:395][410]LogSlate: FSceneViewport::OnFocusLost() reason 0
[2018.08.08-03.07.54:385][155]LogSlate: FSceneViewport::OnFocusLost() reason 0
[2018.08.08-03.07.54:452][163]BlueprintLog: New page: Compile Rising_acid
[2018.08.08-03.07.56:149][347]LogTemp: Repeating last play command: Selected Viewport
[2018.08.08-03.07.56:162][347]LogBlueprintUserMessages: Early PlayInEditor Detection: Level '/Game/Maps/NewMap.NewMap:PersistentLevel' has LevelScriptBlueprint '/Game/Maps/NewMap.NewMap:PersistentLevel.NewMap' with GeneratedClass '/Game/Maps/NewMap.NewMap_C' with ClassGeneratedBy '/Game/Maps/NewMap.NewMap:PersistentLevel.NewMap'
[2018.08.08-03.07.56:162][347]LogPlayLevel: PlayLevel: No blueprints needed recompiling
[2018.08.08-03.07.56:162][347]PIE: New page: PIE session: NewMap (Aug 9, 2018, 3:07:56 AM)
[2018.08.08-03.07.56:162][347]LogPlayLevel: Creating play world package: /Game/Maps/UEDPIE_0_NewMap
[2018.08.08-03.07.56:167][347]LogPlayLevel: PIE: StaticDuplicateObject took: (0.004132s)
[2018.08.08-03.07.56:168][347]LogAIModule: Creating AISystem for world NewMap
[2018.08.08-03.07.56:168][347]LogPlayLevel: PIE: World Init took: (0.001185s)
[2018.08.08-03.07.56:168][347]LogPlayLevel: PIE: Created PIE world by copying editor world from /Game/Maps/NewMap.NewMap to /Game/Maps/UEDPIE_0_NewMap.NewMap (0.005431s)
[2018.08.08-03.07.56:195][347]LogInit: XAudio2 using 'Headphones (High Definition Audio Device)' : 2 channels at 48 kHz using 16 bits per sample (channel mask 0x3)
[2018.08.08-03.07.56:200][347]LogInit: FAudioDevice initialized.
[2018.08.08-03.07.56:230][347]LogLoad: Game class is 'EscapeRoomGameMode'
[2018.08.08-03.07.56:231][347]LogWorld: Bringing World /Game/Maps/UEDPIE_0_NewMap.NewMap up for play (max tick rate 0) at 2018.08.08-15.07.56
[2018.08.08-03.07.56:232][347]LogWorld: Bringing up level for play took: 0.000660
[2018.08.08-03.07.56:245][347]PIE: Play in editor start time for /Game/Maps/UEDPIE_0_NewMap 0.911
[2018.08.08-03.07.56:245][347]LogBlueprintUserMessages: Late PlayInEditor Detection: Level '/Game/Maps/NewMap.NewMap:PersistentLevel' has LevelScriptBlueprint '/Game/Maps/NewMap.NewMap:PersistentLevel.NewMap' with GeneratedClass '/Game/Maps/NewMap.NewMap_C' with ClassGeneratedBy '/Game/Maps/NewMap.NewMap:PersistentLevel.NewMap'
[2018.08.08-03.08.00:747][881]LogNet: Browse: /Game/Maps/NewMap
[2018.08.08-03.08.00:748][881]LogLoad: LoadMap: /Game/Maps/NewMap
[2018.08.08-03.08.00:774][881]LogPlayLevel: Creating play world package: /Game/Maps/UEDPIE_0_NewMap
[2018.08.08-03.08.00:778][881]LogPlayLevel: PIE: StaticDuplicateObject took: (0.004036s)
[2018.08.08-03.08.00:779][881]LogAIModule: Creating AISystem for world NewMap
[2018.08.08-03.08.00:779][881]LogPlayLevel: PIE: World Init took: (0.000837s)
[2018.08.08-03.08.00:779][881]LogPlayLevel: PIE: Created PIE world by copying editor world from /Game/Maps/NewMap.NewMap to /Game/Maps/UEDPIE_0_NewMap.NewMap (0.005032s)
[2018.08.08-03.08.00:779][881]LogLoad: Game class is 'EscapeRoomGameMode'
[2018.08.08-03.08.00:780][881]LogWorld: Bringing World /Game/Maps/UEDPIE_0_NewMap.NewMap up for play (max tick rate 0) at 2018.08.08-15.08.00
[2018.08.08-03.08.00:781][881]LogWorld: Bringing up level for play took: 0.000782
[2018.08.08-03.08.00:782][881]LogLoad: Took 0.034138 seconds to LoadMap(/Game/Maps/UEDPIE_0_NewMap)
[2018.08.08-03.08.08:960][862]LogNet: Browse: /Game/Maps/NewMap
[2018.08.08-03.08.08:960][862]LogLoad: LoadMap: /Game/Maps/NewMap
[2018.08.08-03.08.08:983][862]LogPlayLevel: Creating play world package: /Game/Maps/UEDPIE_0_NewMap
[2018.08.08-03.08.08:987][862]LogPlayLevel: PIE: StaticDuplicateObject took: (0.003973s)
[2018.08.08-03.08.08:988][862]LogAIModule: Creating AISystem for world NewMap
[2018.08.08-03.08.08:988][862]LogPlayLevel: PIE: World Init took: (0.000532s)
[2018.08.08-03.08.08:988][862]LogPlayLevel: PIE: Created PIE world by copying editor world from /Game/Maps/NewMap.NewMap to /Game/Maps/UEDPIE_0_NewMap.NewMap (0.004666s)
[2018.08.08-03.08.08:988][862]LogLoad: Game class is 'EscapeRoomGameMode'
[2018.08.08-03.08.08:990][862]LogWorld: Bringing World /Game/Maps/UEDPIE_0_NewMap.NewMap up for play (max tick rate 0) at 2018.08.08-15.08.08
[2018.08.08-03.08.08:990][862]LogWorld: Bringing up level for play took: 0.000893
[2018.08.08-03.08.08:991][862]LogLoad: Took 0.030988 seconds to LoadMap(/Game/Maps/UEDPIE_0_NewMap)
[2018.08.08-03.08.10:924][ 94]LogBlueprintUserMessages: Early EndPlayMap Detection: Level '/Game/Maps/NewMap.NewMap:PersistentLevel' has LevelScriptBlueprint '/Game/Maps/NewMap.NewMap:PersistentLevel.NewMap' with GeneratedClass '/Game/Maps/NewMap.NewMap_C' with ClassGeneratedBy '/Game/Maps/NewMap.NewMap:PersistentLevel.NewMap'
[2018.08.08-03.08.10:925][ 94]LogSlate: Updating window title bar state: overlay mode, drag disabled, window buttons hidden, title bar hidden
[2018.08.08-03.08.10:956][ 94]LogPlayLevel: Display: Shutting down PIE online subsystems
[2018.08.08-03.08.10:956][ 94]LogBlueprintUserMessages: Late EndPlayMap Detection: Level '/Game/Maps/NewMap.NewMap:PersistentLevel' has LevelScriptBlueprint '/Game/Maps/NewMap.NewMap:PersistentLevel.NewMap' with GeneratedClass '/Game/Maps/NewMap.NewMap_C' with ClassGeneratedBy '/Game/Maps/NewMap.NewMap:PersistentLevel.NewMap'
[2018.08.08-03.08.10:981][ 94]LogSlate: Updating window title bar state: overlay mode, drag disabled, window buttons hidden, title bar hidden
[2018.08.08-03.08.11:029][ 99]LogPlayLevel: Display: Destroying online subsystem :Context_6
[2018.08.08-03.08.12:261][245]LogSlate: FSceneViewport::OnFocusLost() reason 2
[2018.08.08-03.08.15:354][611]LogSlate: FSceneViewport::OnFocusLost() reason 0
[2018.08.08-03.08.21:777][380]LogSlate: FSceneViewport::OnFocusLost() reason 0
[2018.08.08-03.08.21:834][387]BlueprintLog: New page: Compile Rising_acid
[2018.08.08-03.08.23:766][601]LogTemp: Repeating last play command: Selected Viewport
[2018.08.08-03.08.23:780][601]LogBlueprintUserMessages: Early PlayInEditor Detection: Level '/Game/Maps/NewMap.NewMap:PersistentLevel' has LevelScriptBlueprint '/Game/Maps/NewMap.NewMap:PersistentLevel.NewMap' with GeneratedClass '/Game/Maps/NewMap.NewMap_C' with ClassGeneratedBy '/Game/Maps/NewMap.NewMap:PersistentLevel.NewMap'
[2018.08.08-03.08.23:780][601]LogPlayLevel: PlayLevel: No blueprints needed recompiling
[2018.08.08-03.08.23:780][601]PIE: New page: PIE session: NewMap (Aug 9, 2018, 3:08:23 AM)
[2018.08.08-03.08.23:780][601]LogPlayLevel: Creating play world package: /Game/Maps/UEDPIE_0_NewMap
[2018.08.08-03.08.23:784][601]LogPlayLevel: PIE: StaticDuplicateObject took: (0.003869s)
[2018.08.08-03.08.23:784][601]LogAIModule: Creating AISystem for world NewMap
[2018.08.08-03.08.23:785][601]LogPlayLevel: PIE: World Init took: (0.000629s)
[2018.08.08-03.08.23:785][601]LogPlayLevel: PIE: Created PIE world by copying editor world from /Game/Maps/NewMap.NewMap to /Game/Maps/UEDPIE_0_NewMap.NewMap (0.004618s)
[2018.08.08-03.08.23:812][601]LogInit: XAudio2 using 'Headphones (High Definition Audio Device)' : 2 channels at 48 kHz using 16 bits per sample (channel mask 0x3)
[2018.08.08-03.08.23:817][601]LogInit: FAudioDevice initialized.
[2018.08.08-03.08.23:847][601]LogLoad: Game class is 'EscapeRoomGameMode'
[2018.08.08-03.08.23:848][601]LogWorld: Bringing World /Game/Maps/UEDPIE_0_NewMap.NewMap up for play (max tick rate 0) at 2018.08.08-15.08.23
[2018.08.08-03.08.23:848][601]LogWorld: Bringing up level for play took: 0.000591
[2018.08.08-03.08.23:861][601]PIE: Play in editor start time for /Game/Maps/UEDPIE_0_NewMap 0.529
[2018.08.08-03.08.23:861][601]LogBlueprintUserMessages: Late PlayInEditor Detection: Level '/Game/Maps/NewMap.NewMap:PersistentLevel' has LevelScriptBlueprint '/Game/Maps/NewMap.NewMap:PersistentLevel.NewMap' with GeneratedClass '/Game/Maps/NewMap.NewMap_C' with ClassGeneratedBy '/Game/Maps/NewMap.NewMap:PersistentLevel.NewMap'
[2018.08.08-03.08.26:244][881]LogNet: Browse: /Game/Maps/NewMap
[2018.08.08-03.08.26:244][881]LogLoad: LoadMap: /Game/Maps/NewMap
[2018.08.08-03.08.26:270][881]LogPlayLevel: Creating play world package: /Game/Maps/UEDPIE_0_NewMap
[2018.08.08-03.08.26:273][881]LogPlayLevel: PIE: StaticDuplicateObject took: (0.003743s)
[2018.08.08-03.08.26:274][881]LogAIModule: Creating AISystem for world NewMap
[2018.08.08-03.08.26:274][881]LogPlayLevel: PIE: World Init took: (0.000583s)
[2018.08.08-03.08.26:274][881]LogPlayLevel: PIE: Created PIE world by copying editor world from /Game/Maps/NewMap.NewMap to /Game/Maps/UEDPIE_0_NewMap.NewMap (0.004462s)
[2018.08.08-03.08.26:274][881]LogLoad: Game class is 'EscapeRoomGameMode'
[2018.08.08-03.08.26:275][881]LogWorld: Bringing World /Game/Maps/UEDPIE_0_NewMap.NewMap up for play (max tick rate 0) at 2018.08.08-15.08.26
[2018.08.08-03.08.26:276][881]LogWorld: Bringing up level for play took: 0.000697
[2018.08.08-03.08.26:277][881]LogLoad: Took 0.032696 seconds to LoadMap(/Game/Maps/UEDPIE_0_NewMap)
[2018.08.08-03.08.28:162][107]LogNet: Browse: /Game/Maps/NewMap
[2018.08.08-03.08.28:162][107]LogLoad: LoadMap: /Game/Maps/NewMap
[2018.08.08-03.08.28:187][107]LogPlayLevel: Creating play world package: /Game/Maps/UEDPIE_0_NewMap
[2018.08.08-03.08.28:190][107]LogPlayLevel: PIE: StaticDuplicateObject took: (0.003590s)
[2018.08.08-03.08.28:191][107]LogAIModule: Creating AISystem for world NewMap
[2018.08.08-03.08.28:191][107]LogPlayLevel: PIE: World Init took: (0.000626s)
[2018.08.08-03.08.28:191][107]LogPlayLevel: PIE: Created PIE world by copying editor world from /Game/Maps/NewMap.NewMap to /Game/Maps/UEDPIE_0_NewMap.NewMap (0.004336s)
[2018.08.08-03.08.28:191][107]LogLoad: Game class is 'EscapeRoomGameMode'
[2018.08.08-03.08.28:192][107]LogWorld: Bringing World /Game/Maps/UEDPIE_0_NewMap.NewMap up for play (max tick rate 0) at 2018.08.08-15.08.28
[2018.08.08-03.08.28:192][107]LogWorld: Bringing up level for play took: 0.000595
[2018.08.08-03.08.28:194][107]LogLoad: Took 0.031803 seconds to LoadMap(/Game/Maps/UEDPIE_0_NewMap)
[2018.08.08-03.08.33:968][800]LogNet: Browse: /Game/Maps/NewMap
[2018.08.08-03.08.33:968][800]LogLoad: LoadMap: /Game/Maps/NewMap
[2018.08.08-03.08.33:993][800]LogPlayLevel: Creating play world package: /Game/Maps/UEDPIE_0_NewMap
[2018.08.08-03.08.33:997][800]LogPlayLevel: PIE: StaticDuplicateObject took: (0.003775s)
[2018.08.08-03.08.33:997][800]LogAIModule: Creating AISystem for world NewMap
[2018.08.08-03.08.33:997][800]LogPlayLevel: PIE: World Init took: (0.000547s)
[2018.08.08-03.08.33:997][800]LogPlayLevel: PIE: Created PIE world by copying editor world from /Game/Maps/NewMap.NewMap to /Game/Maps/UEDPIE_0_NewMap.NewMap (0.004458s)
[2018.08.08-03.08.33:997][800]LogLoad: Game class is 'EscapeRoomGameMode'
[2018.08.08-03.08.33:999][800]LogWorld: Bringing World /Game/Maps/UEDPIE_0_NewMap.NewMap up for play (max tick rate 0) at 2018.08.08-15.08.33
[2018.08.08-03.08.33:999][800]LogWorld: Bringing up level for play took: 0.000763
[2018.08.08-03.08.34:001][800]LogLoad: Took 0.032664 seconds to LoadMap(/Game/Maps/UEDPIE_0_NewMap)
[2018.08.08-03.08.39:392][447]LogNet: Browse: /Game/Maps/NewMap
[2018.08.08-03.08.39:392][447]LogLoad: LoadMap: /Game/Maps/NewMap
[2018.08.08-03.08.39:416][447]LogPlayLevel: Creating play world package: /Game/Maps/UEDPIE_0_NewMap
[2018.08.08-03.08.39:420][447]LogPlayLevel: PIE: StaticDuplicateObject took: (0.003698s)
[2018.08.08-03.08.39:420][447]LogAIModule: Creating AISystem for world NewMap
[2018.08.08-03.08.39:420][447]LogPlayLevel: PIE: World Init took: (0.000609s)
[2018.08.08-03.08.39:420][447]LogPlayLevel: PIE: Created PIE world by copying editor world from /Game/Maps/NewMap.NewMap to /Game/Maps/UEDPIE_0_NewMap.NewMap (0.004441s)
[2018.08.08-03.08.39:420][447]LogLoad: Game class is 'EscapeRoomGameMode'
[2018.08.08-03.08.39:422][447]LogWorld: Bringing World /Game/Maps/UEDPIE_0_NewMap.NewMap up for play (max tick rate 0) at 2018.08.08-15.08.39
[2018.08.08-03.08.39:422][447]LogWorld: Bringing up level for play took: 0.000733
[2018.08.08-03.08.39:424][447]LogLoad: Took 0.031600 seconds to LoadMap(/Game/Maps/UEDPIE_0_NewMap)
[2018.08.08-03.08.45:227][141]LogNet: Browse: /Game/Maps/NewMap
[2018.08.08-03.08.45:227][141]LogLoad: LoadMap: /Game/Maps/NewMap
[2018.08.08-03.08.45:252][141]LogPlayLevel: Creating play world package: /Game/Maps/UEDPIE_0_NewMap
[2018.08.08-03.08.45:255][141]LogPlayLevel: PIE: StaticDuplicateObject took: (0.003655s)
[2018.08.08-03.08.45:256][141]LogAIModule: Creating AISystem for world NewMap
[2018.08.08-03.08.45:256][141]LogPlayLevel: PIE: World Init took: (0.000602s)
[2018.08.08-03.08.45:256][141]LogPlayLevel: PIE: Created PIE world by copying editor world from /Game/Maps/NewMap.NewMap to /Game/Maps/UEDPIE_0_NewMap.NewMap (0.004397s)
[2018.08.08-03.08.45:256][141]LogLoad: Game class is 'EscapeRoomGameMode'
[2018.08.08-03.08.45:258][141]LogWorld: Bringing World /Game/Maps/UEDPIE_0_NewMap.NewMap up for play (max tick rate 0) at 2018.08.08-15.08.45
[2018.08.08-03.08.45:258][141]LogWorld: Bringing up level for play took: 0.000767
[2018.08.08-03.08.45:259][141]LogLoad: Took 0.031889 seconds to LoadMap(/Game/Maps/UEDPIE_0_NewMap)
[2018.08.08-03.08.51:058][837]LogNet: Browse: /Game/Maps/NewMap
[2018.08.08-03.08.51:058][837]LogLoad: LoadMap: /Game/Maps/NewMap
[2018.08.08-03.08.51:084][837]LogPlayLevel: Creating play world package: /Game/Maps/UEDPIE_0_NewMap
[2018.08.08-03.08.51:088][837]LogPlayLevel: PIE: StaticDuplicateObject took: (0.003687s)
[2018.08.08-03.08.51:088][837]LogAIModule: Creating AISystem for world NewMap
[2018.08.08-03.08.51:088][837]LogPlayLevel: PIE: World Init took: (0.000546s)
[2018.08.08-03.08.51:088][837]LogPlayLevel: PIE: Created PIE world by copying editor world from /Game/Maps/NewMap.NewMap to /Game/Maps/UEDPIE_0_NewMap.NewMap (0.004355s)
[2018.08.08-03.08.51:088][837]LogLoad: Game class is 'EscapeRoomGameMode'
[2018.08.08-03.08.51:090][837]LogWorld: Bringing World /Game/Maps/UEDPIE_0_NewMap.NewMap up for play (max tick rate 0) at 2018.08.08-15.08.51
[2018.08.08-03.08.51:090][837]LogWorld: Bringing up level for play took: 0.000744
[2018.08.08-03.08.51:092][837]LogLoad: Took 0.033197 seconds to LoadMap(/Game/Maps/UEDPIE_0_NewMap)
[2018.08.08-03.08.52:575][ 15]LogBlueprintUserMessages: Early EndPlayMap Detection: Level '/Game/Maps/NewMap.NewMap:PersistentLevel' has LevelScriptBlueprint '/Game/Maps/NewMap.NewMap:PersistentLevel.NewMap' with GeneratedClass '/Game/Maps/NewMap.NewMap_C' with ClassGeneratedBy '/Game/Maps/NewMap.NewMap:PersistentLevel.NewMap'
[2018.08.08-03.08.52:576][ 15]LogSlate: Updating window title bar state: overlay mode, drag disabled, window buttons hidden, title bar hidden
[2018.08.08-03.08.52:610][ 15]LogPlayLevel: Display: Shutting down PIE online subsystems
[2018.08.08-03.08.52:610][ 15]LogBlueprintUserMessages: Late EndPlayMap Detection: Level '/Game/Maps/NewMap.NewMap:PersistentLevel' has LevelScriptBlueprint '/Game/Maps/NewMap.NewMap:PersistentLevel.NewMap' with GeneratedClass '/Game/Maps/NewMap.NewMap_C' with ClassGeneratedBy '/Game/Maps/NewMap.NewMap:PersistentLevel.NewMap'
[2018.08.08-03.08.52:636][ 15]LogSlate: Updating window title bar state: overlay mode, drag disabled, window buttons hidden, title bar hidden
[2018.08.08-03.08.52:676][ 19]LogPlayLevel: Display: Destroying online subsystem :Context_7
[2018.08.08-03.14.54:597][431]LogSlate: FSceneViewport::OnFocusLost() reason 2
[2018.08.08-03.14.55:318][513]LogSlate: FSceneViewport::OnFocusLost() reason 2
[2018.08.08-03.14.55:431][513]Cmd: OBJ SAVEPACKAGE PACKAGE="/Game/Maps/NewMap" FILE="D:/Users/brandon.van7367/Documents/GitHub/Escape-Room/EscapeRoomNew/Content/Maps/NewMap.umap" SILENT=true AUTOSAVING=false KEEPDIRTY=false
[2018.08.08-03.14.55:585][513]LogSavePackage: Moving 'D:/Users/brandon.van7367/Documents/GitHub/Escape-Room/EscapeRoomNew/Saved/NewMap8F6AC50B4851359015BB1B9C53A1A714.tmp' to 'D:/Users/brandon.van7367/Documents/GitHub/Escape-Room/EscapeRoomNew/Content/Maps/NewMap.umap'
[2018.08.08-03.14.55:611][513]LogFileHelpers: Saving map 'NewMap' took 0.289
[2018.08.08-03.14.55:625][513]Cmd: OBJ SAVEPACKAGE PACKAGE="/Game/Blueprints/Rising_acid" FILE="D:/Users/brandon.van7367/Documents/GitHub/Escape-Room/EscapeRoomNew/Content/Blueprints/Rising_acid.uasset" SILENT=true
[2018.08.08-03.14.55:641][513]LogSavePackage: Moving 'D:/Users/brandon.van7367/Documents/GitHub/Escape-Room/EscapeRoomNew/Saved/Rising_acid20C3DCB741AB2B8035679D8625E5A8B4.tmp' to 'D:/Users/brandon.van7367/Documents/GitHub/Escape-Room/EscapeRoomNew/Content/Blueprints/Rising_acid.uasset'
[2018.08.08-03.14.56:379][601]LogSlate: FSceneViewport::OnFocusLost() reason 0
[2018.08.08-03.14.56:508][609]LogSlate: Window 'Rising_acid' being destroyed
[2018.08.08-03.14.56:561][609]LogSlate: Window 'EscapeRoom - Unreal Editor' being destroyed
[2018.08.08-03.14.56:562][609]LogWindowsTextInputMethodSystem: Display: IME system now deactivated.
[2018.08.08-03.14.56:714][610]Cmd: QUIT_EDITOR
[2018.08.08-03.14.56:930][610]LogExit: Preparing to exit.
[2018.08.08-03.14.57:504][610]LogExit: Editor shut down
[2018.08.08-03.14.57:504][610]LogExit: Transaction tracking system shut down
[2018.08.08-03.14.57:932][610]LogExit: Object subsystem successfully closed.
[2018.08.08-03.14.57:947][610]LogShaderCompilers: Display: Shaders left to compile 0
[2018.08.08-03.14.57:950][610]LogD3D11RHI: Shutdown
[2018.08.08-03.14.57:950][610]LogD3D11RHI: CleanupD3DDevice
[2018.08.08-03.14.57:953][610]LogD3D11RHI: ~FD3D11DynamicRHI
[2018.08.08-03.14.57:990][610]LogModuleManager: Shutting down and abandoning module BlueprintGraph (618)
[2018.08.08-03.14.57:990][610]LogModuleManager: Shutting down and abandoning module MovieSceneCapture (616)
[2018.08.08-03.14.57:990][610]LogModuleManager: Shutting down and abandoning module Voice (614)
[2018.08.08-03.14.57:990][610]LogModuleManager: Shutting down and abandoning module HierarchicalLODOutliner (612)
[2018.08.08-03.14.57:990][610]LogModuleManager: Shutting down and abandoning module SceneOutliner (610)
[2018.08.08-03.14.57:990][610]LogModuleManager: Shutting down and abandoning module AddContentDialog (608)
[2018.08.08-03.14.57:990][610]LogModuleManager: Shutting down and abandoning module WidgetCarousel (607)
[2018.08.08-03.14.57:990][610]LogModuleManager: Shutting down and abandoning module EditorWidgets (604)
[2018.08.08-03.14.57:990][610]LogModuleManager: Shutting down and abandoning module CollectionManager (602)
[2018.08.08-03.14.57:990][610]LogModuleManager: Shutting down and abandoning module StatsViewer (600)
[2018.08.08-03.14.57:990][610]LogModuleManager: Shutting down and abandoning module FoliageEdit (598)
[2018.08.08-03.14.57:990][610]LogModuleManager: Shutting down and abandoning module LandscapeEditor (596)
[2018.08.08-03.14.57:990][610]LogModuleManager: Shutting down and abandoning module MeshPaintMode (594)
[2018.08.08-03.14.57:990][610]LogModuleManager: Shutting down and abandoning module SceneDepthPickerMode (592)
[2018.08.08-03.14.57:990][610]LogModuleManager: Shutting down and abandoning module ActorPickerMode (590)
[2018.08.08-03.14.57:990][610]LogModuleManager: Shutting down and abandoning module GeometryMode (588)
[2018.08.08-03.14.57:990][610]LogModuleManager: Shutting down and abandoning module TextureAlignMode (586)
[2018.08.08-03.14.57:990][610]LogModuleManager: Shutting down and abandoning module BspMode (584)
[2018.08.08-03.14.57:990][610]LogModuleManager: Shutting down and abandoning module PIEPreviewDeviceProfileSelector (582)
[2018.08.08-03.14.57:990][610]LogModuleManager: Shutting down and abandoning module SequenceRecorderSections (580)
[2018.08.08-03.14.57:990][610]LogModuleManager: Shutting down and abandoning module AutomationWorker (578)
[2018.08.08-03.14.57:991][610]LogModuleManager: Shutting down and abandoning module AudioCaptureEditor (576)
[2018.08.08-03.14.57:991][610]LogModuleManager: Shutting down and abandoning module SequenceRecorder (575)
[2018.08.08-03.14.57:991][610]LogModuleManager: Shutting down and abandoning module MatineeToLevelSequence (572)
[2018.08.08-03.14.57:991][610]LogModuleManager: Shutting down and abandoning module LevelSequenceEditor (570)
[2018.08.08-03.14.57:991][610]LogModuleManager: Shutting down and abandoning module PlacementMode (569)
[2018.08.08-03.14.57:991][610]LogModuleManager: Shutting down and abandoning module MaterialEditor (568)
[2018.08.08-03.14.57:991][610]LogModuleManager: Shutting down and abandoning module WmfMediaFactory (564)
[2018.08.08-03.14.57:991][610]LogModuleManager: Shutting down and abandoning module WmfMediaEditor (562)
[2018.08.08-03.14.57:991][610]LogModuleManager: Shutting down and abandoning module MediaPlayerEditor (560)
[2018.08.08-03.14.57:991][610]LogModuleManager: Shutting down and abandoning module OpenExrWrapper (558)
[2018.08.08-03.14.57:991][610]LogModuleManager: Shutting down and abandoning module ImgMediaFactory (556)
[2018.08.08-03.14.57:991][610]LogModuleManager: Shutting down and abandoning module ImgMediaEditor (554)
[2018.08.08-03.14.57:991][610]LogModuleManager: Shutting down and abandoning module AvfMediaFactory (552)
[2018.08.08-03.14.57:991][610]LogModuleManager: Shutting down and abandoning module AvfMediaEditor (550)
[2018.08.08-03.14.57:991][610]LogModuleManager: Shutting down and abandoning module AndroidMediaFactory (548)
[2018.08.08-03.14.57:991][610]LogModuleManager: Shutting down and abandoning module AndroidMediaEditor (546)
[2018.08.08-03.14.57:991][610]LogModuleManager: Shutting down and abandoning module MagicLeapCameraPreviewFactory (544)
[2018.08.08-03.14.57:991][610]LogModuleManager: Shutting down and abandoning module MagicLeapMediaFactory (542)
[2018.08.08-03.14.57:991][610]LogModuleManager: Shutting down and abandoning module MagicLeapMediaEditor (540)
[2018.08.08-03.14.57:991][610]LogModuleManager: Shutting down and abandoning module CharacterAI (538)
[2018.08.08-03.14.57:991][610]LogModuleManager: Shutting down and abandoning module SmartSnapping (536)
[2018.08.08-03.14.57:991][610]LogModuleManager: Shutting down and abandoning module SessionServices (534)
[2018.08.08-03.14.57:991][610]LogModuleManager: Shutting down and abandoning module ViewportSnapping (532)
[2018.08.08-03.14.57:991][610]LogModuleManager: Shutting down and abandoning module ViewportInteraction (530)
[2018.08.08-03.14.57:991][610]LogModuleManager: Shutting down and abandoning module ClothPainter (528)
[2018.08.08-03.14.57:991][610]LogModuleManager: Shutting down and abandoning module SkeletalMeshEditor (527)
[2018.08.08-03.14.57:991][610]LogModuleManager: Shutting down and abandoning module LogVisualizer (524)
[2018.08.08-03.14.57:991][610]LogModuleManager: Shutting down and abandoning module IntroTutorials (522)
[2018.08.08-03.14.57:991][610]LogModuleManager: Shutting down and abandoning module GameProjectGeneration (521)
[2018.08.08-03.14.57:991][610]LogModuleManager: Shutting down and abandoning module LuminPlatformEditor (518)
[2018.08.08-03.14.57:991][610]LogModuleManager: Shutting down and abandoning module IOSPlatformEditor (516)
[2018.08.08-03.14.57:991][610]LogModuleManager: Shutting down and abandoning module HTML5PlatformEditor (514)
[2018.08.08-03.14.57:991][610]LogModuleManager: Shutting down and abandoning module AndroidPlatformEditor (512)
[2018.08.08-03.14.57:991][610]LogModuleManager: Shutting down and abandoning module AndroidDeviceDetection (511)
[2018.08.08-03.14.58:456][610]LogModuleManager: Shutting down and abandoning module WindowsPlatformEditor (508)
[2018.08.08-03.14.58:456][610]LogModuleManager: Shutting down and abandoning module LuminRuntimeSettings (506)
[2018.08.08-03.14.58:456][610]LogModuleManager: Shutting down and abandoning module IOSRuntimeSettings (504)
[2018.08.08-03.14.58:456][610]LogModuleManager: Shutting down and abandoning module AndroidRuntimeSettings (502)
[2018.08.08-03.14.58:456][610]LogModuleManager: Shutting down and abandoning module InputBindingEditor (500)
[2018.08.08-03.14.58:456][610]LogModuleManager: Shutting down and abandoning module MergeActors (498)
[2018.08.08-03.14.58:456][610]LogModuleManager: Shutting down and abandoning module LocalizationDashboard (496)
[2018.08.08-03.14.58:456][610]LogModuleManager: Shutting down and abandoning module LocalizationService (495)
[2018.08.08-03.14.58:456][610]LogModuleManager: Shutting down and abandoning module HardwareTargeting (492)
[2018.08.08-03.14.58:456][610]LogModuleManager: Shutting down and abandoning module DeviceProfileEditor (490)
[2018.08.08-03.14.58:456][610]LogModuleManager: Shutting down and abandoning module UndoHistory (488)
[2018.08.08-03.14.58:456][610]LogModuleManager: Shutting down and abandoning module XmlParser (486)
[2018.08.08-03.14.58:456][610]LogModuleManager: Shutting down and abandoning module Blutility (484)
[2018.08.08-03.14.58:456][610]LogModuleManager: Shutting down and abandoning module ProjectSettingsViewer (482)
[2018.08.08-03.14.58:456][610]LogModuleManager: Shutting down and abandoning module ProjectTargetPlatformEditor (481)
[2018.08.08-03.14.58:456][610]LogModuleManager: Shutting down and abandoning module EditorSettingsViewer (478)
[2018.08.08-03.14.58:456][610]LogModuleManager: Shutting down and abandoning module SettingsEditor (476)
[2018.08.08-03.14.58:456][610]LogModuleManager: Shutting down and abandoning module ProjectLauncher (474)
[2018.08.08-03.14.58:456][610]LogModuleManager: Shutting down and abandoning module SessionFrontend (472)
[2018.08.08-03.14.58:457][610]LogModuleManager: Shutting down and abandoning module ProfilerClient (470)
[2018.08.08-03.14.58:457][610]LogModuleManager: Shutting down and abandoning module DeviceManager (468)
[2018.08.08-03.14.58:457][610]LogModuleManager: Shutting down and abandoning module TargetDeviceServices (467)
[2018.08.08-03.14.58:521][610]LogModuleManager: Shutting down and abandoning module AutomationController (464)
[2018.08.08-03.14.58:521][610]LogModuleManager: Shutting down and abandoning module AutomationWindow (462)
[2018.08.08-03.14.58:521][610]LogModuleManager: Shutting down and abandoning module Layers (460)
[2018.08.08-03.14.58:521][610]LogModuleManager: Shutting down and abandoning module ComponentVisualizers (458)
[2018.08.08-03.14.58:521][610]LogModuleManager: Shutting down and abandoning module DetailCustomizations (456)
[2018.08.08-03.14.58:521][610]LogModuleManager: Shutting down and abandoning module PackagesDialog (454)
[2018.08.08-03.14.58:521][610]LogModuleManager: Shutting down and abandoning module Persona (452)
[2018.08.08-03.14.58:521][610]LogModuleManager: Shutting down and abandoning module AdvancedPreviewScene (451)
[2018.08.08-03.14.58:521][610]LogModuleManager: Shutting down and abandoning module AnimGraph (449)
[2018.08.08-03.14.58:521][610]LogModuleManager: Shutting down and abandoning module Kismet (446)
[2018.08.08-03.14.58:524][610]LogModuleManager: Shutting down and abandoning module GraphEditor (444)
[2018.08.08-03.14.58:524][610]LogModuleManager: Shutting down and abandoning module ClassViewer (442)
[2018.08.08-03.14.58:524][610]LogModuleManager: Shutting down and abandoning module Toolbox (440)
[2018.08.08-03.14.58:524][610]LogModuleManager: Shutting down and abandoning module DesktopPlatform (439)
[2018.08.08-03.14.58:524][610]LogModuleManager: Shutting down and abandoning module ModuleUI (436)
[2018.08.08-03.14.58:524][610]LogModuleManager: Shutting down and abandoning module MovieSceneTools (434)
[2018.08.08-03.14.58:524][610]LogModuleManager: Shutting down and abandoning module OutputLog (432)
[2018.08.08-03.14.58:525][610]LogModuleManager: Shutting down and abandoning module GammaUI (430)
[2018.08.08-03.14.58:525][610]LogModuleManager: Shutting down and abandoning module Documentation (428)
[2018.08.08-03.14.58:525][610]LogModuleManager: Shutting down and abandoning module MovieSceneTracks (426)
[2018.08.08-03.14.58:525][610]LogModuleManager: Shutting down and abandoning module MovieScene (424)
[2018.08.08-03.14.58:525][610]LogModuleManager: Shutting down and abandoning module StreamingPauseRendering (422)
[2018.08.08-03.14.58:525][610]LogModuleManager: Shutting down and abandoning module LauncherPlatform (420)
[2018.08.08-03.14.58:525][610]LogModuleManager: Shutting down and abandoning module AnalyticsET (418)
[2018.08.08-03.14.58:525][610]LogModuleManager: Shutting down and abandoning module PortalServices (416)
[2018.08.08-03.14.58:525][610]LogModuleManager: Shutting down and abandoning module PortalRpc (414)
[2018.08.08-03.14.58:525][610]LogModuleManager: Shutting down and abandoning module MessagingRpc (412)
[2018.08.08-03.14.58:525][610]LogModuleManager: Shutting down and abandoning module AIModule (410)
[2018.08.08-03.14.58:525][610]LogModuleManager: Shutting down and abandoning module GameplayDebugger (409)
[2018.08.08-03.14.58:525][610]LogModuleManager: Shutting down and abandoning module AITestSuite (407)
[2018.08.08-03.14.58:525][610]LogModuleManager: Shutting down and abandoning module NavigationSystem (405)
[2018.08.08-03.14.58:525][610]LogModuleManager: Shutting down and abandoning module ProfilerService (402)
[2018.08.08-03.14.58:550][610]LogModuleManager: Shutting down and abandoning module TaskGraph (400)
[2018.08.08-03.14.58:550][610]LogModuleManager: Shutting down and abandoning module SteamVRController (398)
[2018.08.08-03.14.58:550][610]LogModuleManager: Shutting down and abandoning module ProceduralMeshComponentEditor (396)
[2018.08.08-03.14.58:550][610]LogModuleManager: Shutting down and abandoning module ProceduralMeshComponent (394)
[2018.08.08-03.14.58:550][610]LogModuleManager: Shutting down and abandoning module OculusInput (392)
[2018.08.08-03.14.58:550][610]LogModuleManager: Shutting down and abandoning module MobilePatchingUtils (390)
[2018.08.08-03.14.58:550][610]LogModuleManager: Shutting down and abandoning module EditableMesh (388)
[2018.08.08-03.14.58:550][610]LogModuleManager: Shutting down and abandoning module CustomMeshComponent (386)
[2018.08.08-03.14.58:550][610]LogModuleManager: Shutting down and abandoning module CableComponent (384)
[2018.08.08-03.14.58:550][610]LogModuleManager: Shutting down and abandoning module AudioCapture (382)
[2018.08.08-03.14.58:550][610]LogModuleManager: Shutting down and abandoning module ArchVisCharacter (380)
[2018.08.08-03.14.58:550][610]LogModuleManager: Shutting down and abandoning module AndroidPermission (378)
[2018.08.08-03.14.58:550][610]LogModuleManager: Shutting down and abandoning module NUTUnrealEngine4 (376)
[2018.08.08-03.14.58:550][610]LogModuleManager: Shutting down and abandoning module NetcodeUnitTest (374)
[2018.08.08-03.14.58:550][610]LogModuleManager: Shutting down and abandoning module MediaCompositingEditor (372)
[2018.08.08-03.14.58:551][610]LogModuleManager: Shutting down and abandoning module MediaCompositing (370)
[2018.08.08-03.14.58:551][610]LogModuleManager: Shutting down and abandoning module LinearTimecode (368)
[2018.08.08-03.14.58:551][610]LogModuleManager: Shutting down and abandoning module ImgMedia (366)
[2018.08.08-03.14.58:553][610]LogModuleManager: Shutting down and abandoning module HTML5Networking (364)
[2018.08.08-03.14.58:553][610]LogModuleManager: Shutting down and abandoning module GeometryCacheTracks (362)
[2018.08.08-03.14.58:553][610]LogModuleManager: Shutting down and abandoning module GeometryCacheSequencer (360)
[2018.08.08-03.14.58:553][610]LogModuleManager: Shutting down and abandoning module BackChannel (358)
[2018.08.08-03.14.58:553][610]LogModuleManager: Shutting down and abandoning module AppleVision (356)
[2018.08.08-03.14.58:553][610]LogModuleManager: Shutting down and abandoning module AppleImageUtils (354)
[2018.08.08-03.14.58:553][610]LogModuleManager: Shutting down and abandoning module AlembicImporter (352)
[2018.08.08-03.14.58:553][610]LogModuleManager: Shutting down and abandoning module AlembicLibrary (351)
[2018.08.08-03.14.58:553][610]LogModuleManager: Shutting down and abandoning module GeometryCache (350)
[2018.08.08-03.14.58:553][610]LogModuleManager: Shutting down and abandoning module GeometryCacheEd (349)
[2018.08.08-03.14.58:553][610]LogModuleManager: Shutting down and abandoning module DatasmithContentEditor (344)
[2018.08.08-03.14.58:553][610]LogModuleManager: Shutting down and abandoning module DatasmithContent (342)
[2018.08.08-03.14.58:553][610]LogModuleManager: Shutting down and abandoning module SpeedTreeImporter (340)
[2018.08.08-03.14.58:553][610]LogModuleManager: Shutting down and abandoning module PluginBrowser (338)
[2018.08.08-03.14.58:554][610]LogModuleManager: Shutting down and abandoning module MobileLauncherProfileWizard (336)
[2018.08.08-03.14.58:554][610]LogModuleManager: Shutting down and abandoning module PolygonModeling (334)
[2018.08.08-03.14.58:554][610]LogModuleManager: Shutting down and abandoning module MeshEditor (332)
[2018.08.08-03.14.58:554][610]LogModuleManager: Shutting down and abandoning module CryptoKeysOpenSSL (330)
[2018.08.08-03.14.58:554][610]LogModuleManager: Shutting down and abandoning module CryptoKeys (328)
[2018.08.08-03.14.58:554][610]LogModuleManager: Shutting down and abandoning module VisualStudioSourceCodeAccess (326)
[2018.08.08-03.14.58:554][610]LogModuleManager: Shutting down and abandoning module VisualStudioCodeSourceCodeAccess (324)
[2018.08.08-03.14.58:554][610]LogModuleManager: Shutting down and abandoning module UObjectPlugin (322)
[2018.08.08-03.14.58:554][610]LogModuleManager: Shutting down and abandoning module SubversionSourceControl (320)
[2018.08.08-03.14.58:554][610]LogModuleManager: Shutting down and abandoning module PerforceSourceControl (318)
[2018.08.08-03.14.58:554][610]LogModuleManager: Shutting down and abandoning module GitSourceControl (316)
[2018.08.08-03.14.58:554][610]LogModuleManager: Shutting down and abandoning module SourceControl (315)
[2018.08.08-03.14.58:554][610]LogModuleManager: Shutting down and abandoning module CLionSourceCodeAccess (312)
[2018.08.08-03.14.58:554][610]LogModuleManager: Shutting down and abandoning module LightPropagationVolumeEditor (310)
[2018.08.08-03.14.58:554][610]LogModuleManager: Shutting down and abandoning module PaperTiledImporter (308)
[2018.08.08-03.14.58:554][610]LogModuleManager: Shutting down and abandoning module PaperSpriteSheetImporter (306)
[2018.08.08-03.14.58:554][610]LogModuleManager: Shutting down and abandoning module Paper2DEditor (304)
[2018.08.08-03.14.58:554][610]LogModuleManager: Shutting down and abandoning module MeshPaint (303)
[2018.08.08-03.14.58:554][610]LogModuleManager: Shutting down and abandoning module EscapeRoom (300)
[2018.08.08-03.14.58:554][610]LogModuleManager: Shutting down and abandoning module RuntimePhysXCooking (298)
[2018.08.08-03.14.58:554][610]LogModuleManager: Shutting down and abandoning module PhysXVehiclesEditor (296)
[2018.08.08-03.14.58:554][610]LogModuleManager: Shutting down and abandoning module PhysXVehicles (294)
[2018.08.08-03.14.58:554][610]LogModuleManager: Shutting down and abandoning module OculusEditor (292)
[2018.08.08-03.14.58:554][610]LogModuleManager: Shutting down and abandoning module LocationServicesBPLibrary (290)
[2018.08.08-03.14.58:554][610]LogModuleManager: Shutting down and abandoning module ImmediatePhysicsEditor (288)
[2018.08.08-03.14.58:554][610]LogModuleManager: Shutting down and abandoning module ImmediatePhysics (286)
[2018.08.08-03.14.58:554][610]LogModuleManager: Shutting down and abandoning module ActorSequence (284)
[2018.08.08-03.14.58:554][610]LogModuleManager: Shutting down and abandoning module UdpMessaging (282)
[2018.08.08-03.14.58:655][610]LogModuleManager: Shutting down and abandoning module TcpMessaging (280)
[2018.08.08-03.14.58:756][610]LogModuleManager: Shutting down and abandoning module MagicLeapAudio (278)
[2018.08.08-03.14.58:756][610]LogModuleManager: Shutting down and abandoning module GameplayTagsEditor (276)
[2018.08.08-03.14.58:756][610]LogModuleManager: Shutting down and abandoning module FacialAnimationEditor (274)
[2018.08.08-03.14.58:756][610]LogModuleManager: Shutting down and abandoning module FacialAnimation (272)
[2018.08.08-03.14.58:756][610]LogModuleManager: Shutting down and abandoning module DataValidation (270)
[2018.08.08-03.14.58:756][610]LogModuleManager: Shutting down and abandoning module AssetManagerEditor (268)
[2018.08.08-03.14.58:756][610]LogModuleManager: Shutting down and abandoning module LevelEditor (267)
[2018.08.08-03.14.58:756][610]LogModuleManager: Shutting down and abandoning module PixelInspectorModule (266)
[2018.08.08-03.14.58:756][610]LogModuleManager: Shutting down and abandoning module CommonMenuExtensions (264)
[2018.08.08-03.14.58:756][610]LogModuleManager: Shutting down and abandoning module MainFrame (262)
[2018.08.08-03.14.58:756][610]LogModuleManager: Shutting down and abandoning module HotReload (261)
[2018.08.08-03.14.58:757][610]LogModuleManager: Shutting down and abandoning module ContentBrowser (257)
[2018.08.08-03.14.58:758][610]LogModuleManager: Shutting down and abandoning module TreeMap (255)
[2018.08.08-03.14.58:758][610]LogModuleManager: Shutting down and abandoning module LightPropagationVolumeRuntime (252)
[2018.08.08-03.14.58:758][610]LogModuleManager: Shutting down and abandoning module AISupportModule (250)
[2018.08.08-03.14.58:758][610]LogModuleManager: Shutting down and abandoning module Paper2D (248)
[2018.08.08-03.14.58:758][610]LogModuleManager: Shutting down and abandoning module WindowsMoviePlayer (246)
[2018.08.08-03.14.58:758][610]LogModuleManager: Shutting down and abandoning module WmfMedia (244)
[2018.08.08-03.14.58:759][610]LogModuleManager: Shutting down and abandoning module Media (243)
[2018.08.08-03.14.58:765][610]LogModuleManager: Shutting down and abandoning module PacketHandler (240)
[2018.08.08-03.14.58:765][610]LogModuleManager: Shutting down and abandoning module ClothingSystemEditor (238)
[2018.08.08-03.14.58:765][610]LogModuleManager: Shutting down and abandoning module ClothingSystemRuntime (236)
[2018.08.08-03.14.58:765][610]LogModuleManager: Shutting down and abandoning module MediaAssets (234)
[2018.08.08-03.14.58:765][610]LogModuleManager: Shutting down and abandoning module Overlay (232)
[2018.08.08-03.14.58:765][610]LogModuleManager: Shutting down and abandoning module OverlayEditor (231)
[2018.08.08-03.14.58:765][610]LogModuleManager: Shutting down and abandoning module VREditor (228)
[2018.08.08-03.14.58:765][610]LogModuleManager: Shutting down and abandoning module StringTableEditor (226)
[2018.08.08-03.14.58:765][610]LogModuleManager: Shutting down and abandoning module GameplayTasksEditor (224)
[2018.08.08-03.14.58:765][610]LogModuleManager: Shutting down and abandoning module BehaviorTreeEditor (222)
[2018.08.08-03.14.58:765][610]LogModuleManager: Shutting down and abandoning module FunctionalTesting (220)
[2018.08.08-03.14.58:765][610]LogModuleManager: Shutting down and abandoning module CollisionAnalyzer (218)
[2018.08.08-03.14.58:765][610]LogModuleManager: Shutting down and abandoning module WorkspaceMenuStructure (217)
[2018.08.08-03.14.58:765][610]LogModuleManager: Shutting down and abandoning module UMG (214)
[2018.08.08-03.14.58:765][610]LogModuleManager: Shutting down and abandoning module UMGEditor (213)
[2018.08.08-03.14.58:765][610]LogModuleManager: Shutting down and abandoning module Sequencer (212)
[2018.08.08-03.14.58:765][610]LogModuleManager: Shutting down and abandoning module MessageLog (209)
[2018.08.08-03.14.58:765][610]LogModuleManager: Shutting down and abandoning module SlateReflector (204)
[2018.08.08-03.14.58:765][610]LogModuleManager: Shutting down and abandoning module Slate (202)
[2018.08.08-03.14.58:765][610]LogModuleManager: Shutting down and abandoning module EditorStyle (200)
[2018.08.08-03.14.58:766][610]LogModuleManager: Shutting down and abandoning module MRMesh (198)
[2018.08.08-03.14.58:766][610]LogModuleManager: Shutting down and abandoning module SourceCodeAccess (196)
[2018.08.08-03.14.58:767][610]LogModuleManager: Shutting down and abandoning module HeadMountedDisplay (194)
[2018.08.08-03.14.58:767][610]LogModuleManager: Shutting down and abandoning module XAudio2 (192)
[2018.08.08-03.14.58:767][610]LogModuleManager: Shutting down and abandoning module Networking (190)
[2018.08.08-03.14.58:767][610]LogModuleManager: Shutting down and abandoning module Core (188)
[2018.08.08-03.14.58:767][610]LogModuleManager: Shutting down and abandoning module LevelSequence (186)
[2018.08.08-03.14.58:767][610]LogModuleManager: Shutting down and abandoning module KismetCompiler (184)
[2018.08.08-03.14.58:767][610]LogModuleManager: Shutting down and abandoning module MeshUtilities (182)
[2018.08.08-03.14.58:767][610]LogModuleManager: Shutting down and abandoning module MeshMergeUtilities (181)
[2018.08.08-03.14.58:767][610]LogModuleManager: Shutting down and abandoning module MeshReductionInterface (180)
[2018.08.08-03.14.58:767][610]LogModuleManager: Shutting down and abandoning module SimplygonSwarm (179)
[2018.08.08-03.14.58:767][610]LogModuleManager: Shutting down and abandoning module ProxyLODMeshReduction (177)
[2018.08.08-03.14.58:767][610]LogModuleManager: Shutting down and abandoning module SimplygonMeshReduction (175)
[2018.08.08-03.14.58:767][610]LogModuleManager: Shutting down and abandoning module QuadricMeshReduction (173)
[2018.08.08-03.14.58:767][610]LogModuleManager: Shutting down and abandoning module MaterialBaking (169)
[2018.08.08-03.14.58:767][610]LogModuleManager: Shutting down and abandoning module DirectoryWatcher (165)
[2018.08.08-03.14.58:767][610]LogModuleManager: Shutting down and abandoning module DerivedDataCache (162)
[2018.08.08-03.14.58:768][610]LogDerivedDataCache: Shutdown
[2018.08.08-03.14.58:768][610]LogModuleManager: Shutting down and abandoning module XGEController (160)
[2018.08.08-03.14.58:768][610]LogXGEController: Cleaning working directory: D:/Users/brandon.van7367/AppData/Local/Temp/UnrealXGEWorkingDir/
[2018.08.08-03.14.58:768][610]LogModuleManager: Shutting down and abandoning module TargetPlatform (158)
[2018.08.08-03.14.58:768][610]LogModuleManager: Shutting down and abandoning module VulkanShaderFormat (157)
[2018.08.08-03.14.58:768][610]LogModuleManager: Shutting down and abandoning module ShaderFormatVectorVM (155)
[2018.08.08-03.14.58:768][610]LogModuleManager: Shutting down and abandoning module ShaderFormatOpenGL (153)
[2018.08.08-03.14.58:768][610]LogModuleManager: Shutting down and abandoning module ShaderFormatD3D (151)
[2018.08.08-03.14.58:768][610]LogModuleManager: Shutting down and abandoning module MetalShaderFormat (149)
[2018.08.08-03.14.58:769][610]LogModuleManager: Shutting down and abandoning module TextureFormatUncompressed (147)
[2018.08.08-03.14.58:769][610]LogModuleManager: Shutting down and abandoning module TextureFormatPVR (145)
[2018.08.08-03.14.58:769][610]LogModuleManager: Shutting down and abandoning module TextureFormatDXT (143)
[2018.08.08-03.14.58:769][610]LogModuleManager: Shutting down and abandoning module TextureFormatIntelISPCTexComp (141)
[2018.08.08-03.14.58:769][610]LogModuleManager: Shutting down and abandoning module TextureFormatASTC (139)
[2018.08.08-03.14.58:769][610]LogModuleManager: Shutting down and abandoning module ImageWrapper (138)
[2018.08.08-03.14.58:769][610]LogModuleManager: Shutting down and abandoning module TextureFormatAndroid (135)
[2018.08.08-03.14.58:769][610]LogModuleManager: Shutting down and abandoning module AudioFormatOpus (133)
[2018.08.08-03.14.58:769][610]LogModuleManager: Shutting down and abandoning module AudioFormatOgg (131)
[2018.08.08-03.14.58:769][610]LogModuleManager: Shutting down and abandoning module AudioFormatADPCM (129)
[2018.08.08-03.14.58:769][610]LogModuleManager: Shutting down and abandoning module LuminTargetPlatform (127)
[2018.08.08-03.14.58:769][610]LogModuleManager: Shutting down and abandoning module LinuxTargetPlatform (125)
[2018.08.08-03.14.58:769][610]LogModuleManager: Shutting down and abandoning module LinuxServerTargetPlatform (123)
[2018.08.08-03.14.58:769][610]LogModuleManager: Shutting down and abandoning module LinuxNoEditorTargetPlatform (121)
[2018.08.08-03.14.58:769][610]LogModuleManager: Shutting down and abandoning module LinuxClientTargetPlatform (119)
[2018.08.08-03.14.58:769][610]LogModuleManager: Shutting down and abandoning module TVOSTargetPlatform (117)
[2018.08.08-03.14.58:769][610]LogModuleManager: Shutting down and abandoning module Messaging (115)
[2018.08.08-03.14.58:769][610]LogModuleManager: Shutting down and abandoning module IOSTargetPlatform (113)
[2018.08.08-03.14.58:769][610]LogModuleManager: Shutting down and abandoning module HTML5TargetPlatform (111)
[2018.08.08-03.14.58:769][610]LogModuleManager: Shutting down and abandoning module AndroidTargetPlatform (109)
[2018.08.08-03.14.58:774][610]LogModuleManager: Shutting down and abandoning module WindowsTargetPlatform (107)
[2018.08.08-03.14.58:774][610]LogModuleManager: Shutting down and abandoning module WindowsServerTargetPlatform (105)
[2018.08.08-03.14.58:774][610]LogModuleManager: Shutting down and abandoning module WindowsNoEditorTargetPlatform (103)
[2018.08.08-03.14.58:774][610]LogModuleManager: Shutting down and abandoning module WindowsClientTargetPlatform (101)
[2018.08.08-03.14.58:774][610]LogModuleManager: Shutting down and abandoning module MacTargetPlatform (99)
[2018.08.08-03.14.58:774][610]LogModuleManager: Shutting down and abandoning module MacServerTargetPlatform (97)
[2018.08.08-03.14.58:774][610]LogModuleManager: Shutting down and abandoning module MacNoEditorTargetPlatform (95)
[2018.08.08-03.14.58:774][610]LogModuleManager: Shutting down and abandoning module MacClientTargetPlatform (93)
[2018.08.08-03.14.58:774][610]LogModuleManager: Shutting down and abandoning module AllDesktopTargetPlatform (91)
[2018.08.08-03.14.58:774][610]LogModuleManager: Shutting down and abandoning module InputCore (88)
[2018.08.08-03.14.58:774][610]LogModuleManager: Shutting down and abandoning module Settings (86)
[2018.08.08-03.14.58:774][610]LogModuleManager: Shutting down and abandoning module PhysXCooking (84)
[2018.08.08-03.14.58:774][610]LogModuleManager: Shutting down and abandoning module SteamVR (82)
[2018.08.08-03.14.58:774][610]LogModuleManager: Shutting down and abandoning module OculusHMD (80)
[2018.08.08-03.14.58:774][610]LogModuleManager: Shutting down and abandoning module ExampleDeviceProfileSelector (78)
[2018.08.08-03.14.58:774][610]LogModuleManager: Shutting down and abandoning module LauncherChunkInstaller (76)
[2018.08.08-03.14.58:774][610]LogModuleManager: Shutting down and abandoning module OnlineBlueprintSupport (74)
[2018.08.08-03.14.58:774][610]LogModuleManager: Shutting down and abandoning module OnlineSubsystem (70)
[2018.08.08-03.14.58:775][610]LogModuleManager: Shutting down and abandoning module XMPP (65)
[2018.08.08-03.14.58:775][610]LogModuleManager: Shutting down and abandoning module WebSockets (64)
[2018.08.08-03.14.58:789][610]LogModuleManager: Shutting down and abandoning module HTTP (61)
[2018.08.08-03.14.58:790][610]LogHttp: Display: Http module shutting down, but needs to wait on 1 outstanding Http requests:
[2018.08.08-03.14.58:790][610]LogHttp: Display: 	verb=[POST] url=[https://datarouter.ol.epicgames.com/datarouter/api/v1/public/data?SessionID=%7B2FBA656C-48E4-5D16-4EA3-EBA987C9FD84%7D&AppID=UEEditor.Rocket.Release&AppVersion=4.20.1-4233996%2B%2B%2BUE4%2BRelease-4.20&UserID=d8e734834f7b9232050e8aa99694c0e1%7C18199573a9024700b6fe1c27ce7f3acc%7C3ed0bc10-e131-4b07-808d-8d89c336be3e&AppEnvironment=datacollector-binary&UploadType=eteventstream] status=Processing
[2018.08.08-03.14.58:806][610]LogModuleManager: Shutting down and abandoning module SSL (60)
[2018.08.08-03.14.58:807][610]LogModuleManager: Shutting down and abandoning module MagicLeapEmulator (56)
[2018.08.08-03.14.58:808][610]LogModuleManager: Shutting down and abandoning module MagicLeapPrivileges (54)
[2018.08.08-03.14.58:808][610]LogModuleManager: Shutting down and abandoning module MagicLeapIdentity (52)
[2018.08.08-03.14.58:808][610]LogModuleManager: Shutting down and abandoning module MagicLeapHelperVulkan (50)
[2018.08.08-03.14.58:808][610]LogModuleManager: Shutting down and abandoning module MagicLeapHelperOpenGL (48)
[2018.08.08-03.14.58:808][610]LogModuleManager: Shutting down and abandoning module MagicLeapSecureStorage (46)
[2018.08.08-03.14.58:808][610]LogModuleManager: Shutting down and abandoning module MagicLeapGestures (44)
[2018.08.08-03.14.58:808][610]LogModuleManager: Shutting down and abandoning module MagicLeapEyeTracker (42)
[2018.08.08-03.14.58:808][610]LogModuleManager: Shutting down and abandoning module MagicLeapController (40)
[2018.08.08-03.14.58:808][610]LogSlate: Slate User Destroyed.  User Index 0, Is Virtual User: 0
[2018.08.08-03.14.58:808][610]LogModuleManager: Shutting down and abandoning module MagicLeap (38)
[2018.08.08-03.14.58:808][610]LogModuleManager: Shutting down and abandoning module AnimationModifiers (36)
[2018.08.08-03.14.58:808][610]LogModuleManager: Shutting down and abandoning module PropertyEditor (35)
[2018.08.08-03.14.58:808][610]LogModuleManager: Shutting down and abandoning module AudioEditor (32)
[2018.08.08-03.14.58:808][610]LogModuleManager: Shutting down and abandoning module TextureCompressor (30)
[2018.08.08-03.14.58:808][610]LogModuleManager: Shutting down and abandoning module ShaderCore (28)
[2018.08.08-03.14.58:808][610]LogModuleManager: Shutting down and abandoning module Landscape (26)
[2018.08.08-03.14.58:808][610]LogModuleManager: Shutting down and abandoning module SlateRHIRenderer (24)
[2018.08.08-03.14.58:808][610]LogModuleManager: Shutting down and abandoning module OpenGLDrv (22)
[2018.08.08-03.14.58:808][610]LogModuleManager: Shutting down and abandoning module D3D11RHI (20)
[2018.08.08-03.14.58:808][610]LogModuleManager: Shutting down and abandoning module AnimGraphRuntime (18)
[2018.08.08-03.14.58:808][610]LogModuleManager: Shutting down and abandoning module Renderer (16)
[2018.08.08-03.14.58:808][610]LogModuleManager: Shutting down and abandoning module Engine (14)
[2018.08.08-03.14.58:808][610]LogModuleManager: Shutting down and abandoning module CoreUObject (12)
[2018.08.08-03.14.58:808][610]LogModuleManager: Shutting down and abandoning module NetworkFile (10)
[2018.08.08-03.14.58:808][610]LogModuleManager: Shutting down and abandoning module CookedIterativeFile (8)
[2018.08.08-03.14.58:809][610]LogModuleManager: Shutting down and abandoning module StreamingFile (6)
[2018.08.08-03.14.58:809][610]LogModuleManager: Shutting down and abandoning module SandboxFile (4)
[2018.08.08-03.14.58:809][610]LogModuleManager: Shutting down and abandoning module PakFile (2)
[2018.08.08-03.14.58:813][610]LogExit: Exiting.
[2018.08.08-03.14.58:816][610]Log file closed, 08/08/18 15:14:58
