Log file open, 08/10/18 10:57:01
LogWindows: Failed to load 'aqProf.dll' (GetLastError=126)
LogWindows: File 'aqProf.dll' does not exist
LogWindows: Failed to load 'VSPerf140.dll' (GetLastError=126)
LogWindows: File 'VSPerf140.dll' does not exist
LogWindows: Failed to load 'VtuneApi.dll' (GetLastError=126)
LogWindows: File 'VtuneApi.dll' does not exist
LogWindows: Failed to load 'VtuneApi32e.dll' (GetLastError=126)
LogWindows: File 'VtuneApi32e.dll' does not exist
LogInit: Display: Running engine for game: EscapeRoom
LogPlatformFile: Not using cached read wrapper
LogTaskGraph: Started task graph with 5 named threads and 35 total threads with 3 sets of task threads.
LogStats: Stats thread started at 0.470194
LogD3D11RHI: Loaded GFSDK_Aftermath_Lib.x64.dll
LogICUInternationalization: Display: ICU TimeZone Detection - Raw Offset: +12:00, Platform Override: ''
LogPluginManager: Mounting plugin Paper2D
LogPluginManager: Mounting plugin AISupport
LogPluginManager: Mounting plugin LightPropagationVolume
LogPluginManager: Mounting plugin CLionSourceCodeAccess
LogPluginManager: Mounting plugin CodeLiteSourceCodeAccess
LogPluginManager: Mounting plugin GitSourceControl
LogPluginManager: Mounting plugin KDevelopSourceCodeAccess
LogPluginManager: Mounting plugin NullSourceCodeAccess
LogPluginManager: Mounting plugin PerforceSourceControl
LogPluginManager: Mounting plugin SubversionSourceControl
LogPluginManager: Mounting plugin UObjectPlugin
LogPluginManager: Mounting plugin VisualStudioCodeSourceCodeAccess
LogPluginManager: Mounting plugin VisualStudioSourceCodeAccess
LogPluginManager: Mounting plugin XCodeSourceCodeAccess
LogPluginManager: Mounting plugin AssetManagerEditor
LogPluginManager: Mounting plugin CryptoKeys
LogPluginManager: Mounting plugin DataValidation
LogPluginManager: Mounting plugin FacialAnimation
LogPluginManager: Mounting plugin GameplayTagsEditor
LogPluginManager: Mounting plugin MacGraphicsSwitching
LogPluginManager: Mounting plugin MeshEditor
LogPluginManager: Mounting plugin MobileLauncherProfileWizard
LogPluginManager: Mounting plugin PluginBrowser
LogPluginManager: Mounting plugin SpeedTreeImporter
LogPluginManager: Mounting plugin DatasmithContent
LogPluginManager: Mounting plugin AlembicImporter
LogPluginManager: Mounting plugin AppleImageUtils
LogPluginManager: Mounting plugin AppleVision
LogPluginManager: Mounting plugin BackChannel
LogPluginManager: Mounting plugin CharacterAI
LogPluginManager: Mounting plugin GeometryCache
LogPluginManager: Mounting plugin HTML5Networking
LogPluginManager: Mounting plugin ProxyLODPlugin
LogPluginManager: Mounting plugin MagicLeap
LogPluginManager: Mounting plugin MagicLeapEmulator
LogPluginManager: Mounting plugin MagicLeapMedia
LogPluginManager: Mounting plugin AndroidMedia
LogPluginManager: Mounting plugin AvfMedia
LogPluginManager: Mounting plugin ImgMedia
LogPluginManager: Mounting plugin LinearTimecode
LogPluginManager: Mounting plugin MediaCompositing
LogPluginManager: Mounting plugin MediaPlayerEditor
LogPluginManager: Mounting plugin WmfMedia
LogPluginManager: Mounting plugin TcpMessaging
LogPluginManager: Mounting plugin UdpMessaging
LogPluginManager: Mounting plugin ActorSequence
LogPluginManager: Mounting plugin LevelSequenceEditor
LogPluginManager: Mounting plugin MatineeToLevelSequence
LogPluginManager: Mounting plugin NetcodeUnitTest
LogPluginManager: Mounting plugin NUTUnrealEngine4
LogPluginManager: Mounting plugin OnlineSubsystemGooglePlay
LogPluginManager: Mounting plugin OnlineSubsystemIOS
LogPluginManager: Mounting plugin OnlineSubsystem
LogPluginManager: Mounting plugin OnlineSubsystemNull
LogPluginManager: Mounting plugin OnlineSubsystemUtils
LogPluginManager: Mounting plugin LauncherChunkInstaller
LogPluginManager: Mounting plugin AndroidDeviceProfileSelector
LogPluginManager: Mounting plugin AndroidMoviePlayer
LogPluginManager: Mounting plugin AndroidPermission
LogPluginManager: Mounting plugin AppleMoviePlayer
LogPluginManager: Mounting plugin ArchVisCharacter
LogPluginManager: Mounting plugin AudioCapture
LogPluginManager: Mounting plugin CableComponent
LogPluginManager: Mounting plugin CustomMeshComponent
LogPluginManager: Mounting plugin EditableMesh
LogPluginManager: Mounting plugin ExampleDeviceProfileSelector
LogPluginManager: Mounting plugin GoogleCloudMessaging
LogPluginManager: Mounting plugin ImmediatePhysics
LogPluginManager: Mounting plugin IOSDeviceProfileSelector
LogPluginManager: Mounting plugin LinuxDeviceProfileSelector
LogPluginManager: Mounting plugin LocationServicesBPLibrary
LogPluginManager: Mounting plugin MobilePatchingUtils
LogPluginManager: Mounting plugin OculusVR
LogPluginManager: Plugin shader directory ../../../Engine/Plugins/Runtime/Oculus/OculusVR/Shaders found
LogPluginManager: Mapping shader source directory ../../../Engine/Plugins/Runtime/Oculus/OculusVR/Shaders to virtual directory /Plugin/OculusVR
LogPluginManager: Mounting plugin PhysXVehicles
LogPluginManager: Mounting plugin ProceduralMeshComponent
LogPluginManager: Mounting plugin RuntimePhysXCooking
LogPluginManager: Mounting plugin SteamVR
LogPluginManager: Mounting plugin WindowsMoviePlayer
LogStreaming: Display: Took  0.086s to configure plugins.
LogInit: Using libcurl 7.55.1-DEV
LogInit:  - built for x86_64-pc-win32
LogInit:  - supports SSL with OpenSSL/1.0.2h
LogInit:  - supports HTTP deflate (compression) using libz 1.2.8
LogInit:  - other features:
LogInit:      CURL_VERSION_SSL
LogInit:      CURL_VERSION_LIBZ
LogInit:      CURL_VERSION_IPV6
LogInit:      CURL_VERSION_ASYNCHDNS
LogInit:      CURL_VERSION_LARGEFILE
LogInit:      CURL_VERSION_IDN
LogInit:  CurlRequestOptions (configurable via config and command line):
LogInit:  - bVerifyPeer = false  - Libcurl will NOT verify peer certificate
LogInit:  - bUseHttpProxy = false  - Libcurl will NOT use HTTP proxy
LogInit:  - bDontReuseConnections = false  - Libcurl will reuse connections
LogInit:  - CertBundlePath = nullptr  - Libcurl will use whatever was configured at build time.
LogInit:  - MaxHostConnections = 16  - Libcurl will limit the number of connections to a host
LogInit:  - LocalHostAddr = Default
LogInit:  - BufferSize = 65536
LogInit: WinSock: version 1.1 (2.2), MaxSocks=32767, MaxUdp=65467
LogInit: Build: ++UE4+Release-4.20-CL-4233996
LogInit: Engine Version: 4.20.1-4233996+++UE4+Release-4.20
LogInit: Compatible Engine Version: 4.20.0-4212847+++UE4+Release-4.20
LogInit: Net CL: 4212847
LogInit: OS: Windows 10 (), CPU: Intel(R) Core(TM) i7-8700K CPU @ 3.70GHz, GPU: NVIDIA GeForce GTX 1070
LogInit: Compiled (64-bit): Jul 26 2018 10:07:30
LogInit: Compiled with Visual C++: 19.13.26129.00
LogInit: Build Configuration: Development
LogInit: Branch Name: ++UE4+Release-4.20
LogInit: Command Line:  
LogInit: Base Directory: C:/Program Files/Epic Games/UE_4.20/Engine/Binaries/Win64/
LogInit: Installed Engine Build: 1
LogDevObjectVersion: Number of dev versions registered: 20
LogDevObjectVersion:   Dev-Blueprints (B0D832E4-1F89-4F0D-ACCF-7EB736FD4AA2): 10
LogDevObjectVersion:   Dev-Build (E1C64328-A22C-4D53-A36C-8E866417BD8C): 0
LogDevObjectVersion:   Dev-Core (375EC13C-06E4-48FB-B500-84F0262A717E): 2
LogDevObjectVersion:   Dev-Editor (E4B068ED-F494-42E9-A231-DA0B2E46BB41): 24
LogDevObjectVersion:   Dev-Framework (CFFC743F-43B0-4480-9391-14DF171D2073): 34
LogDevObjectVersion:   Dev-Mobile (B02B49B5-BB20-44E9-A304-32B752E40360): 2
LogDevObjectVersion:   Dev-Networking (A4E4105C-59A1-49B5-A7C5-40C4547EDFEE): 0
LogDevObjectVersion:   Dev-Online (39C831C9-5AE6-47DC-9A44-9C173E1C8E7C): 0
LogDevObjectVersion:   Dev-Physics (78F01B33-EBEA-4F98-B9B4-84EACCB95AA2): 0
LogDevObjectVersion:   Dev-Platform (6631380F-2D4D-43E0-8009-CF276956A95A): 0
LogDevObjectVersion:   Dev-Rendering (12F88B9F-8875-4AFC-A67C-D90C383ABD29): 26
LogDevObjectVersion:   Dev-Sequencer (7B5AE74C-D270-4C10-A958-57980B212A5A): 9
LogDevObjectVersion:   Dev-VR (D7296918-1DD6-4BDD-9DE2-64A83CC13884): 2
LogDevObjectVersion:   Dev-LoadTimes (C2A15278-BFE7-4AFE-6C17-90FF531DF755): 1
LogDevObjectVersion:   Private-Geometry (6EACA3D4-40EC-4CC1-B786-8BED09428FC5): 3
LogDevObjectVersion:   Dev-AnimPhys (29E575DD-E0A3-4627-9D10-D276232CDCEA): 17
LogDevObjectVersion:   Dev-ReflectionCapture (6B266CEC-1EC7-4B8F-A30B-E4D90942FC07): 1
LogDevObjectVersion:   Dev-Automation (0DF73D61-A23F-47EA-B727-89E90C41499A): 1
LogDevObjectVersion:   FortniteMain (601D1886-AC64-4F84-AA16-D3DE0DEAC7D6): 12
LogDevObjectVersion:   Dev-Enterprise (9DFFBCD6-494F-0158-E221-12823C92A888): 1
LogStreaming: Display: Took  0.002s to delete old logs.
LogInit: Presizing for max 8388607 objects, including 0 objects not considered by GC, pre-allocating 0 bytes for permanent pool.
LogInit: Object subsystem initialized
[2018.08.09-22.57.02:084][  0]LogInit: Selected Device Profile: [Windows]
[2018.08.09-22.57.02:084][  0]LogInit: Applying CVar settings loaded from the selected device profile: [Windows]
[2018.08.09-22.57.02:100][  0]LogHAL: Display: Platform has ~ 16 GB [17100660736 / 17179869184 / 16], which maps to Larger [LargestMinGB=32, LargerMinGB=12, DefaultMinGB=8, SmallerMinGB=6, SmallestMinGB=0)
[2018.08.09-22.57.02:101][  0]LogInit: Setting Device Profile CVar: [[r.Vulkan.UseRealUBs:1]]
[2018.08.09-22.57.02:101][  0]LogInit: Going up to parent DeviceProfile []
[2018.08.09-22.57.02:106][  0]LogInit: Computer: BRANDON-PC
[2018.08.09-22.57.02:106][  0]LogInit: User: Brandon
[2018.08.09-22.57.02:106][  0]LogInit: CPU Page size=4096, Cores=6
[2018.08.09-22.57.02:106][  0]LogInit: High frequency timer resolution =3.609373 MHz
[2018.08.09-22.57.02:106][  0]LogMemory: Memory total: Physical=15.9GB (16GB approx)
[2018.08.09-22.57.02:106][  0]LogMemory: Platform Memory Stats for Windows
[2018.08.09-22.57.02:106][  0]LogMemory: Process Physical Memory: 101.99 MB used, 101.99 MB peak
[2018.08.09-22.57.02:106][  0]LogMemory: Process Virtual Memory: 93.84 MB used, 93.84 MB peak
[2018.08.09-22.57.02:106][  0]LogMemory: Physical Memory: 5204.06 MB used,  11104.40 MB free, 16308.46 MB total
[2018.08.09-22.57.02:106][  0]LogMemory: Virtual Memory: 4664.12 MB used,  11104.40 MB free, 134217728.00 MB total
[2018.08.09-22.57.02:265][  0]LogInit: Using OS detected language (en-US).
[2018.08.09-22.57.02:265][  0]LogInit: Using OS detected locale (en-US).
[2018.08.09-22.57.02:268][  0]LogTextLocalizationManager: No specific localization for 'en-US' exists, so the 'en' localization will be used.
[2018.08.09-22.57.02:582][  0]LogStreaming: Display: Took  0.317s to InitEngineTextLocalization.
[2018.08.09-22.57.02:582][  0]LogInit: Setting process to per monitor DPI aware
[2018.08.09-22.57.02:646][  0]LogSlate: New Slate User Created.  User Index 0, Is Virtual User: 0
[2018.08.09-22.57.02:646][  0]LogSlate: Slate User Registered.  User Index 0, Is Virtual User: 0
[2018.08.09-22.57.04:318][  0]LogHMD: Failed to initialize OpenVR with code 101
[2018.08.09-22.57.04:318][  0]LogD3D11RHI: D3D11 adapters:
[2018.08.09-22.57.04:353][  0]LogD3D11RHI:    0. 'NVIDIA GeForce GTX 1070' (Feature Level 11_0)
[2018.08.09-22.57.04:353][  0]LogD3D11RHI:       8096/0/8154 MB DedicatedVideo/DedicatedSystem/SharedSystem, Outputs:2, VendorId:0x10de
[2018.08.09-22.57.04:354][  0]LogD3D11RHI:    1. 'Microsoft Basic Render Driver' (Feature Level 11_0)
[2018.08.09-22.57.04:354][  0]LogD3D11RHI:       0/0/8154 MB DedicatedVideo/DedicatedSystem/SharedSystem, Outputs:0, VendorId:0x1414
[2018.08.09-22.57.04:354][  0]LogD3D11RHI: Chosen D3D11 Adapter: 0
[2018.08.09-22.57.04:359][  0]LogD3D11RHI: Creating new Direct3DDevice
[2018.08.09-22.57.04:360][  0]LogD3D11RHI:     GPU DeviceId: 0x1b81 (for the marketing name, search the web for "GPU Device Id")
[2018.08.09-22.57.04:360][  0]LogWindows: EnumDisplayDevices:
[2018.08.09-22.57.04:360][  0]LogWindows:    0. 'NVIDIA GeForce GTX 1070' (P:1 D:1)
[2018.08.09-22.57.04:360][  0]LogWindows:    1. 'NVIDIA GeForce GTX 1070' (P:0 D:1)
[2018.08.09-22.57.04:360][  0]LogWindows:    2. 'NVIDIA GeForce GTX 1070' (P:0 D:0)
[2018.08.09-22.57.04:360][  0]LogWindows:    3. 'NVIDIA GeForce GTX 1070' (P:0 D:0)
[2018.08.09-22.57.04:360][  0]LogWindows: DebugString: FoundDriverCount:4 
[2018.08.09-22.57.04:360][  0]LogD3D11RHI:     Adapter Name: NVIDIA GeForce GTX 1070
[2018.08.09-22.57.04:361][  0]LogD3D11RHI:   Driver Version: 388.59 (internal:23.21.13.8859, unified:388.59)
[2018.08.09-22.57.04:361][  0]LogD3D11RHI:      Driver Date: 12-5-2017
[2018.08.09-22.57.04:361][  0]LogRHI: Texture pool is 5667 MB (70% of 8096 MB)
[2018.08.09-22.57.04:379][  0]LogD3D11RHI: Async texture creation enabled
[2018.08.09-22.57.04:426][  0]LogD3D11RHI: GPU Timing Frequency: 1000.000000 (Debug: 2 2)
[2018.08.09-22.57.04:477][  0]LogShaderCompilers: Guid format shader working directory is -26 characters bigger than the processId version (../../../../../../Users/Brandon/Documents/GitHub/Escape-Room/EscapeRoomNew/Intermediate/Shaders/WorkingDirectory/2148/).
[2018.08.09-22.57.04:477][  0]LogShaderCompilers: Cleaned the shader compiler working directory 'C:/Users/Brandon/AppData/Local/Temp/UnrealShaderWorkingDir/F6BE91A74414FA81EC56868EE3FF83EA/'.
[2018.08.09-22.57.04:786][  0]LogTemp: Display: Loaded TP AllDesktopTargetPlatform
[2018.08.09-22.57.04:802][  0]LogTemp: Display: Loaded TP MacClientTargetPlatform
[2018.08.09-22.57.04:820][  0]LogTemp: Display: Loaded TP MacNoEditorTargetPlatform
[2018.08.09-22.57.04:837][  0]LogTemp: Display: Loaded TP MacServerTargetPlatform
[2018.08.09-22.57.04:858][  0]LogTemp: Display: Loaded TP MacTargetPlatform
[2018.08.09-22.57.04:876][  0]LogTemp: Display: Loaded TP WindowsClientTargetPlatform
[2018.08.09-22.57.04:895][  0]LogTemp: Display: Loaded TP WindowsNoEditorTargetPlatform
[2018.08.09-22.57.04:913][  0]LogTemp: Display: Loaded TP WindowsServerTargetPlatform
[2018.08.09-22.57.04:925][  0]LogTemp: Display: Loaded TP WindowsTargetPlatform
[2018.08.09-22.57.04:999][  0]LogTemp: Display: Loaded TP AndroidTargetPlatform
[2018.08.09-22.57.04:999][  0]LogTemp: Display: Loaded TP AndroidTargetPlatform
[2018.08.09-22.57.04:999][  0]LogTemp: Display: Loaded TP AndroidTargetPlatform
[2018.08.09-22.57.04:999][  0]LogTemp: Display: Loaded TP AndroidTargetPlatform
[2018.08.09-22.57.04:999][  0]LogTemp: Display: Loaded TP AndroidTargetPlatform
[2018.08.09-22.57.04:999][  0]LogTemp: Display: Loaded TP AndroidTargetPlatform
[2018.08.09-22.57.04:999][  0]LogTemp: Display: Loaded TP AndroidTargetPlatform
[2018.08.09-22.57.04:999][  0]LogTemp: Display: Loaded TP AndroidTargetPlatform
[2018.08.09-22.57.04:999][  0]LogTemp: Display: Loaded TP AndroidTargetPlatform
[2018.08.09-22.57.04:999][  0]LogTemp: Display: Loaded TP AndroidTargetPlatform
[2018.08.09-22.57.04:999][  0]LogTemp: Display: Loaded TP AndroidTargetPlatform
[2018.08.09-22.57.04:999][  0]LogTemp: Display: Loaded TP AndroidTargetPlatform
[2018.08.09-22.57.04:999][  0]LogTemp: Display: Loaded TP AndroidTargetPlatform
[2018.08.09-22.57.04:999][  0]LogTemp: Display: Loaded TP AndroidTargetPlatform
[2018.08.09-22.57.04:999][  0]LogTemp: Display: Loaded TP AndroidTargetPlatform
[2018.08.09-22.57.04:999][  0]LogTemp: Display: Loaded TP AndroidTargetPlatform
[2018.08.09-22.57.04:999][  0]LogTemp: Display: Loaded TP AndroidTargetPlatform
[2018.08.09-22.57.04:999][  0]LogTemp: Display: Loaded TP AndroidTargetPlatform
[2018.08.09-22.57.05:008][  0]LogTemp: Display: Loaded TP HTML5TargetPlatform
[2018.08.09-22.57.05:091][  0]LogTemp: Display: Loaded TP IOSTargetPlatform
[2018.08.09-22.57.05:091][  0]LogTemp: Display: Loaded TP IOSTargetPlatform
[2018.08.09-22.57.05:113][  0]LogTemp: Display: Loaded TP TVOSTargetPlatform
[2018.08.09-22.57.05:113][  0]LogTemp: Display: Loaded TP TVOSTargetPlatform
[2018.08.09-22.57.05:132][  0]LogTemp: Display: Loaded TP LinuxClientTargetPlatform
[2018.08.09-22.57.05:148][  0]LogTemp: Display: Loaded TP LinuxNoEditorTargetPlatform
[2018.08.09-22.57.05:169][  0]LogTemp: Display: Loaded TP LinuxServerTargetPlatform
[2018.08.09-22.57.05:193][  0]LogTemp: Display: Loaded TP LinuxTargetPlatform
[2018.08.09-22.57.05:206][  0]LogTemp: Display: Loaded TP LuminTargetPlatform
[2018.08.09-22.57.05:206][  0]LogTargetPlatformManager: Display: Building Assets For Windows
[2018.08.09-22.57.05:469][  0]LogXGEController: Cleaning working directory: C:/Users/Brandon/AppData/Local/Temp/UnrealXGEWorkingDir/
[2018.08.09-22.57.05:469][  0]LogXGEController: Cannot use XGE Controller as Incredibuild is not installed on this machine.
[2018.08.09-22.57.05:469][  0]LogShaderCompilers: Cannot use XGE Shader Compiler as Incredibuild is not installed on this machine.
[2018.08.09-22.57.05:469][  0]LogShaderCompilers: Display: Using Local Shader Compiler.
[2018.08.09-22.57.06:880][  0]LogDerivedDataCache: Display: Max Cache Size: 512 MB
[2018.08.09-22.57.07:144][  0]LogDerivedDataCache: Loaded boot cache 0.26s 89MB C:/Users/Brandon/AppData/Local/UnrealEngine/4.20/DerivedDataCache/Boot.ddc.
[2018.08.09-22.57.07:144][  0]LogDerivedDataCache: Display: Loaded Boot cache: C:/Users/Brandon/AppData/Local/UnrealEngine/4.20/DerivedDataCache/Boot.ddc
[2018.08.09-22.57.07:144][  0]LogDerivedDataCache: FDerivedDataBackendGraph:  Pak pak cache file ../../../../../../Users/Brandon/Documents/GitHub/Escape-Room/EscapeRoomNew/DerivedDataCache/DDC.ddp not found, will not use a pak cache.
[2018.08.09-22.57.07:144][  0]LogDerivedDataCache: Unable to find inner node Pak for hierarchical cache Hierarchy.
[2018.08.09-22.57.07:144][  0]LogDerivedDataCache: FDerivedDataBackendGraph:  CompressedPak pak cache file ../../../../../../Users/Brandon/Documents/GitHub/Escape-Room/EscapeRoomNew/DerivedDataCache/Compressed.ddp not found, will not use a pak cache.
[2018.08.09-22.57.07:144][  0]LogDerivedDataCache: Unable to find inner node CompressedPak for hierarchical cache Hierarchy.
[2018.08.09-22.57.07:161][  0]LogDerivedDataCache: Display: Pak cache opened for reading ../../../Engine/DerivedDataCache/Compressed.ddp.
[2018.08.09-22.57.07:173][  0]LogDerivedDataCache: Using Local data cache path C:/Users/Brandon/AppData/Local/UnrealEngine/Common/DerivedDataCache: Writable
[2018.08.09-22.57.07:173][  0]LogDerivedDataCache: Shared data cache path not found in *engine.ini, will not use an Shared cache.
[2018.08.09-22.57.07:173][  0]LogDerivedDataCache: Unable to find inner node Shared for hierarchical cache Hierarchy.
[2018.08.09-22.57.07:189][  0]LogMaterial: Verifying Global Shaders for PCD3D_SM5
[2018.08.09-22.57.07:193][  0]LogSlate: Using FreeType 2.6.0
[2018.08.09-22.57.07:206][  0]LogSlate: SlateFontServices - WITH_FREETYPE: 1, WITH_HARFBUZZ: 1
[2018.08.09-22.57.07:392][  0]LogAssetRegistry: FAssetRegistry took 0.0266 seconds to start up
[2018.08.09-22.57.07:703][  0]LogInit: Selected Device Profile: [Windows]
[2018.08.09-22.57.07:999][  0]LogSimplygon: Simplygon DLL not present - disabling.
[2018.08.09-22.57.08:027][  0]LogMeshReduction: Using SimplygonSwarm for distributed automatic mesh merging
[2018.08.09-22.57.08:027][  0]LogMeshReduction: Using ProxyLODMeshReduction for automatic mesh merging
[2018.08.09-22.57.08:028][  0]LogMeshReduction: Using QuadricMeshReduction for automatic static mesh reduction
[2018.08.09-22.57.08:028][  0]LogMeshReduction: No automatic skeletal mesh reduction module available
[2018.08.09-22.57.08:068][  0]LogNetVersion: EscapeRoom 1.0.0, NetCL: 4212847, EngineNetVer: 5, GameNetVer: 0 (Checksum: 2545078580)
[2018.08.09-22.57.08:895][  0]LogPackageLocalizationCache: Processed 11 localized package path(s) for 2 prioritized culture(s) in 0.089704 seconds
[2018.08.09-22.57.08:901][  0]LogUObjectArray: 38425 objects as part of root set at end of initial load.
[2018.08.09-22.57.08:901][  0]LogUObjectAllocator: 6690864 out of 0 bytes used by permanent object pool.
[2018.08.09-22.57.08:901][  0]LogUObjectArray: CloseDisregardForGC: 0/0 objects in disregard for GC pool
[2018.08.09-22.57.11:659][  0]LogTcpMessaging: Initializing TcpMessaging bridge
[2018.08.09-22.57.11:681][  0]LogUdpMessaging: Initializing bridge on interface 0.0.0.0:0 to multicast group 230.0.0.1:6666.
[2018.08.09-22.57.12:111][  0]LogBlueprint: Warning: [Compiler ThirdPersonCharacter] No delegate property found for  NewEventDispatcher_0
[2018.08.09-22.57.12:113][  0]LogBlueprint: Warning: [Compiler ThirdPersonCharacter] [0013.60] Compile of ThirdPersonCharacter successful, but with 1 Warning(s) [in 5 ms] (/Game/ThirdPersonCPP/Blueprints/ThirdPersonCharacter.ThirdPersonCharacter)
[2018.08.09-22.57.12:299][  0]SourceControl: Source control is disabled
[2018.08.09-22.57.12:300][  0]SourceControl: Source control is disabled
[2018.08.09-22.57.12:315][  0]SourceControl: Source control is disabled
[2018.08.09-22.57.12:325][  0]SourceControl: Source control is disabled
[2018.08.09-22.57.12:827][  0]LogAndroidPermission: UAndroidPermissionCallbackProxy::GetInstance
[2018.08.09-22.57.12:948][  0]LogOcInput: OculusInput pre-init called
[2018.08.09-22.57.13:056][  0]LogEngine: Initializing Engine...
[2018.08.09-22.57.13:057][  0]LogHMD: Failed to initialize OpenVR with code 101
[2018.08.09-22.57.13:059][  0]LogStats: UGameplayTagsManager::ConstructGameplayTagTree: ImportINI prefixes -  0.000 s
[2018.08.09-22.57.13:059][  0]LogStats: UGameplayTagsManager::ConstructGameplayTagTree: Construct from data asset -  0.000 s
[2018.08.09-22.57.13:059][  0]LogStats: UGameplayTagsManager::ConstructGameplayTagTree: ImportINI -  0.000 s
[2018.08.09-22.57.13:059][  0]LogStats: UGameplayTagsManager::ConstructGameplayTagTree: GameplayTagTreeChangedEvent.Broadcast -  0.000 s
[2018.08.09-22.57.13:216][  0]LogInit: Initializing FReadOnlyCVARCache
[2018.08.09-22.57.13:252][  0]LogAIModule: Creating AISystem for world Untitled
[2018.08.09-22.57.13:285][  0]LogInit: XAudio2 using 'Speakers (3- Logitech G933 Gaming Headset)' : 6 channels at 48 kHz using 16 bits per sample (channel mask 0x3f)
[2018.08.09-22.57.13:305][  0]LogInit: FAudioDevice initialized.
[2018.08.09-22.57.13:305][  0]LogNetVersion: Set ProjectVersion to 1.0.0.0. Version Checksum will be recalculated on next use.
[2018.08.09-22.57.13:426][  0]LogDerivedDataCache: Saved boot cache 0.12s 73MB C:/Users/Brandon/AppData/Local/UnrealEngine/4.20/DerivedDataCache/Boot.ddc.
[2018.08.09-22.57.13:444][  0]LogInit: Texture streaming: Enabled
[2018.08.09-22.57.13:497][  0]LogEngineSessionManager: EngineSessionManager initialized
[2018.08.09-22.57.13:537][  0]LogInit: Transaction tracking system initialized
[2018.08.09-22.57.13:612][  0]BlueprintLog: New page: Editor Load
[2018.08.09-22.57.13:978][  0]LocalizationService: Localization service is disabled
[2018.08.09-22.57.14:379][  0]LogCook: Display: Max memory allowance for cook 16384mb min free memory 0mb
[2018.08.09-22.57.14:380][  0]LogCook: Display: Mobile HDR setting 1
[2018.08.09-22.57.14:380][  0]LogGameplayTags: Display: UGameplayTagsManager::DoneAddingNativeTags. DelegateIsBound: 0
[2018.08.09-22.57.14:380][  0]LogStats: UGameplayTagsManager::ConstructGameplayTagTree: ImportINI prefixes -  0.000 s
[2018.08.09-22.57.14:380][  0]LogStats: UGameplayTagsManager::ConstructGameplayTagTree: Construct from data asset -  0.000 s
[2018.08.09-22.57.14:380][  0]LogStats: UGameplayTagsManager::ConstructGameplayTagTree: ImportINI -  0.000 s
[2018.08.09-22.57.14:380][  0]LogStats: UGameplayTagsManager::ConstructGameplayTagTree: GameplayTagTreeChangedEvent.Broadcast -  0.000 s
[2018.08.09-22.57.14:795][  0]LogFileCache: Scanning file cache for directory 'C:/Users/Brandon/Documents/GitHub/Escape-Room/EscapeRoomNew/Content/' took 0.02s
[2018.08.09-22.57.14:795][  0]SourceControl: Source control is disabled
[2018.08.09-22.57.14:796][  0]Cmd: MAP LOAD FILE="../../../../../../Users/Brandon/Documents/GitHub/Escape-Room/EscapeRoomNew/Content/Maps/StartScreen.umap" TEMPLATE=0 SHOWPROGRESS=1 FEATURELEVEL=3
[2018.08.09-22.57.14:797][  0]LightingResults: New page: Lighting Build
[2018.08.09-22.57.14:801][  0]MapCheck: New page: Map Check
[2018.08.09-22.57.14:802][  0]LightingResults: New page: Lighting Build
[2018.08.09-22.57.14:936][  0]LogAIModule: Creating AISystem for world StartScreen
[2018.08.09-22.57.14:949][  0]LogEditorServer: Finished looking for orphan Actors (0.000 secs)
[2018.08.09-22.57.14:971][  0]Cmd: MAP CHECKDEP NOCLEARLOG
[2018.08.09-22.57.15:016][  0]MapCheck: Map check complete: 0 Error(s), 0 Warning(s), took 44.83ms to complete.
[2018.08.09-22.57.15:016][  0]LogFileHelpers: Loading map 'StartScreen' took 0.220
[2018.08.09-22.57.15:143][  0]LogSlate: Updating window title bar state: overlay mode, drag disabled, window buttons hidden, title bar hidden
[2018.08.09-22.57.15:148][  0]LogSlate: Updating window title bar state: overlay mode, drag disabled, window buttons hidden, title bar hidden
[2018.08.09-22.57.15:153][  0]LogSlate: Updating window title bar state: overlay mode, drag disabled, window buttons hidden, title bar hidden
[2018.08.09-22.57.15:159][  0]LogSlate: Updating window title bar state: overlay mode, drag disabled, window buttons hidden, title bar hidden
[2018.08.09-22.57.15:174][  0]LogCollectionManager: Loaded 0 collections in 0.001384 seconds
[2018.08.09-22.57.15:216][  0]LogFileCache: Scanning file cache for directory 'C:/Users/Brandon/Documents/GitHub/Escape-Room/EscapeRoomNew/Saved/Collections/' took 0.01s
[2018.08.09-22.57.15:216][  0]LogFileCache: Scanning file cache for directory 'C:/Users/Brandon/Documents/GitHub/Escape-Room/EscapeRoomNew/Content/Developers/Brandon/Collections/' took 0.01s
[2018.08.09-22.57.15:216][  0]LogFileCache: Scanning file cache for directory 'C:/Users/Brandon/Documents/GitHub/Escape-Room/EscapeRoomNew/Content/Collections/' took 0.01s
[2018.08.09-22.57.15:216][  0]LogCollectionManager: Rebuilt the GUID cache for 0 collections in 0.000001 seconds
[2018.08.09-22.57.15:224][  0]LogContentBrowser: Native class hierarchy populated in 0.0077 seconds. Added 2574 classes and 605 folders.
[2018.08.09-22.57.15:229][  0]LogContentBrowser: Native class hierarchy updated for 'WidgetCarousel' in 0.0002 seconds. Added 0 classes and 0 folders.
[2018.08.09-22.57.15:513][  0]LogContentBrowser: Native class hierarchy updated for 'AddContentDialog' in 0.0003 seconds. Added 0 classes and 0 folders.
[2018.08.09-22.57.15:526][  0]LogContentBrowser: Native class hierarchy updated for 'SceneOutliner' in 0.0003 seconds. Added 1 classes and 2 folders.
[2018.08.09-22.57.15:611][  0]LogContentBrowser: Native class hierarchy updated for 'HierarchicalLODOutliner' in 0.0003 seconds. Added 0 classes and 0 folders.
[2018.08.09-22.57.15:611][  0]LogLoad: (Engine Initialization) Total time: 17.09 seconds
[2018.08.09-22.57.15:611][  0]LogLoad: (Engine Initialization) Total Blueprint compile time: 0.00 seconds
[2018.08.09-22.57.15:643][  0]LogAssetRegistry: Asset discovery search completed in 8.2738 seconds
[2018.08.09-22.57.15:645][  0]LogCollectionManager: Rebuilt the object cache for 0 collections in 0.000000 seconds (found 0 objects)
[2018.08.09-22.57.15:645][  0]LogCollectionManager: Fixed up redirectors for 0 collections in 0.000042 seconds (updated 0 objects)
[2018.08.09-22.57.15:648][  0]LogContentStreaming: Texture pool size now 3000 MB
[2018.08.09-22.57.15:659][  0]LogSlate: Took 0.003841 seconds to synchronously load lazily loaded font '../../../Engine/Content/Slate/Fonts/Roboto-Regular.ttf' (155K)
[2018.08.09-22.57.15:663][  0]LogSlate: Took 0.003519 seconds to synchronously load lazily loaded font '../../../Engine/Content/Slate/Fonts/Roboto-Bold.ttf' (160K)
[2018.08.09-22.57.15:671][  0]LogSlate: Took 0.004450 seconds to synchronously load lazily loaded font '../../../Engine/Content/Editor/Slate/Fonts/FontAwesome.ttf' (139K)
[2018.08.09-22.57.15:770][  0]LogRenderer: Reallocating scene render targets to support 804x360 Format 10 NumSamples 1 (Frame:1).
[2018.08.09-22.57.15:770][  0]LogSlate: Took 0.004629 seconds to synchronously load lazily loaded font '../../../Engine/Content/Slate/Fonts/Roboto-Light.ttf' (167K)
[2018.08.09-22.57.46:829][ 94]LogSlate: FSceneViewport::OnFocusLost() reason 0
[2018.08.09-22.57.47:058][ 96]LogSlate: Took 0.000120 seconds to synchronously load lazily loaded font '../../../Engine/Content/Slate/Fonts/Roboto-Light.ttf' (167K)
[2018.08.09-22.57.47:064][ 96]LogAssetEditorManager: Opening Asset editor for Blueprint /Game/Blueprints/Bookshelf_Book_Shelf_Blueprint.Bookshelf_Book_Shelf_Blueprint
[2018.08.09-22.57.47:402][ 96]LogContentBrowser: Native class hierarchy updated for 'BlueprintGraph' in 0.0006 seconds. Added 116 classes and 0 folders.
[2018.08.09-22.57.47:993][ 96]LogSlate: Took 0.003495 seconds to synchronously load lazily loaded font '../../../Engine/Content/Slate/Fonts/Roboto-BoldCondensed.ttf' (158K)
[2018.08.09-22.57.48:062][ 97]LogSlate: Took 0.003619 seconds to synchronously load lazily loaded font '../../../Engine/Content/Slate/Fonts/Roboto-Italic.ttf' (157K)
[2018.08.09-22.58.03:903][973]LogAIModule: Creating AISystem for world NewMap
[2018.08.09-22.58.03:913][973]LogAssetEditorManager: Opening Asset editor for World /Game/Maps/NewMap.NewMap
[2018.08.09-22.58.03:938][973]Cmd: MAP LOAD FILE="../../../../../../Users/Brandon/Documents/GitHub/Escape-Room/EscapeRoomNew/Content/Maps/NewMap.umap" TEMPLATE=0 SHOWPROGRESS=1 FEATURELEVEL=3
[2018.08.09-22.58.03:938][973]LightingResults: New page: Lighting Build
[2018.08.09-22.58.03:938][973]LoadErrors: New page: Loading map: NewMap.umap
[2018.08.09-22.58.03:939][973]MapCheck: New page: Map Check
[2018.08.09-22.58.03:939][973]LightingResults: New page: Lighting Build
[2018.08.09-22.58.03:970][973]LogEditorServer: Finished looking for orphan Actors (0.000 secs)
[2018.08.09-22.58.04:012][973]Cmd: MAP CHECKDEP NOCLEARLOG
[2018.08.09-22.58.04:063][973]MapCheck: Map check complete: 0 Error(s), 0 Warning(s), took 51.093ms to complete.
[2018.08.09-22.58.04:063][973]LogFileHelpers: Loading map 'NewMap' took 0.126
[2018.08.09-22.58.07:383][361]LogRenderer: Reallocating scene render targets to support 952x720 Format 10 NumSamples 1 (Frame:1).
[2018.08.09-22.59.25:746][828]LogSlate: FSceneViewport::OnFocusLost() reason 2
[2018.08.09-22.59.38:396][319]LogSlate: FSceneViewport::OnFocusLost() reason 2
[2018.08.09-22.59.45:463][131]LogSlate: FSceneViewport::OnFocusLost() reason 0
[2018.08.09-22.59.45:537][140]BlueprintLog: New page: Compile Bookshelf_Book_Shelf_Blueprint
[2018.08.09-23.00.09:338][963]LogSlate: FSceneViewport::OnFocusLost() reason 2
[2018.08.09-23.00.24:430][741]LogSlate: FSceneViewport::OnFocusLost() reason 0
[2018.08.09-23.00.24:496][749]BlueprintLog: New page: Compile Bookshelf_Book_Shelf_Blueprint
[2018.08.09-23.01.11:903][369]BlueprintLog: New page: Compile Bookshelf_Book_Shelf_Blueprint
[2018.08.09-23.01.19:347][243]LogTemp: Repeating last play command: Selected Viewport
[2018.08.09-23.01.19:365][243]LogBlueprintUserMessages: Early PlayInEditor Detection: Level '/Game/Maps/NewMap.NewMap:PersistentLevel' has LevelScriptBlueprint '/Game/Maps/NewMap.NewMap:PersistentLevel.NewMap' with GeneratedClass '/Game/Maps/NewMap.NewMap_C' with ClassGeneratedBy '/Game/Maps/NewMap.NewMap:PersistentLevel.NewMap'
[2018.08.09-23.01.19:365][243]LogPlayLevel: PlayLevel: No blueprints needed recompiling
[2018.08.09-23.01.19:377][243]PIE: New page: PIE session: NewMap (Aug 10, 2018, 11:01:19 PM)
[2018.08.09-23.01.19:377][243]LogPlayLevel: Creating play world package: /Game/Maps/UEDPIE_0_NewMap
[2018.08.09-23.01.19:384][243]LogPlayLevel: PIE: StaticDuplicateObject took: (0.007085s)
[2018.08.09-23.01.19:385][243]LogAIModule: Creating AISystem for world NewMap
[2018.08.09-23.01.19:385][243]LogPlayLevel: PIE: World Init took: (0.000527s)
[2018.08.09-23.01.19:385][243]LogPlayLevel: PIE: Created PIE world by copying editor world from /Game/Maps/NewMap.NewMap to /Game/Maps/UEDPIE_0_NewMap.NewMap (0.008075s)
[2018.08.09-23.01.19:424][243]LogInit: XAudio2 using 'Speakers (3- Logitech G933 Gaming Headset)' : 6 channels at 48 kHz using 16 bits per sample (channel mask 0x3f)
[2018.08.09-23.01.19:437][243]LogInit: FAudioDevice initialized.
[2018.08.09-23.01.19:474][243]LogLoad: Game class is 'EscapeRoomGameMode'
[2018.08.09-23.01.19:477][243]LogWorld: Bringing World /Game/Maps/UEDPIE_0_NewMap.NewMap up for play (max tick rate 0) at 2018.08.10-11.01.19
[2018.08.09-23.01.19:477][243]LogWorld: Bringing up level for play took: 0.002124
[2018.08.09-23.01.19:499][243]LogContentBrowser: Native class hierarchy updated for 'MovieSceneCapture' in 0.0003 seconds. Added 10 classes and 0 folders.
[2018.08.09-23.01.19:506][243]PIE: Play in editor start time for /Game/Maps/UEDPIE_0_NewMap 0.054
[2018.08.09-23.01.19:506][243]LogBlueprintUserMessages: Late PlayInEditor Detection: Level '/Game/Maps/NewMap.NewMap:PersistentLevel' has LevelScriptBlueprint '/Game/Maps/NewMap.NewMap:PersistentLevel.NewMap' with GeneratedClass '/Game/Maps/NewMap.NewMap_C' with ClassGeneratedBy '/Game/Maps/NewMap.NewMap:PersistentLevel.NewMap'
[2018.08.09-23.01.29:322][414]LogNet: Browse: /Game/Maps/NewMap
[2018.08.09-23.01.29:322][414]LogLoad: LoadMap: /Game/Maps/NewMap
[2018.08.09-23.01.29:346][414]LogPlayLevel: Creating play world package: /Game/Maps/UEDPIE_0_NewMap
[2018.08.09-23.01.29:352][414]LogPlayLevel: PIE: StaticDuplicateObject took: (0.006264s)
[2018.08.09-23.01.29:352][414]LogAIModule: Creating AISystem for world NewMap
[2018.08.09-23.01.29:352][414]LogPlayLevel: PIE: World Init took: (0.000478s)
[2018.08.09-23.01.29:352][414]LogPlayLevel: PIE: Created PIE world by copying editor world from /Game/Maps/NewMap.NewMap to /Game/Maps/UEDPIE_0_NewMap.NewMap (0.006864s)
[2018.08.09-23.01.29:352][414]LogLoad: Game class is 'EscapeRoomGameMode'
[2018.08.09-23.01.29:354][414]LogWorld: Bringing World /Game/Maps/UEDPIE_0_NewMap.NewMap up for play (max tick rate 0) at 2018.08.10-11.01.29
[2018.08.09-23.01.29:354][414]LogWorld: Bringing up level for play took: 0.001700
[2018.08.09-23.01.29:356][414]LogLoad: Took 0.033578 seconds to LoadMap(/Game/Maps/UEDPIE_0_NewMap)
[2018.08.09-23.01.33:979][968]LogNet: Browse: /Game/Maps/NewMap
[2018.08.09-23.01.33:979][968]LogLoad: LoadMap: /Game/Maps/NewMap
[2018.08.09-23.01.34:002][968]LogPlayLevel: Creating play world package: /Game/Maps/UEDPIE_0_NewMap
[2018.08.09-23.01.34:008][968]LogPlayLevel: PIE: StaticDuplicateObject took: (0.005922s)
[2018.08.09-23.01.34:008][968]LogAIModule: Creating AISystem for world NewMap
[2018.08.09-23.01.34:008][968]LogPlayLevel: PIE: World Init took: (0.000483s)
[2018.08.09-23.01.34:008][968]LogPlayLevel: PIE: Created PIE world by copying editor world from /Game/Maps/NewMap.NewMap to /Game/Maps/UEDPIE_0_NewMap.NewMap (0.006534s)
[2018.08.09-23.01.34:008][968]LogLoad: Game class is 'EscapeRoomGameMode'
[2018.08.09-23.01.34:010][968]LogWorld: Bringing World /Game/Maps/UEDPIE_0_NewMap.NewMap up for play (max tick rate 0) at 2018.08.10-11.01.34
[2018.08.09-23.01.34:010][968]LogWorld: Bringing up level for play took: 0.001650
[2018.08.09-23.01.34:011][968]LogLoad: Took 0.031941 seconds to LoadMap(/Game/Maps/UEDPIE_0_NewMap)
[2018.08.09-23.01.54:799][462]LogNet: Browse: /Game/Maps/NewMap
[2018.08.09-23.01.54:800][462]LogLoad: LoadMap: /Game/Maps/NewMap
[2018.08.09-23.01.54:823][462]LogPlayLevel: Creating play world package: /Game/Maps/UEDPIE_0_NewMap
[2018.08.09-23.01.54:829][462]LogPlayLevel: PIE: StaticDuplicateObject took: (0.005958s)
[2018.08.09-23.01.54:829][462]LogAIModule: Creating AISystem for world NewMap
[2018.08.09-23.01.54:829][462]LogPlayLevel: PIE: World Init took: (0.000510s)
[2018.08.09-23.01.54:830][462]LogPlayLevel: PIE: Created PIE world by copying editor world from /Game/Maps/NewMap.NewMap to /Game/Maps/UEDPIE_0_NewMap.NewMap (0.006597s)
[2018.08.09-23.01.54:830][462]LogLoad: Game class is 'EscapeRoomGameMode'
[2018.08.09-23.01.54:831][462]LogWorld: Bringing World /Game/Maps/UEDPIE_0_NewMap.NewMap up for play (max tick rate 0) at 2018.08.10-11.01.54
[2018.08.09-23.01.54:832][462]LogWorld: Bringing up level for play took: 0.001659
[2018.08.09-23.01.54:833][462]LogLoad: Took 0.033163 seconds to LoadMap(/Game/Maps/UEDPIE_0_NewMap)
[2018.08.09-23.02.13:790][736]LogNet: Browse: /Game/Maps/NewMap
[2018.08.09-23.02.13:790][736]LogLoad: LoadMap: /Game/Maps/NewMap
[2018.08.09-23.02.13:812][736]LogPlayLevel: Creating play world package: /Game/Maps/UEDPIE_0_NewMap
[2018.08.09-23.02.13:818][736]LogPlayLevel: PIE: StaticDuplicateObject took: (0.006114s)
[2018.08.09-23.02.13:819][736]LogAIModule: Creating AISystem for world NewMap
[2018.08.09-23.02.13:819][736]LogPlayLevel: PIE: World Init took: (0.000645s)
[2018.08.09-23.02.13:819][736]LogPlayLevel: PIE: Created PIE world by copying editor world from /Game/Maps/NewMap.NewMap to /Game/Maps/UEDPIE_0_NewMap.NewMap (0.006926s)
[2018.08.09-23.02.13:819][736]LogLoad: Game class is 'EscapeRoomGameMode'
[2018.08.09-23.02.13:821][736]LogWorld: Bringing World /Game/Maps/UEDPIE_0_NewMap.NewMap up for play (max tick rate 0) at 2018.08.10-11.02.13
[2018.08.09-23.02.13:821][736]LogWorld: Bringing up level for play took: 0.001753
[2018.08.09-23.02.13:822][736]LogLoad: Took 0.031844 seconds to LoadMap(/Game/Maps/UEDPIE_0_NewMap)
[2018.08.09-23.02.41:617][ 67]LogNet: Browse: /Game/Maps/NewMap
[2018.08.09-23.02.41:617][ 67]LogLoad: LoadMap: /Game/Maps/NewMap
[2018.08.09-23.02.41:639][ 67]LogPlayLevel: Creating play world package: /Game/Maps/UEDPIE_0_NewMap
[2018.08.09-23.02.41:645][ 67]LogPlayLevel: PIE: StaticDuplicateObject took: (0.005891s)
[2018.08.09-23.02.41:646][ 67]LogAIModule: Creating AISystem for world NewMap
[2018.08.09-23.02.41:646][ 67]LogPlayLevel: PIE: World Init took: (0.000494s)
[2018.08.09-23.02.41:646][ 67]LogPlayLevel: PIE: Created PIE world by copying editor world from /Game/Maps/NewMap.NewMap to /Game/Maps/UEDPIE_0_NewMap.NewMap (0.006500s)
[2018.08.09-23.02.41:646][ 67]LogLoad: Game class is 'EscapeRoomGameMode'
[2018.08.09-23.02.41:648][ 67]LogWorld: Bringing World /Game/Maps/UEDPIE_0_NewMap.NewMap up for play (max tick rate 0) at 2018.08.10-11.02.41
[2018.08.09-23.02.41:648][ 67]LogWorld: Bringing up level for play took: 0.001715
[2018.08.09-23.02.41:649][ 67]LogLoad: Took 0.031638 seconds to LoadMap(/Game/Maps/UEDPIE_0_NewMap)
[2018.08.09-23.03.02:885][615]LogNet: Browse: /Game/Maps/NewMap
[2018.08.09-23.03.02:885][615]LogLoad: LoadMap: /Game/Maps/NewMap
[2018.08.09-23.03.02:905][615]LogPlayLevel: Creating play world package: /Game/Maps/UEDPIE_0_NewMap
[2018.08.09-23.03.02:911][615]LogPlayLevel: PIE: StaticDuplicateObject took: (0.006153s)
[2018.08.09-23.03.02:911][615]LogAIModule: Creating AISystem for world NewMap
[2018.08.09-23.03.02:911][615]LogPlayLevel: PIE: World Init took: (0.000504s)
[2018.08.09-23.03.02:911][615]LogPlayLevel: PIE: Created PIE world by copying editor world from /Game/Maps/NewMap.NewMap to /Game/Maps/UEDPIE_0_NewMap.NewMap (0.006786s)
[2018.08.09-23.03.02:911][615]LogLoad: Game class is 'EscapeRoomGameMode'
[2018.08.09-23.03.02:913][615]LogWorld: Bringing World /Game/Maps/UEDPIE_0_NewMap.NewMap up for play (max tick rate 0) at 2018.08.10-11.03.02
[2018.08.09-23.03.02:913][615]LogWorld: Bringing up level for play took: 0.001672
[2018.08.09-23.03.02:915][615]LogLoad: Took 0.029696 seconds to LoadMap(/Game/Maps/UEDPIE_0_NewMap)
[2018.08.09-23.03.03:832][725]LogBlueprintUserMessages: Early EndPlayMap Detection: Level '/Game/Maps/NewMap.NewMap:PersistentLevel' has LevelScriptBlueprint '/Game/Maps/NewMap.NewMap:PersistentLevel.NewMap' with GeneratedClass '/Game/Maps/NewMap.NewMap_C' with ClassGeneratedBy '/Game/Maps/NewMap.NewMap:PersistentLevel.NewMap'
[2018.08.09-23.03.03:832][725]LogSlate: Updating window title bar state: overlay mode, drag disabled, window buttons hidden, title bar hidden
[2018.08.09-23.03.03:864][725]LogPlayLevel: Display: Shutting down PIE online subsystems
[2018.08.09-23.03.03:864][725]LogBlueprintUserMessages: Late EndPlayMap Detection: Level '/Game/Maps/NewMap.NewMap:PersistentLevel' has LevelScriptBlueprint '/Game/Maps/NewMap.NewMap:PersistentLevel.NewMap' with GeneratedClass '/Game/Maps/NewMap.NewMap_C' with ClassGeneratedBy '/Game/Maps/NewMap.NewMap:PersistentLevel.NewMap'
[2018.08.09-23.03.03:888][725]LogSlate: Updating window title bar state: overlay mode, drag disabled, window buttons hidden, title bar hidden
[2018.08.09-23.03.03:937][730]LogPlayLevel: Display: Destroying online subsystem :Context_5
[2018.08.09-23.03.05:260][888]LogSlate: FSceneViewport::OnFocusLost() reason 0
[2018.08.09-23.03.12:892][798]BlueprintLog: New page: Compile Bookshelf_Book_Shelf_Blueprint
[2018.08.09-23.03.14:444][967]LogTemp: Repeating last play command: Selected Viewport
[2018.08.09-23.03.14:462][967]LogBlueprintUserMessages: Early PlayInEditor Detection: Level '/Game/Maps/NewMap.NewMap:PersistentLevel' has LevelScriptBlueprint '/Game/Maps/NewMap.NewMap:PersistentLevel.NewMap' with GeneratedClass '/Game/Maps/NewMap.NewMap_C' with ClassGeneratedBy '/Game/Maps/NewMap.NewMap:PersistentLevel.NewMap'
[2018.08.09-23.03.14:462][967]LogPlayLevel: PlayLevel: No blueprints needed recompiling
[2018.08.09-23.03.14:462][967]PIE: New page: PIE session: NewMap (Aug 10, 2018, 11:03:14 PM)
[2018.08.09-23.03.14:462][967]LogPlayLevel: Creating play world package: /Game/Maps/UEDPIE_0_NewMap
[2018.08.09-23.03.14:469][967]LogPlayLevel: PIE: StaticDuplicateObject took: (0.006413s)
[2018.08.09-23.03.14:469][967]LogAIModule: Creating AISystem for world NewMap
[2018.08.09-23.03.14:469][967]LogPlayLevel: PIE: World Init took: (0.000546s)
[2018.08.09-23.03.14:469][967]LogPlayLevel: PIE: Created PIE world by copying editor world from /Game/Maps/NewMap.NewMap to /Game/Maps/UEDPIE_0_NewMap.NewMap (0.007059s)
[2018.08.09-23.03.14:508][967]LogInit: XAudio2 using 'Speakers (3- Logitech G933 Gaming Headset)' : 6 channels at 48 kHz using 16 bits per sample (channel mask 0x3f)
[2018.08.09-23.03.14:520][967]LogInit: FAudioDevice initialized.
[2018.08.09-23.03.14:550][967]LogLoad: Game class is 'EscapeRoomGameMode'
[2018.08.09-23.03.14:552][967]LogWorld: Bringing World /Game/Maps/UEDPIE_0_NewMap.NewMap up for play (max tick rate 0) at 2018.08.10-11.03.14
[2018.08.09-23.03.14:552][967]LogWorld: Bringing up level for play took: 0.001772
[2018.08.09-23.03.14:565][967]PIE: Play in editor start time for /Game/Maps/UEDPIE_0_NewMap -0.887
[2018.08.09-23.03.14:565][967]LogBlueprintUserMessages: Late PlayInEditor Detection: Level '/Game/Maps/NewMap.NewMap:PersistentLevel' has LevelScriptBlueprint '/Game/Maps/NewMap.NewMap:PersistentLevel.NewMap' with GeneratedClass '/Game/Maps/NewMap.NewMap_C' with ClassGeneratedBy '/Game/Maps/NewMap.NewMap:PersistentLevel.NewMap'
[2018.08.09-23.03.21:257][766]LogBlueprintUserMessages: Early EndPlayMap Detection: Level '/Game/Maps/NewMap.NewMap:PersistentLevel' has LevelScriptBlueprint '/Game/Maps/NewMap.NewMap:PersistentLevel.NewMap' with GeneratedClass '/Game/Maps/NewMap.NewMap_C' with ClassGeneratedBy '/Game/Maps/NewMap.NewMap:PersistentLevel.NewMap'
[2018.08.09-23.03.21:257][766]LogSlate: Updating window title bar state: overlay mode, drag disabled, window buttons hidden, title bar hidden
[2018.08.09-23.03.21:292][766]LogPlayLevel: Display: Shutting down PIE online subsystems
[2018.08.09-23.03.21:292][766]LogBlueprintUserMessages: Late EndPlayMap Detection: Level '/Game/Maps/NewMap.NewMap:PersistentLevel' has LevelScriptBlueprint '/Game/Maps/NewMap.NewMap:PersistentLevel.NewMap' with GeneratedClass '/Game/Maps/NewMap.NewMap_C' with ClassGeneratedBy '/Game/Maps/NewMap.NewMap:PersistentLevel.NewMap'
[2018.08.09-23.03.21:315][766]LogSlate: Updating window title bar state: overlay mode, drag disabled, window buttons hidden, title bar hidden
[2018.08.09-23.03.21:359][769]LogPlayLevel: Display: Destroying online subsystem :Context_6
[2018.08.09-23.03.22:386][892]LogSlate: FSceneViewport::OnFocusLost() reason 0
[2018.08.09-23.03.27:935][557]LogTemp: Repeating last play command: Selected Viewport
[2018.08.09-23.03.27:949][557]LogBlueprintUserMessages: Early PlayInEditor Detection: Level '/Game/Maps/NewMap.NewMap:PersistentLevel' has LevelScriptBlueprint '/Game/Maps/NewMap.NewMap:PersistentLevel.NewMap' with GeneratedClass '/Game/Maps/NewMap.NewMap_C' with ClassGeneratedBy '/Game/Maps/NewMap.NewMap:PersistentLevel.NewMap'
[2018.08.09-23.03.27:949][557]LogPlayLevel: PlayLevel: No blueprints needed recompiling
[2018.08.09-23.03.27:949][557]PIE: New page: PIE session: NewMap (Aug 10, 2018, 11:03:27 PM)
[2018.08.09-23.03.27:949][557]LogPlayLevel: Creating play world package: /Game/Maps/UEDPIE_0_NewMap
[2018.08.09-23.03.27:955][557]LogPlayLevel: PIE: StaticDuplicateObject took: (0.006340s)
[2018.08.09-23.03.27:956][557]LogAIModule: Creating AISystem for world NewMap
[2018.08.09-23.03.27:956][557]LogPlayLevel: PIE: World Init took: (0.000549s)
[2018.08.09-23.03.27:956][557]LogPlayLevel: PIE: Created PIE world by copying editor world from /Game/Maps/NewMap.NewMap to /Game/Maps/UEDPIE_0_NewMap.NewMap (0.006982s)
[2018.08.09-23.03.27:992][557]LogInit: XAudio2 using 'Speakers (3- Logitech G933 Gaming Headset)' : 6 channels at 48 kHz using 16 bits per sample (channel mask 0x3f)
[2018.08.09-23.03.28:003][557]LogInit: FAudioDevice initialized.
[2018.08.09-23.03.28:032][557]LogLoad: Game class is 'EscapeRoomGameMode'
[2018.08.09-23.03.28:034][557]LogWorld: Bringing World /Game/Maps/UEDPIE_0_NewMap.NewMap up for play (max tick rate 0) at 2018.08.10-11.03.28
[2018.08.09-23.03.28:034][557]LogWorld: Bringing up level for play took: 0.001813
[2018.08.09-23.03.28:047][557]PIE: Play in editor start time for /Game/Maps/UEDPIE_0_NewMap 0.596
[2018.08.09-23.03.28:047][557]LogBlueprintUserMessages: Late PlayInEditor Detection: Level '/Game/Maps/NewMap.NewMap:PersistentLevel' has LevelScriptBlueprint '/Game/Maps/NewMap.NewMap:PersistentLevel.NewMap' with GeneratedClass '/Game/Maps/NewMap.NewMap_C' with ClassGeneratedBy '/Game/Maps/NewMap.NewMap:PersistentLevel.NewMap'
[2018.08.09-23.03.49:363][110]LogNet: Browse: /Game/Maps/NewMap
[2018.08.09-23.03.49:363][110]LogLoad: LoadMap: /Game/Maps/NewMap
[2018.08.09-23.03.49:383][110]LogPlayLevel: Creating play world package: /Game/Maps/UEDPIE_0_NewMap
[2018.08.09-23.03.49:390][110]LogPlayLevel: PIE: StaticDuplicateObject took: (0.006216s)
[2018.08.09-23.03.49:390][110]LogAIModule: Creating AISystem for world NewMap
[2018.08.09-23.03.49:390][110]LogPlayLevel: PIE: World Init took: (0.000549s)
[2018.08.09-23.03.49:390][110]LogPlayLevel: PIE: Created PIE world by copying editor world from /Game/Maps/NewMap.NewMap to /Game/Maps/UEDPIE_0_NewMap.NewMap (0.006908s)
[2018.08.09-23.03.49:390][110]LogLoad: Game class is 'EscapeRoomGameMode'
[2018.08.09-23.03.49:392][110]LogWorld: Bringing World /Game/Maps/UEDPIE_0_NewMap.NewMap up for play (max tick rate 0) at 2018.08.10-11.03.49
[2018.08.09-23.03.49:392][110]LogWorld: Bringing up level for play took: 0.001667
[2018.08.09-23.03.49:394][110]LogLoad: Took 0.030468 seconds to LoadMap(/Game/Maps/UEDPIE_0_NewMap)
[2018.08.09-23.04.30:880][ 87]LogNet: Browse: /Game/Maps/NewMap
[2018.08.09-23.04.30:880][ 87]LogLoad: LoadMap: /Game/Maps/NewMap
[2018.08.09-23.04.30:903][ 87]LogPlayLevel: Creating play world package: /Game/Maps/UEDPIE_0_NewMap
[2018.08.09-23.04.30:910][ 87]LogPlayLevel: PIE: StaticDuplicateObject took: (0.006117s)
[2018.08.09-23.04.30:910][ 87]LogAIModule: Creating AISystem for world NewMap
[2018.08.09-23.04.30:910][ 87]LogPlayLevel: PIE: World Init took: (0.000493s)
[2018.08.09-23.04.30:910][ 87]LogPlayLevel: PIE: Created PIE world by copying editor world from /Game/Maps/NewMap.NewMap to /Game/Maps/UEDPIE_0_NewMap.NewMap (0.006731s)
[2018.08.09-23.04.30:910][ 87]LogLoad: Game class is 'EscapeRoomGameMode'
[2018.08.09-23.04.30:912][ 87]LogWorld: Bringing World /Game/Maps/UEDPIE_0_NewMap.NewMap up for play (max tick rate 0) at 2018.08.10-11.04.30
[2018.08.09-23.04.30:912][ 87]LogWorld: Bringing up level for play took: 0.001683
[2018.08.09-23.04.30:913][ 87]LogLoad: Took 0.033365 seconds to LoadMap(/Game/Maps/UEDPIE_0_NewMap)
[2018.08.09-23.04.32:056][224]LogBlueprintUserMessages: Early EndPlayMap Detection: Level '/Game/Maps/NewMap.NewMap:PersistentLevel' has LevelScriptBlueprint '/Game/Maps/NewMap.NewMap:PersistentLevel.NewMap' with GeneratedClass '/Game/Maps/NewMap.NewMap_C' with ClassGeneratedBy '/Game/Maps/NewMap.NewMap:PersistentLevel.NewMap'
[2018.08.09-23.04.32:056][224]LogSlate: Updating window title bar state: overlay mode, drag disabled, window buttons hidden, title bar hidden
[2018.08.09-23.04.32:089][224]LogPlayLevel: Display: Shutting down PIE online subsystems
[2018.08.09-23.04.32:089][224]LogBlueprintUserMessages: Late EndPlayMap Detection: Level '/Game/Maps/NewMap.NewMap:PersistentLevel' has LevelScriptBlueprint '/Game/Maps/NewMap.NewMap:PersistentLevel.NewMap' with GeneratedClass '/Game/Maps/NewMap.NewMap_C' with ClassGeneratedBy '/Game/Maps/NewMap.NewMap:PersistentLevel.NewMap'
[2018.08.09-23.04.32:112][224]LogSlate: Updating window title bar state: overlay mode, drag disabled, window buttons hidden, title bar hidden
[2018.08.09-23.04.32:162][229]LogPlayLevel: Display: Destroying online subsystem :Context_7
[2018.08.09-23.05.20:086][962]LogEditorViewport: Clicking on Actor (LMB): StaticMeshActor (Props_Table8)
[2018.08.09-23.05.22:279][210]LogSlate: FSceneViewport::OnFocusLost() reason 0
[2018.08.09-23.05.28:262][920]LogEditorViewport: Clicking on Actor (LMB): StaticMeshActor (Props_Table8)
[2018.08.09-23.05.42:802][634]LogSlate: FSceneViewport::OnFocusLost() reason 0
[2018.08.09-23.05.42:876][643]LogTemp: Repeating last play command: Selected Viewport
[2018.08.09-23.05.42:894][643]LogBlueprintUserMessages: Early PlayInEditor Detection: Level '/Game/Maps/NewMap.NewMap:PersistentLevel' has LevelScriptBlueprint '/Game/Maps/NewMap.NewMap:PersistentLevel.NewMap' with GeneratedClass '/Game/Maps/NewMap.NewMap_C' with ClassGeneratedBy '/Game/Maps/NewMap.NewMap:PersistentLevel.NewMap'
[2018.08.09-23.05.42:894][643]LogPlayLevel: PlayLevel: No blueprints needed recompiling
[2018.08.09-23.05.42:894][643]PIE: New page: PIE session: NewMap (Aug 10, 2018, 11:05:42 PM)
[2018.08.09-23.05.42:894][643]LogPlayLevel: Creating play world package: /Game/Maps/UEDPIE_0_NewMap
[2018.08.09-23.05.42:900][643]LogPlayLevel: PIE: StaticDuplicateObject took: (0.006267s)
[2018.08.09-23.05.42:901][643]LogAIModule: Creating AISystem for world NewMap
[2018.08.09-23.05.42:901][643]LogPlayLevel: PIE: World Init took: (0.000615s)
[2018.08.09-23.05.42:901][643]LogPlayLevel: PIE: Created PIE world by copying editor world from /Game/Maps/NewMap.NewMap to /Game/Maps/UEDPIE_0_NewMap.NewMap (0.006986s)
[2018.08.09-23.05.42:938][643]LogInit: XAudio2 using 'Speakers (3- Logitech G933 Gaming Headset)' : 6 channels at 48 kHz using 16 bits per sample (channel mask 0x3f)
[2018.08.09-23.05.42:950][643]LogInit: FAudioDevice initialized.
[2018.08.09-23.05.42:981][643]LogLoad: Game class is 'EscapeRoomGameMode'
[2018.08.09-23.05.42:983][643]LogWorld: Bringing World /Game/Maps/UEDPIE_0_NewMap.NewMap up for play (max tick rate 0) at 2018.08.10-11.05.42
[2018.08.09-23.05.42:984][643]LogWorld: Bringing up level for play took: 0.002016
[2018.08.09-23.05.42:996][643]PIE: Play in editor start time for /Game/Maps/UEDPIE_0_NewMap -0.455
[2018.08.09-23.05.42:997][643]LogBlueprintUserMessages: Late PlayInEditor Detection: Level '/Game/Maps/NewMap.NewMap:PersistentLevel' has LevelScriptBlueprint '/Game/Maps/NewMap.NewMap:PersistentLevel.NewMap' with GeneratedClass '/Game/Maps/NewMap.NewMap_C' with ClassGeneratedBy '/Game/Maps/NewMap.NewMap:PersistentLevel.NewMap'
[2018.08.09-23.06.17:003][717]LogNet: Browse: /Game/Maps/NewMap
[2018.08.09-23.06.17:003][717]LogLoad: LoadMap: /Game/Maps/NewMap
[2018.08.09-23.06.17:026][717]LogPlayLevel: Creating play world package: /Game/Maps/UEDPIE_0_NewMap
[2018.08.09-23.06.17:033][717]LogPlayLevel: PIE: StaticDuplicateObject took: (0.006252s)
[2018.08.09-23.06.17:033][717]LogAIModule: Creating AISystem for world NewMap
[2018.08.09-23.06.17:033][717]LogPlayLevel: PIE: World Init took: (0.000503s)
[2018.08.09-23.06.17:033][717]LogPlayLevel: PIE: Created PIE world by copying editor world from /Game/Maps/NewMap.NewMap to /Game/Maps/UEDPIE_0_NewMap.NewMap (0.006876s)
[2018.08.09-23.06.17:033][717]LogLoad: Game class is 'EscapeRoomGameMode'
[2018.08.09-23.06.17:035][717]LogWorld: Bringing World /Game/Maps/UEDPIE_0_NewMap.NewMap up for play (max tick rate 0) at 2018.08.10-11.06.17
[2018.08.09-23.06.17:035][717]LogWorld: Bringing up level for play took: 0.001665
[2018.08.09-23.06.17:036][717]LogLoad: Took 0.033112 seconds to LoadMap(/Game/Maps/UEDPIE_0_NewMap)
[2018.08.09-23.06.22:036][316]LogNet: Browse: /Game/Maps/NewMap
[2018.08.09-23.06.22:036][316]LogLoad: LoadMap: /Game/Maps/NewMap
[2018.08.09-23.06.22:059][316]LogPlayLevel: Creating play world package: /Game/Maps/UEDPIE_0_NewMap
[2018.08.09-23.06.22:065][316]LogPlayLevel: PIE: StaticDuplicateObject took: (0.005996s)
[2018.08.09-23.06.22:066][316]LogAIModule: Creating AISystem for world NewMap
[2018.08.09-23.06.22:066][316]LogPlayLevel: PIE: World Init took: (0.000503s)
[2018.08.09-23.06.22:066][316]LogPlayLevel: PIE: Created PIE world by copying editor world from /Game/Maps/NewMap.NewMap to /Game/Maps/UEDPIE_0_NewMap.NewMap (0.006618s)
[2018.08.09-23.06.22:066][316]LogLoad: Game class is 'EscapeRoomGameMode'
[2018.08.09-23.06.22:068][316]LogWorld: Bringing World /Game/Maps/UEDPIE_0_NewMap.NewMap up for play (max tick rate 0) at 2018.08.10-11.06.22
[2018.08.09-23.06.22:068][316]LogWorld: Bringing up level for play took: 0.001699
[2018.08.09-23.06.22:069][316]LogLoad: Took 0.033184 seconds to LoadMap(/Game/Maps/UEDPIE_0_NewMap)
[2018.08.09-23.06.57:547][568]LogNet: Browse: /Game/Maps/NewMap
[2018.08.09-23.06.57:547][568]LogLoad: LoadMap: /Game/Maps/NewMap
[2018.08.09-23.06.57:569][568]LogPlayLevel: Creating play world package: /Game/Maps/UEDPIE_0_NewMap
[2018.08.09-23.06.57:575][568]LogPlayLevel: PIE: StaticDuplicateObject took: (0.005780s)
[2018.08.09-23.06.57:575][568]LogAIModule: Creating AISystem for world NewMap
[2018.08.09-23.06.57:575][568]LogPlayLevel: PIE: World Init took: (0.000500s)
[2018.08.09-23.06.57:575][568]LogPlayLevel: PIE: Created PIE world by copying editor world from /Game/Maps/NewMap.NewMap to /Game/Maps/UEDPIE_0_NewMap.NewMap (0.006398s)
[2018.08.09-23.06.57:575][568]LogLoad: Game class is 'EscapeRoomGameMode'
[2018.08.09-23.06.57:577][568]LogWorld: Bringing World /Game/Maps/UEDPIE_0_NewMap.NewMap up for play (max tick rate 0) at 2018.08.10-11.06.57
[2018.08.09-23.06.57:577][568]LogWorld: Bringing up level for play took: 0.001737
[2018.08.09-23.06.57:579][568]LogLoad: Took 0.031896 seconds to LoadMap(/Game/Maps/UEDPIE_0_NewMap)
[2018.08.09-23.07.21:593][449]LogNet: Browse: /Game/Maps/NewMap
[2018.08.09-23.07.21:593][449]LogLoad: LoadMap: /Game/Maps/NewMap
[2018.08.09-23.07.21:616][449]LogPlayLevel: Creating play world package: /Game/Maps/UEDPIE_0_NewMap
[2018.08.09-23.07.21:622][449]LogPlayLevel: PIE: StaticDuplicateObject took: (0.005945s)
[2018.08.09-23.07.21:623][449]LogAIModule: Creating AISystem for world NewMap
[2018.08.09-23.07.21:623][449]LogPlayLevel: PIE: World Init took: (0.000656s)
[2018.08.09-23.07.21:623][449]LogPlayLevel: PIE: Created PIE world by copying editor world from /Game/Maps/NewMap.NewMap to /Game/Maps/UEDPIE_0_NewMap.NewMap (0.006732s)
[2018.08.09-23.07.21:623][449]LogLoad: Game class is 'EscapeRoomGameMode'
[2018.08.09-23.07.21:625][449]LogWorld: Bringing World /Game/Maps/UEDPIE_0_NewMap.NewMap up for play (max tick rate 0) at 2018.08.10-11.07.21
[2018.08.09-23.07.21:625][449]LogWorld: Bringing up level for play took: 0.001722
[2018.08.09-23.07.21:626][449]LogLoad: Took 0.033440 seconds to LoadMap(/Game/Maps/UEDPIE_0_NewMap)
[2018.08.09-23.07.27:988][212]LogNet: Browse: /Game/Maps/NewMap
[2018.08.09-23.07.27:988][212]LogLoad: LoadMap: /Game/Maps/NewMap
[2018.08.09-23.07.28:010][212]LogPlayLevel: Creating play world package: /Game/Maps/UEDPIE_0_NewMap
[2018.08.09-23.07.28:016][212]LogPlayLevel: PIE: StaticDuplicateObject took: (0.005883s)
[2018.08.09-23.07.28:016][212]LogAIModule: Creating AISystem for world NewMap
[2018.08.09-23.07.28:016][212]LogPlayLevel: PIE: World Init took: (0.000475s)
[2018.08.09-23.07.28:016][212]LogPlayLevel: PIE: Created PIE world by copying editor world from /Game/Maps/NewMap.NewMap to /Game/Maps/UEDPIE_0_NewMap.NewMap (0.006487s)
[2018.08.09-23.07.28:016][212]LogLoad: Game class is 'EscapeRoomGameMode'
[2018.08.09-23.07.28:018][212]LogWorld: Bringing World /Game/Maps/UEDPIE_0_NewMap.NewMap up for play (max tick rate 0) at 2018.08.10-11.07.28
[2018.08.09-23.07.28:018][212]LogWorld: Bringing up level for play took: 0.001642
[2018.08.09-23.07.28:019][212]LogLoad: Took 0.031170 seconds to LoadMap(/Game/Maps/UEDPIE_0_NewMap)
[2018.08.09-23.08.17:983][196]LogPackageName: SearchForPackageOnDisk took   0.061s, but failed to resolve SrartScreen.umap.
[2018.08.09-23.08.18:047][197]LogPackageName: SearchForPackageOnDisk took   0.059s, but failed to resolve SrartScreen.umap.
[2018.08.09-23.08.18:048][197]LogNet: Browse: /Game/Maps/StartScreen
[2018.08.09-23.08.18:048][197]LogNet: Warning: Travel Failure: [InvalidURL]: Invalid URL: /Game/Maps/StartScreen
[2018.08.09-23.08.18:048][197]LogNet: Warning: TravelFailure: InvalidURL, Reason for Failure: 'Invalid URL: /Game/Maps/StartScreen'. Shutting down PIE.
[2018.08.09-23.08.18:048][197]PIE: Warning: TravelFailure: InvalidURL, Reason for Failure: 'Invalid URL: /Game/Maps/StartScreen'. Shutting down PIE.
[2018.08.09-23.08.18:048][197]LogNet: Warning: Travel Failure: [ClientTravelFailure]: Invalid URL: /Game/Maps/StartScreen
[2018.08.09-23.08.18:048][197]LogNet: Warning: TravelFailure: ClientTravelFailure, Reason for Failure: 'Invalid URL: /Game/Maps/StartScreen'. Shutting down PIE.
[2018.08.09-23.08.18:048][197]PIE: Warning: TravelFailure: ClientTravelFailure, Reason for Failure: 'Invalid URL: /Game/Maps/StartScreen'. Shutting down PIE.
[2018.08.09-23.08.18:049][197]LogBlueprintUserMessages: Early EndPlayMap Detection: Level '/Game/Maps/NewMap.NewMap:PersistentLevel' has LevelScriptBlueprint '/Game/Maps/NewMap.NewMap:PersistentLevel.NewMap' with GeneratedClass '/Game/Maps/NewMap.NewMap_C' with ClassGeneratedBy '/Game/Maps/NewMap.NewMap:PersistentLevel.NewMap'
[2018.08.09-23.08.18:049][197]LogSlate: Updating window title bar state: overlay mode, drag disabled, window buttons hidden, title bar hidden
[2018.08.09-23.08.18:078][197]LogPlayLevel: Display: Shutting down PIE online subsystems
[2018.08.09-23.08.18:078][197]LogBlueprintUserMessages: Late EndPlayMap Detection: Level '/Game/Maps/NewMap.NewMap:PersistentLevel' has LevelScriptBlueprint '/Game/Maps/NewMap.NewMap:PersistentLevel.NewMap' with GeneratedClass '/Game/Maps/NewMap.NewMap_C' with ClassGeneratedBy '/Game/Maps/NewMap.NewMap:PersistentLevel.NewMap'
[2018.08.09-23.08.18:101][197]LogSlate: Updating window title bar state: overlay mode, drag disabled, window buttons hidden, title bar hidden
[2018.08.09-23.08.18:122][198]LogPlayLevel: Display: Destroying online subsystem :Context_8
[2018.08.09-23.08.26:097][153]LogSlate: FSceneViewport::OnFocusLost() reason 0
[2018.08.09-23.08.44:546][364]LogSlate: Window 'Message Log' being destroyed
[2018.08.09-23.08.44:549][364]LogSlate: Window 'Message Log' being destroyed
[2018.08.09-23.08.52:570][324]LogAIModule: Creating AISystem for world StartScreen
[2018.08.09-23.09.22:430][743]LogAssetEditorManager: Opening Asset editor for World /Game/Maps/StartScreen.StartScreen
[2018.08.09-23.09.25:937][743]LogSlate: Window 'Save Content' being destroyed
[2018.08.09-23.09.25:998][743]LogSavePackage: Moving '../../../../../../Users/Brandon/Documents/GitHub/Escape-Room/EscapeRoomNew/Saved/Bookshelf_Book_Shelf_BlueprintCA299131441D7F215A0B9390E4B5D5D3.tmp' to '../../../../../../Users/Brandon/Documents/GitHub/Escape-Room/EscapeRoomNew/Content/Blueprints/Bookshelf_Book_Shelf_Blueprint.uasset'
[2018.08.09-23.09.26:057][743]Cmd: OBJ SAVEPACKAGE PACKAGE="/Game/Maps/NewMap" FILE="../../../../../../Users/Brandon/Documents/GitHub/Escape-Room/EscapeRoomNew/Content/Maps/NewMap.umap" SILENT=true AUTOSAVING=false KEEPDIRTY=false
[2018.08.09-23.09.26:254][743]LogSavePackage: Moving '../../../../../../Users/Brandon/Documents/GitHub/Escape-Room/EscapeRoomNew/Saved/NewMap284BD987430B6BA297922B9ADE99E527.tmp' to '../../../../../../Users/Brandon/Documents/GitHub/Escape-Room/EscapeRoomNew/Content/Maps/NewMap.umap'
[2018.08.09-23.09.26:280][743]LogFileHelpers: Saving map 'NewMap' took 0.278
[2018.08.09-23.09.26:282][743]Cmd: MAP LOAD FILE="../../../../../../Users/Brandon/Documents/GitHub/Escape-Room/EscapeRoomNew/Content/Maps/StartScreen.umap" TEMPLATE=0 SHOWPROGRESS=1 FEATURELEVEL=3
[2018.08.09-23.09.26:282][743]LightingResults: New page: Lighting Build
[2018.08.09-23.09.26:283][743]LoadErrors: New page: Loading map: StartScreen.umap
[2018.08.09-23.09.26:283][743]MapCheck: New page: Map Check
[2018.08.09-23.09.26:283][743]LightingResults: New page: Lighting Build
[2018.08.09-23.09.26:306][743]LogEditorServer: Finished looking for orphan Actors (0.000 secs)
[2018.08.09-23.09.26:350][743]Cmd: MAP CHECKDEP NOCLEARLOG
[2018.08.09-23.09.26:402][743]MapCheck: Map check complete: 0 Error(s), 0 Warning(s), took 51.574ms to complete.
[2018.08.09-23.09.26:403][743]LogFileHelpers: Loading map 'StartScreen' took 0.121
[2018.08.09-23.09.41:411][528]LogSlate: Window 'Bookshelf_Book_Shelf_Blueprint' being destroyed
[2018.08.09-23.09.41:461][528]LogSlate: Window 'EscapeRoom - Unreal Editor' being destroyed
[2018.08.09-23.09.41:461][528]LogWindowsTextInputMethodSystem: Display: IME system now deactivated.
[2018.08.09-23.09.41:616][529]Cmd: QUIT_EDITOR
[2018.08.09-23.09.41:698][529]LogExit: Preparing to exit.
[2018.08.09-23.09.42:170][529]LogExit: Editor shut down
[2018.08.09-23.09.42:171][529]LogExit: Transaction tracking system shut down
[2018.08.09-23.09.42:504][529]LogExit: Object subsystem successfully closed.
[2018.08.09-23.09.42:520][529]LogShaderCompilers: Display: Shaders left to compile 0
[2018.08.09-23.09.42:522][529]LogD3D11RHI: Shutdown
[2018.08.09-23.09.42:522][529]LogD3D11RHI: CleanupD3DDevice
[2018.08.09-23.09.42:523][529]LogD3D11RHI: ~FD3D11DynamicRHI
[2018.08.09-23.09.42:542][529]LogModuleManager: Shutting down and abandoning module MovieSceneCapture (618)
[2018.08.09-23.09.42:542][529]LogModuleManager: Shutting down and abandoning module Voice (616)
[2018.08.09-23.09.42:542][529]LogModuleManager: Shutting down and abandoning module BlueprintGraph (614)
[2018.08.09-23.09.42:542][529]LogModuleManager: Shutting down and abandoning module HierarchicalLODOutliner (612)
[2018.08.09-23.09.42:542][529]LogModuleManager: Shutting down and abandoning module SceneOutliner (610)
[2018.08.09-23.09.42:542][529]LogModuleManager: Shutting down and abandoning module AddContentDialog (608)
[2018.08.09-23.09.42:542][529]LogModuleManager: Shutting down and abandoning module WidgetCarousel (607)
[2018.08.09-23.09.42:542][529]LogModuleManager: Shutting down and abandoning module EditorWidgets (604)
[2018.08.09-23.09.42:542][529]LogModuleManager: Shutting down and abandoning module CollectionManager (602)
[2018.08.09-23.09.42:542][529]LogModuleManager: Shutting down and abandoning module StatsViewer (600)
[2018.08.09-23.09.42:542][529]LogModuleManager: Shutting down and abandoning module FoliageEdit (598)
[2018.08.09-23.09.42:543][529]LogModuleManager: Shutting down and abandoning module LandscapeEditor (596)
[2018.08.09-23.09.42:543][529]LogModuleManager: Shutting down and abandoning module MeshPaintMode (594)
[2018.08.09-23.09.42:543][529]LogModuleManager: Shutting down and abandoning module SceneDepthPickerMode (592)
[2018.08.09-23.09.42:543][529]LogModuleManager: Shutting down and abandoning module ActorPickerMode (590)
[2018.08.09-23.09.42:543][529]LogModuleManager: Shutting down and abandoning module GeometryMode (588)
[2018.08.09-23.09.42:543][529]LogModuleManager: Shutting down and abandoning module TextureAlignMode (586)
[2018.08.09-23.09.42:543][529]LogModuleManager: Shutting down and abandoning module BspMode (584)
[2018.08.09-23.09.42:543][529]LogModuleManager: Shutting down and abandoning module PIEPreviewDeviceProfileSelector (582)
[2018.08.09-23.09.42:543][529]LogModuleManager: Shutting down and abandoning module SequenceRecorderSections (580)
[2018.08.09-23.09.42:543][529]LogModuleManager: Shutting down and abandoning module AutomationWorker (578)
[2018.08.09-23.09.42:543][529]LogModuleManager: Shutting down and abandoning module AudioCaptureEditor (576)
[2018.08.09-23.09.42:543][529]LogModuleManager: Shutting down and abandoning module SequenceRecorder (575)
[2018.08.09-23.09.42:543][529]LogModuleManager: Shutting down and abandoning module MatineeToLevelSequence (572)
[2018.08.09-23.09.42:543][529]LogModuleManager: Shutting down and abandoning module LevelSequenceEditor (570)
[2018.08.09-23.09.42:544][529]LogModuleManager: Shutting down and abandoning module PlacementMode (569)
[2018.08.09-23.09.42:544][529]LogModuleManager: Shutting down and abandoning module MaterialEditor (568)
[2018.08.09-23.09.42:544][529]LogModuleManager: Shutting down and abandoning module WmfMediaFactory (564)
[2018.08.09-23.09.42:544][529]LogModuleManager: Shutting down and abandoning module WmfMediaEditor (562)
[2018.08.09-23.09.42:544][529]LogModuleManager: Shutting down and abandoning module MediaPlayerEditor (560)
[2018.08.09-23.09.42:545][529]LogModuleManager: Shutting down and abandoning module OpenExrWrapper (558)
[2018.08.09-23.09.42:545][529]LogModuleManager: Shutting down and abandoning module ImgMediaFactory (556)
[2018.08.09-23.09.42:545][529]LogModuleManager: Shutting down and abandoning module ImgMediaEditor (554)
[2018.08.09-23.09.42:545][529]LogModuleManager: Shutting down and abandoning module AvfMediaFactory (552)
[2018.08.09-23.09.42:545][529]LogModuleManager: Shutting down and abandoning module AvfMediaEditor (550)
[2018.08.09-23.09.42:545][529]LogModuleManager: Shutting down and abandoning module AndroidMediaFactory (548)
[2018.08.09-23.09.42:545][529]LogModuleManager: Shutting down and abandoning module AndroidMediaEditor (546)
[2018.08.09-23.09.42:545][529]LogModuleManager: Shutting down and abandoning module MagicLeapCameraPreviewFactory (544)
[2018.08.09-23.09.42:545][529]LogModuleManager: Shutting down and abandoning module MagicLeapMediaFactory (542)
[2018.08.09-23.09.42:545][529]LogModuleManager: Shutting down and abandoning module MagicLeapMediaEditor (540)
[2018.08.09-23.09.42:545][529]LogModuleManager: Shutting down and abandoning module CharacterAI (538)
[2018.08.09-23.09.42:545][529]LogModuleManager: Shutting down and abandoning module SmartSnapping (536)
[2018.08.09-23.09.42:545][529]LogModuleManager: Shutting down and abandoning module SessionServices (534)
[2018.08.09-23.09.42:545][529]LogModuleManager: Shutting down and abandoning module ViewportSnapping (532)
[2018.08.09-23.09.42:545][529]LogModuleManager: Shutting down and abandoning module ViewportInteraction (530)
[2018.08.09-23.09.42:545][529]LogModuleManager: Shutting down and abandoning module ClothPainter (528)
[2018.08.09-23.09.42:545][529]LogModuleManager: Shutting down and abandoning module SkeletalMeshEditor (527)
[2018.08.09-23.09.42:546][529]LogModuleManager: Shutting down and abandoning module LogVisualizer (524)
[2018.08.09-23.09.42:546][529]LogModuleManager: Shutting down and abandoning module IntroTutorials (522)
[2018.08.09-23.09.42:546][529]LogModuleManager: Shutting down and abandoning module GameProjectGeneration (521)
[2018.08.09-23.09.42:546][529]LogModuleManager: Shutting down and abandoning module LuminPlatformEditor (518)
[2018.08.09-23.09.42:546][529]LogModuleManager: Shutting down and abandoning module IOSPlatformEditor (516)
[2018.08.09-23.09.42:546][529]LogModuleManager: Shutting down and abandoning module HTML5PlatformEditor (514)
[2018.08.09-23.09.42:546][529]LogModuleManager: Shutting down and abandoning module AndroidPlatformEditor (512)
[2018.08.09-23.09.42:546][529]LogModuleManager: Shutting down and abandoning module AndroidDeviceDetection (511)
[2018.08.09-23.09.43:564][529]LogModuleManager: Shutting down and abandoning module WindowsPlatformEditor (508)
[2018.08.09-23.09.43:564][529]LogModuleManager: Shutting down and abandoning module LuminRuntimeSettings (506)
[2018.08.09-23.09.43:564][529]LogModuleManager: Shutting down and abandoning module IOSRuntimeSettings (504)
[2018.08.09-23.09.43:564][529]LogModuleManager: Shutting down and abandoning module AndroidRuntimeSettings (502)
[2018.08.09-23.09.43:564][529]LogModuleManager: Shutting down and abandoning module InputBindingEditor (500)
[2018.08.09-23.09.43:564][529]LogModuleManager: Shutting down and abandoning module MergeActors (498)
[2018.08.09-23.09.43:564][529]LogModuleManager: Shutting down and abandoning module LocalizationDashboard (496)
[2018.08.09-23.09.43:564][529]LogModuleManager: Shutting down and abandoning module LocalizationService (495)
[2018.08.09-23.09.43:564][529]LogModuleManager: Shutting down and abandoning module HardwareTargeting (492)
[2018.08.09-23.09.43:564][529]LogModuleManager: Shutting down and abandoning module DeviceProfileEditor (490)
[2018.08.09-23.09.43:564][529]LogModuleManager: Shutting down and abandoning module UndoHistory (488)
[2018.08.09-23.09.43:564][529]LogModuleManager: Shutting down and abandoning module XmlParser (486)
[2018.08.09-23.09.43:564][529]LogModuleManager: Shutting down and abandoning module Blutility (484)
[2018.08.09-23.09.43:564][529]LogModuleManager: Shutting down and abandoning module ProjectSettingsViewer (482)
[2018.08.09-23.09.43:564][529]LogModuleManager: Shutting down and abandoning module ProjectTargetPlatformEditor (481)
[2018.08.09-23.09.43:565][529]LogModuleManager: Shutting down and abandoning module EditorSettingsViewer (478)
[2018.08.09-23.09.43:565][529]LogModuleManager: Shutting down and abandoning module SettingsEditor (476)
[2018.08.09-23.09.43:565][529]LogModuleManager: Shutting down and abandoning module ProjectLauncher (474)
[2018.08.09-23.09.43:565][529]LogModuleManager: Shutting down and abandoning module SessionFrontend (472)
[2018.08.09-23.09.43:565][529]LogModuleManager: Shutting down and abandoning module ProfilerClient (470)
[2018.08.09-23.09.43:565][529]LogModuleManager: Shutting down and abandoning module DeviceManager (468)
[2018.08.09-23.09.43:565][529]LogModuleManager: Shutting down and abandoning module TargetDeviceServices (467)
[2018.08.09-23.09.43:619][529]LogModuleManager: Shutting down and abandoning module AutomationController (464)
[2018.08.09-23.09.43:619][529]LogModuleManager: Shutting down and abandoning module AutomationWindow (462)
[2018.08.09-23.09.43:619][529]LogModuleManager: Shutting down and abandoning module Layers (460)
[2018.08.09-23.09.43:620][529]LogModuleManager: Shutting down and abandoning module ComponentVisualizers (458)
[2018.08.09-23.09.43:620][529]LogModuleManager: Shutting down and abandoning module DetailCustomizations (456)
[2018.08.09-23.09.43:620][529]LogModuleManager: Shutting down and abandoning module PackagesDialog (454)
[2018.08.09-23.09.43:620][529]LogModuleManager: Shutting down and abandoning module Persona (452)
[2018.08.09-23.09.43:620][529]LogModuleManager: Shutting down and abandoning module AdvancedPreviewScene (451)
[2018.08.09-23.09.43:621][529]LogModuleManager: Shutting down and abandoning module AnimGraph (449)
[2018.08.09-23.09.43:621][529]LogModuleManager: Shutting down and abandoning module Kismet (446)
[2018.08.09-23.09.43:624][529]LogModuleManager: Shutting down and abandoning module GraphEditor (444)
[2018.08.09-23.09.43:624][529]LogModuleManager: Shutting down and abandoning module ClassViewer (442)
[2018.08.09-23.09.43:624][529]LogModuleManager: Shutting down and abandoning module Toolbox (440)
[2018.08.09-23.09.43:624][529]LogModuleManager: Shutting down and abandoning module DesktopPlatform (439)
[2018.08.09-23.09.43:624][529]LogModuleManager: Shutting down and abandoning module ModuleUI (436)
[2018.08.09-23.09.43:624][529]LogModuleManager: Shutting down and abandoning module MovieSceneTools (434)
[2018.08.09-23.09.43:624][529]LogModuleManager: Shutting down and abandoning module OutputLog (432)
[2018.08.09-23.09.43:624][529]LogModuleManager: Shutting down and abandoning module GammaUI (430)
[2018.08.09-23.09.43:625][529]LogModuleManager: Shutting down and abandoning module Documentation (428)
[2018.08.09-23.09.43:625][529]LogModuleManager: Shutting down and abandoning module MovieSceneTracks (426)
[2018.08.09-23.09.43:625][529]LogModuleManager: Shutting down and abandoning module MovieScene (424)
[2018.08.09-23.09.43:625][529]LogModuleManager: Shutting down and abandoning module StreamingPauseRendering (422)
[2018.08.09-23.09.43:625][529]LogModuleManager: Shutting down and abandoning module LauncherPlatform (420)
[2018.08.09-23.09.43:625][529]LogModuleManager: Shutting down and abandoning module AnalyticsET (418)
[2018.08.09-23.09.43:625][529]LogModuleManager: Shutting down and abandoning module PortalServices (416)
[2018.08.09-23.09.43:625][529]LogModuleManager: Shutting down and abandoning module PortalRpc (414)
[2018.08.09-23.09.43:625][529]LogModuleManager: Shutting down and abandoning module MessagingRpc (412)
[2018.08.09-23.09.43:625][529]LogModuleManager: Shutting down and abandoning module AIModule (410)
[2018.08.09-23.09.43:625][529]LogModuleManager: Shutting down and abandoning module GameplayDebugger (409)
[2018.08.09-23.09.43:625][529]LogModuleManager: Shutting down and abandoning module AITestSuite (407)
[2018.08.09-23.09.43:625][529]LogModuleManager: Shutting down and abandoning module NavigationSystem (405)
[2018.08.09-23.09.43:625][529]LogModuleManager: Shutting down and abandoning module ProfilerService (402)
[2018.08.09-23.09.43:759][529]LogModuleManager: Shutting down and abandoning module TaskGraph (400)
[2018.08.09-23.09.43:759][529]LogModuleManager: Shutting down and abandoning module SteamVRController (398)
[2018.08.09-23.09.43:759][529]LogModuleManager: Shutting down and abandoning module ProceduralMeshComponentEditor (396)
[2018.08.09-23.09.43:759][529]LogModuleManager: Shutting down and abandoning module ProceduralMeshComponent (394)
[2018.08.09-23.09.43:759][529]LogModuleManager: Shutting down and abandoning module OculusInput (392)
[2018.08.09-23.09.43:759][529]LogModuleManager: Shutting down and abandoning module MobilePatchingUtils (390)
[2018.08.09-23.09.43:759][529]LogModuleManager: Shutting down and abandoning module EditableMesh (388)
[2018.08.09-23.09.43:759][529]LogModuleManager: Shutting down and abandoning module CustomMeshComponent (386)
[2018.08.09-23.09.43:759][529]LogModuleManager: Shutting down and abandoning module CableComponent (384)
[2018.08.09-23.09.43:759][529]LogModuleManager: Shutting down and abandoning module AudioCapture (382)
[2018.08.09-23.09.43:759][529]LogModuleManager: Shutting down and abandoning module ArchVisCharacter (380)
[2018.08.09-23.09.43:759][529]LogModuleManager: Shutting down and abandoning module AndroidPermission (378)
[2018.08.09-23.09.43:759][529]LogModuleManager: Shutting down and abandoning module NUTUnrealEngine4 (376)
[2018.08.09-23.09.43:759][529]LogModuleManager: Shutting down and abandoning module NetcodeUnitTest (374)
[2018.08.09-23.09.43:760][529]LogModuleManager: Shutting down and abandoning module MediaCompositingEditor (372)
[2018.08.09-23.09.43:760][529]LogModuleManager: Shutting down and abandoning module MediaCompositing (370)
[2018.08.09-23.09.43:760][529]LogModuleManager: Shutting down and abandoning module LinearTimecode (368)
[2018.08.09-23.09.43:760][529]LogModuleManager: Shutting down and abandoning module ImgMedia (366)
[2018.08.09-23.09.43:762][529]LogModuleManager: Shutting down and abandoning module HTML5Networking (364)
[2018.08.09-23.09.43:762][529]LogModuleManager: Shutting down and abandoning module GeometryCacheTracks (362)
[2018.08.09-23.09.43:762][529]LogModuleManager: Shutting down and abandoning module GeometryCacheSequencer (360)
[2018.08.09-23.09.43:762][529]LogModuleManager: Shutting down and abandoning module BackChannel (358)
[2018.08.09-23.09.43:762][529]LogModuleManager: Shutting down and abandoning module AppleVision (356)
[2018.08.09-23.09.43:762][529]LogModuleManager: Shutting down and abandoning module AppleImageUtils (354)
[2018.08.09-23.09.43:762][529]LogModuleManager: Shutting down and abandoning module AlembicImporter (352)
[2018.08.09-23.09.43:762][529]LogModuleManager: Shutting down and abandoning module AlembicLibrary (351)
[2018.08.09-23.09.43:762][529]LogModuleManager: Shutting down and abandoning module GeometryCache (350)
[2018.08.09-23.09.43:762][529]LogModuleManager: Shutting down and abandoning module GeometryCacheEd (349)
[2018.08.09-23.09.43:762][529]LogModuleManager: Shutting down and abandoning module DatasmithContentEditor (344)
[2018.08.09-23.09.43:762][529]LogModuleManager: Shutting down and abandoning module DatasmithContent (342)
[2018.08.09-23.09.43:762][529]LogModuleManager: Shutting down and abandoning module SpeedTreeImporter (340)
[2018.08.09-23.09.43:762][529]LogModuleManager: Shutting down and abandoning module PluginBrowser (338)
[2018.08.09-23.09.43:763][529]LogModuleManager: Shutting down and abandoning module MobileLauncherProfileWizard (336)
[2018.08.09-23.09.43:763][529]LogModuleManager: Shutting down and abandoning module PolygonModeling (334)
[2018.08.09-23.09.43:763][529]LogModuleManager: Shutting down and abandoning module MeshEditor (332)
[2018.08.09-23.09.43:763][529]LogModuleManager: Shutting down and abandoning module CryptoKeysOpenSSL (330)
[2018.08.09-23.09.43:763][529]LogModuleManager: Shutting down and abandoning module CryptoKeys (328)
[2018.08.09-23.09.43:763][529]LogModuleManager: Shutting down and abandoning module VisualStudioSourceCodeAccess (326)
[2018.08.09-23.09.43:763][529]LogModuleManager: Shutting down and abandoning module VisualStudioCodeSourceCodeAccess (324)
[2018.08.09-23.09.43:763][529]LogModuleManager: Shutting down and abandoning module UObjectPlugin (322)
[2018.08.09-23.09.43:763][529]LogModuleManager: Shutting down and abandoning module SubversionSourceControl (320)
[2018.08.09-23.09.43:763][529]LogModuleManager: Shutting down and abandoning module PerforceSourceControl (318)
[2018.08.09-23.09.43:763][529]LogModuleManager: Shutting down and abandoning module GitSourceControl (316)
[2018.08.09-23.09.43:763][529]LogModuleManager: Shutting down and abandoning module SourceControl (315)
[2018.08.09-23.09.43:763][529]LogModuleManager: Shutting down and abandoning module CLionSourceCodeAccess (312)
[2018.08.09-23.09.43:763][529]LogModuleManager: Shutting down and abandoning module LightPropagationVolumeEditor (310)
[2018.08.09-23.09.43:763][529]LogModuleManager: Shutting down and abandoning module PaperTiledImporter (308)
[2018.08.09-23.09.43:763][529]LogModuleManager: Shutting down and abandoning module PaperSpriteSheetImporter (306)
[2018.08.09-23.09.43:763][529]LogModuleManager: Shutting down and abandoning module Paper2DEditor (304)
[2018.08.09-23.09.43:764][529]LogModuleManager: Shutting down and abandoning module MeshPaint (303)
[2018.08.09-23.09.43:764][529]LogModuleManager: Shutting down and abandoning module EscapeRoom (300)
[2018.08.09-23.09.43:764][529]LogModuleManager: Shutting down and abandoning module RuntimePhysXCooking (298)
[2018.08.09-23.09.43:764][529]LogModuleManager: Shutting down and abandoning module PhysXVehiclesEditor (296)
[2018.08.09-23.09.43:764][529]LogModuleManager: Shutting down and abandoning module PhysXVehicles (294)
[2018.08.09-23.09.43:764][529]LogModuleManager: Shutting down and abandoning module OculusEditor (292)
[2018.08.09-23.09.43:764][529]LogModuleManager: Shutting down and abandoning module LocationServicesBPLibrary (290)
[2018.08.09-23.09.43:764][529]LogModuleManager: Shutting down and abandoning module ImmediatePhysicsEditor (288)
[2018.08.09-23.09.43:764][529]LogModuleManager: Shutting down and abandoning module ImmediatePhysics (286)
[2018.08.09-23.09.43:764][529]LogModuleManager: Shutting down and abandoning module ActorSequence (284)
[2018.08.09-23.09.43:764][529]LogModuleManager: Shutting down and abandoning module UdpMessaging (282)
[2018.08.09-23.09.43:865][529]LogModuleManager: Shutting down and abandoning module TcpMessaging (280)
[2018.08.09-23.09.43:966][529]LogModuleManager: Shutting down and abandoning module MagicLeapAudio (278)
[2018.08.09-23.09.43:966][529]LogModuleManager: Shutting down and abandoning module GameplayTagsEditor (276)
[2018.08.09-23.09.43:966][529]LogModuleManager: Shutting down and abandoning module FacialAnimationEditor (274)
[2018.08.09-23.09.43:966][529]LogModuleManager: Shutting down and abandoning module FacialAnimation (272)
[2018.08.09-23.09.43:966][529]LogModuleManager: Shutting down and abandoning module DataValidation (270)
[2018.08.09-23.09.43:966][529]LogModuleManager: Shutting down and abandoning module AssetManagerEditor (268)
[2018.08.09-23.09.43:966][529]LogModuleManager: Shutting down and abandoning module LevelEditor (267)
[2018.08.09-23.09.43:967][529]LogModuleManager: Shutting down and abandoning module PixelInspectorModule (266)
[2018.08.09-23.09.43:967][529]LogModuleManager: Shutting down and abandoning module CommonMenuExtensions (264)
[2018.08.09-23.09.43:967][529]LogModuleManager: Shutting down and abandoning module MainFrame (262)
[2018.08.09-23.09.43:967][529]LogModuleManager: Shutting down and abandoning module HotReload (261)
[2018.08.09-23.09.43:967][529]LogModuleManager: Shutting down and abandoning module ContentBrowser (257)
[2018.08.09-23.09.43:968][529]LogModuleManager: Shutting down and abandoning module TreeMap (255)
[2018.08.09-23.09.43:968][529]LogModuleManager: Shutting down and abandoning module LightPropagationVolumeRuntime (252)
[2018.08.09-23.09.43:968][529]LogModuleManager: Shutting down and abandoning module AISupportModule (250)
[2018.08.09-23.09.43:968][529]LogModuleManager: Shutting down and abandoning module Paper2D (248)
[2018.08.09-23.09.43:968][529]LogModuleManager: Shutting down and abandoning module WindowsMoviePlayer (246)
[2018.08.09-23.09.43:968][529]LogModuleManager: Shutting down and abandoning module WmfMedia (244)
[2018.08.09-23.09.43:969][529]LogModuleManager: Shutting down and abandoning module Media (243)
[2018.08.09-23.09.43:975][529]LogModuleManager: Shutting down and abandoning module PacketHandler (240)
[2018.08.09-23.09.43:975][529]LogModuleManager: Shutting down and abandoning module ClothingSystemEditor (238)
[2018.08.09-23.09.43:975][529]LogModuleManager: Shutting down and abandoning module ClothingSystemRuntime (236)
[2018.08.09-23.09.43:975][529]LogModuleManager: Shutting down and abandoning module MediaAssets (234)
[2018.08.09-23.09.43:975][529]LogModuleManager: Shutting down and abandoning module Overlay (232)
[2018.08.09-23.09.43:975][529]LogModuleManager: Shutting down and abandoning module OverlayEditor (231)
[2018.08.09-23.09.43:975][529]LogModuleManager: Shutting down and abandoning module VREditor (228)
[2018.08.09-23.09.43:976][529]LogModuleManager: Shutting down and abandoning module StringTableEditor (226)
[2018.08.09-23.09.43:976][529]LogModuleManager: Shutting down and abandoning module GameplayTasksEditor (224)
[2018.08.09-23.09.43:976][529]LogModuleManager: Shutting down and abandoning module BehaviorTreeEditor (222)
[2018.08.09-23.09.43:976][529]LogModuleManager: Shutting down and abandoning module FunctionalTesting (220)
[2018.08.09-23.09.43:976][529]LogModuleManager: Shutting down and abandoning module CollisionAnalyzer (218)
[2018.08.09-23.09.43:976][529]LogModuleManager: Shutting down and abandoning module WorkspaceMenuStructure (217)
[2018.08.09-23.09.43:976][529]LogModuleManager: Shutting down and abandoning module UMG (214)
[2018.08.09-23.09.43:976][529]LogModuleManager: Shutting down and abandoning module UMGEditor (213)
[2018.08.09-23.09.43:976][529]LogModuleManager: Shutting down and abandoning module Sequencer (212)
[2018.08.09-23.09.43:977][529]LogModuleManager: Shutting down and abandoning module MessageLog (209)
[2018.08.09-23.09.43:977][529]LogModuleManager: Shutting down and abandoning module SlateReflector (204)
[2018.08.09-23.09.43:978][529]LogModuleManager: Shutting down and abandoning module Slate (202)
[2018.08.09-23.09.43:978][529]LogModuleManager: Shutting down and abandoning module EditorStyle (200)
[2018.08.09-23.09.43:979][529]LogModuleManager: Shutting down and abandoning module MRMesh (198)
[2018.08.09-23.09.43:979][529]LogModuleManager: Shutting down and abandoning module SourceCodeAccess (196)
[2018.08.09-23.09.43:979][529]LogModuleManager: Shutting down and abandoning module HeadMountedDisplay (194)
[2018.08.09-23.09.43:979][529]LogModuleManager: Shutting down and abandoning module XAudio2 (192)
[2018.08.09-23.09.43:979][529]LogModuleManager: Shutting down and abandoning module Networking (190)
[2018.08.09-23.09.43:979][529]LogModuleManager: Shutting down and abandoning module Core (188)
[2018.08.09-23.09.43:979][529]LogModuleManager: Shutting down and abandoning module LevelSequence (186)
[2018.08.09-23.09.43:979][529]LogModuleManager: Shutting down and abandoning module KismetCompiler (184)
[2018.08.09-23.09.43:979][529]LogModuleManager: Shutting down and abandoning module MeshUtilities (182)
[2018.08.09-23.09.43:979][529]LogModuleManager: Shutting down and abandoning module MeshMergeUtilities (181)
[2018.08.09-23.09.43:979][529]LogModuleManager: Shutting down and abandoning module MeshReductionInterface (180)
[2018.08.09-23.09.43:979][529]LogModuleManager: Shutting down and abandoning module SimplygonSwarm (179)
[2018.08.09-23.09.43:979][529]LogModuleManager: Shutting down and abandoning module ProxyLODMeshReduction (177)
[2018.08.09-23.09.43:980][529]LogModuleManager: Shutting down and abandoning module SimplygonMeshReduction (175)
[2018.08.09-23.09.43:980][529]LogModuleManager: Shutting down and abandoning module QuadricMeshReduction (173)
[2018.08.09-23.09.43:980][529]LogModuleManager: Shutting down and abandoning module MaterialBaking (169)
[2018.08.09-23.09.43:980][529]LogModuleManager: Shutting down and abandoning module DirectoryWatcher (165)
[2018.08.09-23.09.43:980][529]LogModuleManager: Shutting down and abandoning module DerivedDataCache (162)
[2018.08.09-23.09.44:047][529]LogDerivedDataCache: Shutdown
[2018.08.09-23.09.44:047][529]LogModuleManager: Shutting down and abandoning module XGEController (160)
[2018.08.09-23.09.44:047][529]LogXGEController: Cleaning working directory: C:/Users/Brandon/AppData/Local/Temp/UnrealXGEWorkingDir/
[2018.08.09-23.09.44:047][529]LogModuleManager: Shutting down and abandoning module TargetPlatform (158)
[2018.08.09-23.09.44:047][529]LogModuleManager: Shutting down and abandoning module VulkanShaderFormat (157)
[2018.08.09-23.09.44:047][529]LogModuleManager: Shutting down and abandoning module ShaderFormatVectorVM (155)
[2018.08.09-23.09.44:047][529]LogModuleManager: Shutting down and abandoning module ShaderFormatOpenGL (153)
[2018.08.09-23.09.44:047][529]LogModuleManager: Shutting down and abandoning module ShaderFormatD3D (151)
[2018.08.09-23.09.44:047][529]LogModuleManager: Shutting down and abandoning module MetalShaderFormat (149)
[2018.08.09-23.09.44:048][529]LogModuleManager: Shutting down and abandoning module TextureFormatUncompressed (147)
[2018.08.09-23.09.44:048][529]LogModuleManager: Shutting down and abandoning module TextureFormatPVR (145)
[2018.08.09-23.09.44:048][529]LogModuleManager: Shutting down and abandoning module TextureFormatDXT (143)
[2018.08.09-23.09.44:048][529]LogModuleManager: Shutting down and abandoning module TextureFormatIntelISPCTexComp (141)
[2018.08.09-23.09.44:048][529]LogModuleManager: Shutting down and abandoning module TextureFormatASTC (139)
[2018.08.09-23.09.44:048][529]LogModuleManager: Shutting down and abandoning module ImageWrapper (138)
[2018.08.09-23.09.44:048][529]LogModuleManager: Shutting down and abandoning module TextureFormatAndroid (135)
[2018.08.09-23.09.44:048][529]LogModuleManager: Shutting down and abandoning module AudioFormatOpus (133)
[2018.08.09-23.09.44:048][529]LogModuleManager: Shutting down and abandoning module AudioFormatOgg (131)
[2018.08.09-23.09.44:048][529]LogModuleManager: Shutting down and abandoning module AudioFormatADPCM (129)
[2018.08.09-23.09.44:048][529]LogModuleManager: Shutting down and abandoning module LuminTargetPlatform (127)
[2018.08.09-23.09.44:048][529]LogModuleManager: Shutting down and abandoning module LinuxTargetPlatform (125)
[2018.08.09-23.09.44:048][529]LogModuleManager: Shutting down and abandoning module LinuxServerTargetPlatform (123)
[2018.08.09-23.09.44:048][529]LogModuleManager: Shutting down and abandoning module LinuxNoEditorTargetPlatform (121)
[2018.08.09-23.09.44:048][529]LogModuleManager: Shutting down and abandoning module LinuxClientTargetPlatform (119)
[2018.08.09-23.09.44:048][529]LogModuleManager: Shutting down and abandoning module TVOSTargetPlatform (117)
[2018.08.09-23.09.44:048][529]LogModuleManager: Shutting down and abandoning module Messaging (115)
[2018.08.09-23.09.44:048][529]LogModuleManager: Shutting down and abandoning module IOSTargetPlatform (113)
[2018.08.09-23.09.44:052][529]LogModuleManager: Shutting down and abandoning module HTML5TargetPlatform (111)
[2018.08.09-23.09.44:052][529]LogModuleManager: Shutting down and abandoning module AndroidTargetPlatform (109)
[2018.08.09-23.09.44:056][529]LogModuleManager: Shutting down and abandoning module WindowsTargetPlatform (107)
[2018.08.09-23.09.44:056][529]LogModuleManager: Shutting down and abandoning module WindowsServerTargetPlatform (105)
[2018.08.09-23.09.44:056][529]LogModuleManager: Shutting down and abandoning module WindowsNoEditorTargetPlatform (103)
[2018.08.09-23.09.44:056][529]LogModuleManager: Shutting down and abandoning module WindowsClientTargetPlatform (101)
[2018.08.09-23.09.44:056][529]LogModuleManager: Shutting down and abandoning module MacTargetPlatform (99)
[2018.08.09-23.09.44:056][529]LogModuleManager: Shutting down and abandoning module MacServerTargetPlatform (97)
[2018.08.09-23.09.44:056][529]LogModuleManager: Shutting down and abandoning module MacNoEditorTargetPlatform (95)
[2018.08.09-23.09.44:056][529]LogModuleManager: Shutting down and abandoning module MacClientTargetPlatform (93)
[2018.08.09-23.09.44:056][529]LogModuleManager: Shutting down and abandoning module AllDesktopTargetPlatform (91)
[2018.08.09-23.09.44:056][529]LogModuleManager: Shutting down and abandoning module InputCore (88)
[2018.08.09-23.09.44:056][529]LogModuleManager: Shutting down and abandoning module Settings (86)
[2018.08.09-23.09.44:056][529]LogModuleManager: Shutting down and abandoning module PhysXCooking (84)
[2018.08.09-23.09.44:056][529]LogModuleManager: Shutting down and abandoning module SteamVR (82)
[2018.08.09-23.09.44:056][529]LogModuleManager: Shutting down and abandoning module OculusHMD (80)
[2018.08.09-23.09.44:056][529]LogModuleManager: Shutting down and abandoning module ExampleDeviceProfileSelector (78)
[2018.08.09-23.09.44:056][529]LogModuleManager: Shutting down and abandoning module LauncherChunkInstaller (76)
[2018.08.09-23.09.44:056][529]LogModuleManager: Shutting down and abandoning module OnlineBlueprintSupport (74)
[2018.08.09-23.09.44:056][529]LogModuleManager: Shutting down and abandoning module OnlineSubsystem (70)
[2018.08.09-23.09.44:057][529]LogModuleManager: Shutting down and abandoning module XMPP (65)
[2018.08.09-23.09.44:057][529]LogModuleManager: Shutting down and abandoning module WebSockets (64)
[2018.08.09-23.09.44:076][529]LogModuleManager: Shutting down and abandoning module HTTP (61)
[2018.08.09-23.09.44:076][529]LogHttp: Display: Http module shutting down, but needs to wait on 1 outstanding Http requests:
[2018.08.09-23.09.44:076][529]LogHttp: Display: 	verb=[POST] url=[https://datarouter.ol.epicgames.com/datarouter/api/v1/public/data?SessionID=%7BB5B74688-4FA8-CA40-22BC-4397499C194C%7D&AppID=UEEditor.Rocket.Release&AppVersion=4.20.1-4233996%2B%2B%2BUE4%2BRelease-4.20&UserID=016fdc2f4323bb4af2040983557b29d5%7C18199573a9024700b6fe1c27ce7f3acc%7C03893a78-916f-49ab-a810-1c7534914732&AppEnvironment=datacollector-binary&UploadType=eteventstream] status=Processing
[2018.08.09-23.09.44:106][529]LogModuleManager: Shutting down and abandoning module SSL (60)
[2018.08.09-23.09.44:107][529]LogModuleManager: Shutting down and abandoning module MagicLeapEmulator (56)
[2018.08.09-23.09.44:107][529]LogModuleManager: Shutting down and abandoning module MagicLeapPrivileges (54)
[2018.08.09-23.09.44:107][529]LogModuleManager: Shutting down and abandoning module MagicLeapIdentity (52)
[2018.08.09-23.09.44:107][529]LogModuleManager: Shutting down and abandoning module MagicLeapHelperVulkan (50)
[2018.08.09-23.09.44:107][529]LogModuleManager: Shutting down and abandoning module MagicLeapHelperOpenGL (48)
[2018.08.09-23.09.44:107][529]LogModuleManager: Shutting down and abandoning module MagicLeapSecureStorage (46)
[2018.08.09-23.09.44:107][529]LogModuleManager: Shutting down and abandoning module MagicLeapGestures (44)
[2018.08.09-23.09.44:107][529]LogModuleManager: Shutting down and abandoning module MagicLeapEyeTracker (42)
[2018.08.09-23.09.44:107][529]LogModuleManager: Shutting down and abandoning module MagicLeapController (40)
[2018.08.09-23.09.44:107][529]LogSlate: Slate User Destroyed.  User Index 0, Is Virtual User: 0
[2018.08.09-23.09.44:107][529]LogModuleManager: Shutting down and abandoning module MagicLeap (38)
[2018.08.09-23.09.44:107][529]LogModuleManager: Shutting down and abandoning module AnimationModifiers (36)
[2018.08.09-23.09.44:108][529]LogModuleManager: Shutting down and abandoning module PropertyEditor (35)
[2018.08.09-23.09.44:108][529]LogModuleManager: Shutting down and abandoning module AudioEditor (32)
[2018.08.09-23.09.44:108][529]LogModuleManager: Shutting down and abandoning module TextureCompressor (30)
[2018.08.09-23.09.44:108][529]LogModuleManager: Shutting down and abandoning module ShaderCore (28)
[2018.08.09-23.09.44:108][529]LogModuleManager: Shutting down and abandoning module Landscape (26)
[2018.08.09-23.09.44:108][529]LogModuleManager: Shutting down and abandoning module SlateRHIRenderer (24)
[2018.08.09-23.09.44:108][529]LogModuleManager: Shutting down and abandoning module OpenGLDrv (22)
[2018.08.09-23.09.44:108][529]LogModuleManager: Shutting down and abandoning module D3D11RHI (20)
[2018.08.09-23.09.44:108][529]LogModuleManager: Shutting down and abandoning module AnimGraphRuntime (18)
[2018.08.09-23.09.44:108][529]LogModuleManager: Shutting down and abandoning module Renderer (16)
[2018.08.09-23.09.44:108][529]LogModuleManager: Shutting down and abandoning module Engine (14)
[2018.08.09-23.09.44:108][529]LogModuleManager: Shutting down and abandoning module CoreUObject (12)
[2018.08.09-23.09.44:108][529]LogModuleManager: Shutting down and abandoning module NetworkFile (10)
[2018.08.09-23.09.44:108][529]LogModuleManager: Shutting down and abandoning module CookedIterativeFile (8)
[2018.08.09-23.09.44:108][529]LogModuleManager: Shutting down and abandoning module StreamingFile (6)
[2018.08.09-23.09.44:108][529]LogModuleManager: Shutting down and abandoning module SandboxFile (4)
[2018.08.09-23.09.44:108][529]LogModuleManager: Shutting down and abandoning module PakFile (2)
[2018.08.09-23.09.44:114][529]LogExit: Exiting.
[2018.08.09-23.09.44:135][529]Log file closed, 08/10/18 11:09:44
