Log file open, 08/09/18 23:00:20
LogWindows: Failed to load 'aqProf.dll' (GetLastError=126)
LogWindows: File 'aqProf.dll' does not exist
LogWindows: Failed to load 'VSPerf140.dll' (GetLastError=126)
LogWindows: File 'VSPerf140.dll' does not exist
LogWindows: Failed to load 'VtuneApi.dll' (GetLastError=126)
LogWindows: File 'VtuneApi.dll' does not exist
LogWindows: Failed to load 'VtuneApi32e.dll' (GetLastError=126)
LogWindows: File 'VtuneApi32e.dll' does not exist
LogInit: Display: Running engine for game: EscapeRoom
LogPlatformFile: Not using cached read wrapper
LogTaskGraph: Started task graph with 5 named threads and 35 total threads with 3 sets of task threads.
LogStats: Stats thread started at 0.850728
LogD3D11RHI: Loaded GFSDK_Aftermath_Lib.x64.dll
LogICUInternationalization: Display: ICU TimeZone Detection - Raw Offset: +12:00, Platform Override: ''
LogPluginManager: Mounting plugin Paper2D
LogPluginManager: Mounting plugin AISupport
LogPluginManager: Mounting plugin LightPropagationVolume
LogPluginManager: Mounting plugin CLionSourceCodeAccess
LogPluginManager: Mounting plugin CodeLiteSourceCodeAccess
LogPluginManager: Mounting plugin GitSourceControl
LogPluginManager: Mounting plugin KDevelopSourceCodeAccess
LogPluginManager: Mounting plugin NullSourceCodeAccess
LogPluginManager: Mounting plugin PerforceSourceControl
LogPluginManager: Mounting plugin SubversionSourceControl
LogPluginManager: Mounting plugin UObjectPlugin
LogPluginManager: Mounting plugin VisualStudioCodeSourceCodeAccess
LogPluginManager: Mounting plugin VisualStudioSourceCodeAccess
LogPluginManager: Mounting plugin XCodeSourceCodeAccess
LogPluginManager: Mounting plugin AssetManagerEditor
LogPluginManager: Mounting plugin CryptoKeys
LogPluginManager: Mounting plugin DataValidation
LogPluginManager: Mounting plugin FacialAnimation
LogPluginManager: Mounting plugin GameplayTagsEditor
LogPluginManager: Mounting plugin MacGraphicsSwitching
LogPluginManager: Mounting plugin MeshEditor
LogPluginManager: Mounting plugin MobileLauncherProfileWizard
LogPluginManager: Mounting plugin PluginBrowser
LogPluginManager: Mounting plugin SpeedTreeImporter
LogPluginManager: Mounting plugin DatasmithContent
LogPluginManager: Mounting plugin AlembicImporter
LogPluginManager: Mounting plugin AppleImageUtils
LogPluginManager: Mounting plugin AppleVision
LogPluginManager: Mounting plugin BackChannel
LogPluginManager: Mounting plugin CharacterAI
LogPluginManager: Mounting plugin GeometryCache
LogPluginManager: Mounting plugin HTML5Networking
LogPluginManager: Mounting plugin ProxyLODPlugin
LogPluginManager: Mounting plugin MagicLeap
LogPluginManager: Mounting plugin MagicLeapEmulator
LogPluginManager: Mounting plugin MagicLeapMedia
LogPluginManager: Mounting plugin AndroidMedia
LogPluginManager: Mounting plugin AvfMedia
LogPluginManager: Mounting plugin ImgMedia
LogPluginManager: Mounting plugin LinearTimecode
LogPluginManager: Mounting plugin MediaCompositing
LogPluginManager: Mounting plugin MediaPlayerEditor
LogPluginManager: Mounting plugin WmfMedia
LogPluginManager: Mounting plugin TcpMessaging
LogPluginManager: Mounting plugin UdpMessaging
LogPluginManager: Mounting plugin ActorSequence
LogPluginManager: Mounting plugin LevelSequenceEditor
LogPluginManager: Mounting plugin MatineeToLevelSequence
LogPluginManager: Mounting plugin NetcodeUnitTest
LogPluginManager: Mounting plugin NUTUnrealEngine4
LogPluginManager: Mounting plugin OnlineSubsystemGooglePlay
LogPluginManager: Mounting plugin OnlineSubsystemIOS
LogPluginManager: Mounting plugin OnlineSubsystem
LogPluginManager: Mounting plugin OnlineSubsystemNull
LogPluginManager: Mounting plugin OnlineSubsystemUtils
LogPluginManager: Mounting plugin LauncherChunkInstaller
LogPluginManager: Mounting plugin AndroidDeviceProfileSelector
LogPluginManager: Mounting plugin AndroidMoviePlayer
LogPluginManager: Mounting plugin AndroidPermission
LogPluginManager: Mounting plugin AppleMoviePlayer
LogPluginManager: Mounting plugin ArchVisCharacter
LogPluginManager: Mounting plugin AudioCapture
LogPluginManager: Mounting plugin CableComponent
LogPluginManager: Mounting plugin CustomMeshComponent
LogPluginManager: Mounting plugin EditableMesh
LogPluginManager: Mounting plugin ExampleDeviceProfileSelector
LogPluginManager: Mounting plugin GoogleCloudMessaging
LogPluginManager: Mounting plugin ImmediatePhysics
LogPluginManager: Mounting plugin IOSDeviceProfileSelector
LogPluginManager: Mounting plugin LinuxDeviceProfileSelector
LogPluginManager: Mounting plugin LocationServicesBPLibrary
LogPluginManager: Mounting plugin MobilePatchingUtils
LogPluginManager: Mounting plugin OculusVR
LogPluginManager: Plugin shader directory ../../../Engine/Plugins/Runtime/Oculus/OculusVR/Shaders found
LogPluginManager: Mapping shader source directory ../../../Engine/Plugins/Runtime/Oculus/OculusVR/Shaders to virtual directory /Plugin/OculusVR
LogPluginManager: Mounting plugin PhysXVehicles
LogPluginManager: Mounting plugin ProceduralMeshComponent
LogPluginManager: Mounting plugin RuntimePhysXCooking
LogPluginManager: Mounting plugin SteamVR
LogPluginManager: Mounting plugin WindowsMoviePlayer
LogStreaming: Display: Took  0.087s to configure plugins.
LogInit: Using libcurl 7.55.1-DEV
LogInit:  - built for x86_64-pc-win32
LogInit:  - supports SSL with OpenSSL/1.0.2h
LogInit:  - supports HTTP deflate (compression) using libz 1.2.8
LogInit:  - other features:
LogInit:      CURL_VERSION_SSL
LogInit:      CURL_VERSION_LIBZ
LogInit:      CURL_VERSION_IPV6
LogInit:      CURL_VERSION_ASYNCHDNS
LogInit:      CURL_VERSION_LARGEFILE
LogInit:      CURL_VERSION_IDN
LogInit:  CurlRequestOptions (configurable via config and command line):
LogInit:  - bVerifyPeer = false  - Libcurl will NOT verify peer certificate
LogInit:  - bUseHttpProxy = false  - Libcurl will NOT use HTTP proxy
LogInit:  - bDontReuseConnections = false  - Libcurl will reuse connections
LogInit:  - CertBundlePath = nullptr  - Libcurl will use whatever was configured at build time.
LogInit:  - MaxHostConnections = 16  - Libcurl will limit the number of connections to a host
LogInit:  - LocalHostAddr = Default
LogInit:  - BufferSize = 65536
LogInit: WinSock: version 1.1 (2.2), MaxSocks=32767, MaxUdp=65467
LogInit: Build: ++UE4+Release-4.20-CL-4233996
LogInit: Engine Version: 4.20.1-4233996+++UE4+Release-4.20
LogInit: Compatible Engine Version: 4.20.0-4212847+++UE4+Release-4.20
LogInit: Net CL: 4212847
LogInit: OS: Windows 10 (), CPU: Intel(R) Core(TM) i7-8700K CPU @ 3.70GHz, GPU: NVIDIA GeForce GTX 1070
LogInit: Compiled (64-bit): Jul 26 2018 10:07:30
LogInit: Compiled with Visual C++: 19.13.26129.00
LogInit: Build Configuration: Development
LogInit: Branch Name: ++UE4+Release-4.20
LogInit: Command Line:  
LogInit: Base Directory: C:/Program Files/Epic Games/UE_4.20/Engine/Binaries/Win64/
LogInit: Installed Engine Build: 1
LogDevObjectVersion: Number of dev versions registered: 20
LogDevObjectVersion:   Dev-Blueprints (B0D832E4-1F89-4F0D-ACCF-7EB736FD4AA2): 10
LogDevObjectVersion:   Dev-Build (E1C64328-A22C-4D53-A36C-8E866417BD8C): 0
LogDevObjectVersion:   Dev-Core (375EC13C-06E4-48FB-B500-84F0262A717E): 2
LogDevObjectVersion:   Dev-Editor (E4B068ED-F494-42E9-A231-DA0B2E46BB41): 24
LogDevObjectVersion:   Dev-Framework (CFFC743F-43B0-4480-9391-14DF171D2073): 34
LogDevObjectVersion:   Dev-Mobile (B02B49B5-BB20-44E9-A304-32B752E40360): 2
LogDevObjectVersion:   Dev-Networking (A4E4105C-59A1-49B5-A7C5-40C4547EDFEE): 0
LogDevObjectVersion:   Dev-Online (39C831C9-5AE6-47DC-9A44-9C173E1C8E7C): 0
LogDevObjectVersion:   Dev-Physics (78F01B33-EBEA-4F98-B9B4-84EACCB95AA2): 0
LogDevObjectVersion:   Dev-Platform (6631380F-2D4D-43E0-8009-CF276956A95A): 0
LogDevObjectVersion:   Dev-Rendering (12F88B9F-8875-4AFC-A67C-D90C383ABD29): 26
LogDevObjectVersion:   Dev-Sequencer (7B5AE74C-D270-4C10-A958-57980B212A5A): 9
LogDevObjectVersion:   Dev-VR (D7296918-1DD6-4BDD-9DE2-64A83CC13884): 2
LogDevObjectVersion:   Dev-LoadTimes (C2A15278-BFE7-4AFE-6C17-90FF531DF755): 1
LogDevObjectVersion:   Private-Geometry (6EACA3D4-40EC-4CC1-B786-8BED09428FC5): 3
LogDevObjectVersion:   Dev-AnimPhys (29E575DD-E0A3-4627-9D10-D276232CDCEA): 17
LogDevObjectVersion:   Dev-ReflectionCapture (6B266CEC-1EC7-4B8F-A30B-E4D90942FC07): 1
LogDevObjectVersion:   Dev-Automation (0DF73D61-A23F-47EA-B727-89E90C41499A): 1
LogDevObjectVersion:   FortniteMain (601D1886-AC64-4F84-AA16-D3DE0DEAC7D6): 12
LogDevObjectVersion:   Dev-Enterprise (9DFFBCD6-494F-0158-E221-12823C92A888): 1
LogStreaming: Display: Took  0.002s to delete old logs.
LogInit: Presizing for max 8388607 objects, including 0 objects not considered by GC, pre-allocating 0 bytes for permanent pool.
LogInit: Object subsystem initialized
[2018.08.09-11.00.21:195][  0]LogInit: Selected Device Profile: [Windows]
[2018.08.09-11.00.21:196][  0]LogInit: Applying CVar settings loaded from the selected device profile: [Windows]
[2018.08.09-11.00.21:214][  0]LogHAL: Display: Platform has ~ 16 GB [17100660736 / 17179869184 / 16], which maps to Larger [LargestMinGB=32, LargerMinGB=12, DefaultMinGB=8, SmallerMinGB=6, SmallestMinGB=0)
[2018.08.09-11.00.21:215][  0]LogInit: Setting Device Profile CVar: [[r.Vulkan.UseRealUBs:1]]
[2018.08.09-11.00.21:215][  0]LogInit: Going up to parent DeviceProfile []
[2018.08.09-11.00.21:219][  0]LogInit: Computer: BRANDON-PC
[2018.08.09-11.00.21:219][  0]LogInit: User: Brandon
[2018.08.09-11.00.21:219][  0]LogInit: CPU Page size=4096, Cores=6
[2018.08.09-11.00.21:219][  0]LogInit: High frequency timer resolution =3.609373 MHz
[2018.08.09-11.00.21:220][  0]LogMemory: Memory total: Physical=15.9GB (16GB approx)
[2018.08.09-11.00.21:220][  0]LogMemory: Platform Memory Stats for Windows
[2018.08.09-11.00.21:220][  0]LogMemory: Process Physical Memory: 102.39 MB used, 102.39 MB peak
[2018.08.09-11.00.21:220][  0]LogMemory: Process Virtual Memory: 93.96 MB used, 93.96 MB peak
[2018.08.09-11.00.21:220][  0]LogMemory: Physical Memory: 5266.54 MB used,  11041.93 MB free, 16308.46 MB total
[2018.08.09-11.00.21:220][  0]LogMemory: Virtual Memory: 4664.12 MB used,  11041.93 MB free, 134217728.00 MB total
[2018.08.09-11.00.21:410][  0]LogInit: Using OS detected language (en-US).
[2018.08.09-11.00.21:411][  0]LogInit: Using OS detected locale (en-US).
[2018.08.09-11.00.21:412][  0]LogTextLocalizationManager: No specific localization for 'en-US' exists, so the 'en' localization will be used.
[2018.08.09-11.00.21:734][  0]LogStreaming: Display: Took  0.324s to InitEngineTextLocalization.
[2018.08.09-11.00.21:735][  0]LogInit: Setting process to per monitor DPI aware
[2018.08.09-11.00.21:836][  0]LogSlate: New Slate User Created.  User Index 0, Is Virtual User: 0
[2018.08.09-11.00.21:836][  0]LogSlate: Slate User Registered.  User Index 0, Is Virtual User: 0
[2018.08.09-11.00.23:590][  0]LogHMD: Failed to initialize OpenVR with code 101
[2018.08.09-11.00.23:590][  0]LogD3D11RHI: D3D11 adapters:
[2018.08.09-11.00.23:633][  0]LogD3D11RHI:    0. 'NVIDIA GeForce GTX 1070' (Feature Level 11_0)
[2018.08.09-11.00.23:633][  0]LogD3D11RHI:       8096/0/8154 MB DedicatedVideo/DedicatedSystem/SharedSystem, Outputs:2, VendorId:0x10de
[2018.08.09-11.00.23:635][  0]LogD3D11RHI:    1. 'Microsoft Basic Render Driver' (Feature Level 11_0)
[2018.08.09-11.00.23:635][  0]LogD3D11RHI:       0/0/8154 MB DedicatedVideo/DedicatedSystem/SharedSystem, Outputs:0, VendorId:0x1414
[2018.08.09-11.00.23:635][  0]LogD3D11RHI: Chosen D3D11 Adapter: 0
[2018.08.09-11.00.23:642][  0]LogD3D11RHI: Creating new Direct3DDevice
[2018.08.09-11.00.23:642][  0]LogD3D11RHI:     GPU DeviceId: 0x1b81 (for the marketing name, search the web for "GPU Device Id")
[2018.08.09-11.00.23:642][  0]LogWindows: EnumDisplayDevices:
[2018.08.09-11.00.23:642][  0]LogWindows:    0. 'NVIDIA GeForce GTX 1070' (P:1 D:1)
[2018.08.09-11.00.23:643][  0]LogWindows:    1. 'NVIDIA GeForce GTX 1070' (P:0 D:1)
[2018.08.09-11.00.23:643][  0]LogWindows:    2. 'NVIDIA GeForce GTX 1070' (P:0 D:0)
[2018.08.09-11.00.23:643][  0]LogWindows:    3. 'NVIDIA GeForce GTX 1070' (P:0 D:0)
[2018.08.09-11.00.23:643][  0]LogWindows: DebugString: FoundDriverCount:4 
[2018.08.09-11.00.23:643][  0]LogD3D11RHI:     Adapter Name: NVIDIA GeForce GTX 1070
[2018.08.09-11.00.23:643][  0]LogD3D11RHI:   Driver Version: 388.59 (internal:23.21.13.8859, unified:388.59)
[2018.08.09-11.00.23:643][  0]LogD3D11RHI:      Driver Date: 12-5-2017
[2018.08.09-11.00.23:643][  0]LogRHI: Texture pool is 5667 MB (70% of 8096 MB)
[2018.08.09-11.00.23:664][  0]LogD3D11RHI: Async texture creation enabled
[2018.08.09-11.00.23:742][  0]LogD3D11RHI: GPU Timing Frequency: 1000.000000 (Debug: 2 1)
[2018.08.09-11.00.23:796][  0]LogShaderCompilers: Guid format shader working directory is -26 characters bigger than the processId version (../../../../../../Users/Brandon/Documents/GitHub/Escape-Room/EscapeRoomNew/Intermediate/Shaders/WorkingDirectory/8292/).
[2018.08.09-11.00.23:796][  0]LogShaderCompilers: Cleaned the shader compiler working directory 'C:/Users/Brandon/AppData/Local/Temp/UnrealShaderWorkingDir/5BEEDCB341AC1A11231154BAD85341BD/'.
[2018.08.09-11.00.24:335][  0]LogTemp: Display: Loaded TP AllDesktopTargetPlatform
[2018.08.09-11.00.24:354][  0]LogTemp: Display: Loaded TP MacClientTargetPlatform
[2018.08.09-11.00.24:371][  0]LogTemp: Display: Loaded TP MacNoEditorTargetPlatform
[2018.08.09-11.00.24:389][  0]LogTemp: Display: Loaded TP MacServerTargetPlatform
[2018.08.09-11.00.24:411][  0]LogTemp: Display: Loaded TP MacTargetPlatform
[2018.08.09-11.00.24:428][  0]LogTemp: Display: Loaded TP WindowsClientTargetPlatform
[2018.08.09-11.00.24:445][  0]LogTemp: Display: Loaded TP WindowsNoEditorTargetPlatform
[2018.08.09-11.00.24:463][  0]LogTemp: Display: Loaded TP WindowsServerTargetPlatform
[2018.08.09-11.00.24:477][  0]LogTemp: Display: Loaded TP WindowsTargetPlatform
[2018.08.09-11.00.24:550][  0]LogTemp: Display: Loaded TP AndroidTargetPlatform
[2018.08.09-11.00.24:550][  0]LogTemp: Display: Loaded TP AndroidTargetPlatform
[2018.08.09-11.00.24:550][  0]LogTemp: Display: Loaded TP AndroidTargetPlatform
[2018.08.09-11.00.24:550][  0]LogTemp: Display: Loaded TP AndroidTargetPlatform
[2018.08.09-11.00.24:550][  0]LogTemp: Display: Loaded TP AndroidTargetPlatform
[2018.08.09-11.00.24:550][  0]LogTemp: Display: Loaded TP AndroidTargetPlatform
[2018.08.09-11.00.24:550][  0]LogTemp: Display: Loaded TP AndroidTargetPlatform
[2018.08.09-11.00.24:550][  0]LogTemp: Display: Loaded TP AndroidTargetPlatform
[2018.08.09-11.00.24:550][  0]LogTemp: Display: Loaded TP AndroidTargetPlatform
[2018.08.09-11.00.24:550][  0]LogTemp: Display: Loaded TP AndroidTargetPlatform
[2018.08.09-11.00.24:550][  0]LogTemp: Display: Loaded TP AndroidTargetPlatform
[2018.08.09-11.00.24:550][  0]LogTemp: Display: Loaded TP AndroidTargetPlatform
[2018.08.09-11.00.24:550][  0]LogTemp: Display: Loaded TP AndroidTargetPlatform
[2018.08.09-11.00.24:550][  0]LogTemp: Display: Loaded TP AndroidTargetPlatform
[2018.08.09-11.00.24:550][  0]LogTemp: Display: Loaded TP AndroidTargetPlatform
[2018.08.09-11.00.24:550][  0]LogTemp: Display: Loaded TP AndroidTargetPlatform
[2018.08.09-11.00.24:550][  0]LogTemp: Display: Loaded TP AndroidTargetPlatform
[2018.08.09-11.00.24:550][  0]LogTemp: Display: Loaded TP AndroidTargetPlatform
[2018.08.09-11.00.24:558][  0]LogTemp: Display: Loaded TP HTML5TargetPlatform
[2018.08.09-11.00.24:639][  0]LogTemp: Display: Loaded TP IOSTargetPlatform
[2018.08.09-11.00.24:639][  0]LogTemp: Display: Loaded TP IOSTargetPlatform
[2018.08.09-11.00.24:664][  0]LogTemp: Display: Loaded TP TVOSTargetPlatform
[2018.08.09-11.00.24:664][  0]LogTemp: Display: Loaded TP TVOSTargetPlatform
[2018.08.09-11.00.24:683][  0]LogTemp: Display: Loaded TP LinuxClientTargetPlatform
[2018.08.09-11.00.24:699][  0]LogTemp: Display: Loaded TP LinuxNoEditorTargetPlatform
[2018.08.09-11.00.24:716][  0]LogTemp: Display: Loaded TP LinuxServerTargetPlatform
[2018.08.09-11.00.24:740][  0]LogTemp: Display: Loaded TP LinuxTargetPlatform
[2018.08.09-11.00.24:754][  0]LogTemp: Display: Loaded TP LuminTargetPlatform
[2018.08.09-11.00.24:756][  0]LogTargetPlatformManager: Display: Building Assets For Windows
[2018.08.09-11.00.24:993][  0]LogXGEController: Cleaning working directory: C:/Users/Brandon/AppData/Local/Temp/UnrealXGEWorkingDir/
[2018.08.09-11.00.24:993][  0]LogXGEController: Cannot use XGE Controller as Incredibuild is not installed on this machine.
[2018.08.09-11.00.24:993][  0]LogShaderCompilers: Cannot use XGE Shader Compiler as Incredibuild is not installed on this machine.
[2018.08.09-11.00.24:993][  0]LogShaderCompilers: Display: Using Local Shader Compiler.
[2018.08.09-11.00.26:427][  0]LogDerivedDataCache: Display: Max Cache Size: 512 MB
[2018.08.09-11.00.26:703][  0]LogDerivedDataCache: Loaded boot cache 0.28s 89MB C:/Users/Brandon/AppData/Local/UnrealEngine/4.20/DerivedDataCache/Boot.ddc.
[2018.08.09-11.00.26:703][  0]LogDerivedDataCache: Display: Loaded Boot cache: C:/Users/Brandon/AppData/Local/UnrealEngine/4.20/DerivedDataCache/Boot.ddc
[2018.08.09-11.00.26:703][  0]LogDerivedDataCache: FDerivedDataBackendGraph:  Pak pak cache file ../../../../../../Users/Brandon/Documents/GitHub/Escape-Room/EscapeRoomNew/DerivedDataCache/DDC.ddp not found, will not use a pak cache.
[2018.08.09-11.00.26:703][  0]LogDerivedDataCache: Unable to find inner node Pak for hierarchical cache Hierarchy.
[2018.08.09-11.00.26:703][  0]LogDerivedDataCache: FDerivedDataBackendGraph:  CompressedPak pak cache file ../../../../../../Users/Brandon/Documents/GitHub/Escape-Room/EscapeRoomNew/DerivedDataCache/Compressed.ddp not found, will not use a pak cache.
[2018.08.09-11.00.26:703][  0]LogDerivedDataCache: Unable to find inner node CompressedPak for hierarchical cache Hierarchy.
[2018.08.09-11.00.26:719][  0]LogDerivedDataCache: Display: Pak cache opened for reading ../../../Engine/DerivedDataCache/Compressed.ddp.
[2018.08.09-11.00.26:731][  0]LogDerivedDataCache: Using Local data cache path C:/Users/Brandon/AppData/Local/UnrealEngine/Common/DerivedDataCache: Writable
[2018.08.09-11.00.26:731][  0]LogDerivedDataCache: Shared data cache path not found in *engine.ini, will not use an Shared cache.
[2018.08.09-11.00.26:731][  0]LogDerivedDataCache: Unable to find inner node Shared for hierarchical cache Hierarchy.
[2018.08.09-11.00.26:747][  0]LogMaterial: Verifying Global Shaders for PCD3D_SM5
[2018.08.09-11.00.26:751][  0]LogSlate: Using FreeType 2.6.0
[2018.08.09-11.00.26:766][  0]LogSlate: SlateFontServices - WITH_FREETYPE: 1, WITH_HARFBUZZ: 1
[2018.08.09-11.00.26:967][  0]LogAssetRegistry: FAssetRegistry took 0.0271 seconds to start up
[2018.08.09-11.00.27:318][  0]LogInit: Selected Device Profile: [Windows]
[2018.08.09-11.00.27:673][  0]LogSimplygon: Simplygon DLL not present - disabling.
[2018.08.09-11.00.27:702][  0]LogMeshReduction: Using SimplygonSwarm for distributed automatic mesh merging
[2018.08.09-11.00.27:702][  0]LogMeshReduction: Using ProxyLODMeshReduction for automatic mesh merging
[2018.08.09-11.00.27:702][  0]LogMeshReduction: Using QuadricMeshReduction for automatic static mesh reduction
[2018.08.09-11.00.27:702][  0]LogMeshReduction: No automatic skeletal mesh reduction module available
[2018.08.09-11.00.27:757][  0]LogNetVersion: EscapeRoom 1.0.0, NetCL: 4212847, EngineNetVer: 5, GameNetVer: 0 (Checksum: 2545078580)
[2018.08.09-11.00.28:685][  0]LogPackageLocalizationCache: Processed 11 localized package path(s) for 2 prioritized culture(s) in 0.097020 seconds
[2018.08.09-11.00.28:691][  0]LogUObjectArray: 38425 objects as part of root set at end of initial load.
[2018.08.09-11.00.28:691][  0]LogUObjectAllocator: 6690864 out of 0 bytes used by permanent object pool.
[2018.08.09-11.00.28:691][  0]LogUObjectArray: CloseDisregardForGC: 0/0 objects in disregard for GC pool
[2018.08.09-11.00.31:379][  0]LogTcpMessaging: Initializing TcpMessaging bridge
[2018.08.09-11.00.31:400][  0]LogUdpMessaging: Initializing bridge on interface 0.0.0.0:0 to multicast group 230.0.0.1:6666.
[2018.08.09-11.00.31:900][  0]LogBlueprint: Warning: [Compiler ThirdPersonCharacter] No delegate property found for  NewEventDispatcher_0
[2018.08.09-11.00.31:906][  0]LogBlueprint: Warning: [Compiler ThirdPersonCharacter] [0014.16] Compile of ThirdPersonCharacter successful, but with 1 Warning(s) [in 12 ms] (/Game/ThirdPersonCPP/Blueprints/ThirdPersonCharacter.ThirdPersonCharacter)
[2018.08.09-11.00.32:122][  0]SourceControl: Source control is disabled
[2018.08.09-11.00.32:122][  0]SourceControl: Source control is disabled
[2018.08.09-11.00.32:137][  0]SourceControl: Source control is disabled
[2018.08.09-11.00.32:148][  0]SourceControl: Source control is disabled
[2018.08.09-11.00.32:713][  0]LogAndroidPermission: UAndroidPermissionCallbackProxy::GetInstance
[2018.08.09-11.00.32:856][  0]LogOcInput: OculusInput pre-init called
[2018.08.09-11.00.32:980][  0]LogEngine: Initializing Engine...
[2018.08.09-11.00.32:983][  0]LogHMD: Failed to initialize OpenVR with code 101
[2018.08.09-11.00.32:986][  0]LogStats: UGameplayTagsManager::ConstructGameplayTagTree: ImportINI prefixes -  0.000 s
[2018.08.09-11.00.32:986][  0]LogStats: UGameplayTagsManager::ConstructGameplayTagTree: Construct from data asset -  0.000 s
[2018.08.09-11.00.32:986][  0]LogStats: UGameplayTagsManager::ConstructGameplayTagTree: ImportINI -  0.000 s
[2018.08.09-11.00.32:987][  0]LogStats: UGameplayTagsManager::ConstructGameplayTagTree: GameplayTagTreeChangedEvent.Broadcast -  0.000 s
[2018.08.09-11.00.33:149][  0]LogInit: Initializing FReadOnlyCVARCache
[2018.08.09-11.00.33:205][  0]LogAIModule: Creating AISystem for world Untitled
[2018.08.09-11.00.33:247][  0]LogInit: XAudio2 using 'Speakers (3- Logitech G933 Gaming Headset)' : 6 channels at 48 kHz using 16 bits per sample (channel mask 0x3f)
[2018.08.09-11.00.33:283][  0]LogInit: FAudioDevice initialized.
[2018.08.09-11.00.33:283][  0]LogNetVersion: Set ProjectVersion to 1.0.0.0. Version Checksum will be recalculated on next use.
[2018.08.09-11.00.33:377][  0]LogDerivedDataCache: Saved boot cache 0.09s 89MB C:/Users/Brandon/AppData/Local/UnrealEngine/4.20/DerivedDataCache/Boot.ddc.
[2018.08.09-11.00.33:384][  0]LogInit: Texture streaming: Enabled
[2018.08.09-11.00.33:436][  0]LogEngineSessionManager: EngineSessionManager initialized
[2018.08.09-11.00.33:468][  0]LogInit: Transaction tracking system initialized
[2018.08.09-11.00.33:552][  0]BlueprintLog: New page: Editor Load
[2018.08.09-11.00.33:910][  0]LocalizationService: Localization service is disabled
[2018.08.09-11.00.34:304][  0]LogFileCache: Scanning file cache for directory 'C:/Users/Brandon/Documents/GitHub/Escape-Room/EscapeRoomNew/Content/' took 0.02s
[2018.08.09-11.00.34:304][  0]LogCook: Display: Max memory allowance for cook 16384mb min free memory 0mb
[2018.08.09-11.00.34:304][  0]LogCook: Display: Mobile HDR setting 1
[2018.08.09-11.00.34:305][  0]LogGameplayTags: Display: UGameplayTagsManager::DoneAddingNativeTags. DelegateIsBound: 0
[2018.08.09-11.00.34:305][  0]LogStats: UGameplayTagsManager::ConstructGameplayTagTree: ImportINI prefixes -  0.000 s
[2018.08.09-11.00.34:305][  0]LogStats: UGameplayTagsManager::ConstructGameplayTagTree: Construct from data asset -  0.000 s
[2018.08.09-11.00.34:306][  0]LogStats: UGameplayTagsManager::ConstructGameplayTagTree: ImportINI -  0.000 s
[2018.08.09-11.00.34:306][  0]LogStats: UGameplayTagsManager::ConstructGameplayTagTree: GameplayTagTreeChangedEvent.Broadcast -  0.000 s
[2018.08.09-11.00.34:750][  0]SourceControl: Source control is disabled
[2018.08.09-11.00.34:751][  0]Cmd: MAP LOAD FILE="../../../../../../Users/Brandon/Documents/GitHub/Escape-Room/EscapeRoomNew/Content/Maps/StartScreen.umap" TEMPLATE=0 SHOWPROGRESS=1 FEATURELEVEL=3
[2018.08.09-11.00.34:753][  0]LightingResults: New page: Lighting Build
[2018.08.09-11.00.34:763][  0]MapCheck: New page: Map Check
[2018.08.09-11.00.34:763][  0]LightingResults: New page: Lighting Build
[2018.08.09-11.00.34:926][  0]LogAIModule: Creating AISystem for world StartScreen
[2018.08.09-11.00.34:948][  0]LogEditorServer: Finished looking for orphan Actors (0.000 secs)
[2018.08.09-11.00.34:979][  0]Cmd: MAP CHECKDEP NOCLEARLOG
[2018.08.09-11.00.35:034][  0]MapCheck: Map check complete: 0 Error(s), 0 Warning(s), took 54.62ms to complete.
[2018.08.09-11.00.35:034][  0]LogFileHelpers: Loading map 'StartScreen' took 0.284
[2018.08.09-11.00.35:219][  0]LogSlate: Updating window title bar state: overlay mode, drag disabled, window buttons hidden, title bar hidden
[2018.08.09-11.00.35:226][  0]LogSlate: Updating window title bar state: overlay mode, drag disabled, window buttons hidden, title bar hidden
[2018.08.09-11.00.35:231][  0]LogSlate: Updating window title bar state: overlay mode, drag disabled, window buttons hidden, title bar hidden
[2018.08.09-11.00.35:237][  0]LogSlate: Updating window title bar state: overlay mode, drag disabled, window buttons hidden, title bar hidden
[2018.08.09-11.00.35:257][  0]LogCollectionManager: Loaded 0 collections in 0.001419 seconds
[2018.08.09-11.00.35:308][  0]LogFileCache: Scanning file cache for directory 'C:/Users/Brandon/Documents/GitHub/Escape-Room/EscapeRoomNew/Saved/Collections/' took 0.01s
[2018.08.09-11.00.35:308][  0]LogFileCache: Scanning file cache for directory 'C:/Users/Brandon/Documents/GitHub/Escape-Room/EscapeRoomNew/Content/Developers/Brandon/Collections/' took 0.01s
[2018.08.09-11.00.35:308][  0]LogFileCache: Scanning file cache for directory 'C:/Users/Brandon/Documents/GitHub/Escape-Room/EscapeRoomNew/Content/Collections/' took 0.01s
[2018.08.09-11.00.35:308][  0]LogCollectionManager: Rebuilt the GUID cache for 0 collections in 0.000001 seconds
[2018.08.09-11.00.35:317][  0]LogContentBrowser: Native class hierarchy populated in 0.0087 seconds. Added 2574 classes and 605 folders.
[2018.08.09-11.00.35:329][  0]LogContentBrowser: Native class hierarchy updated for 'WidgetCarousel' in 0.0002 seconds. Added 0 classes and 0 folders.
[2018.08.09-11.00.35:612][  0]LogContentBrowser: Native class hierarchy updated for 'AddContentDialog' in 0.0003 seconds. Added 0 classes and 0 folders.
[2018.08.09-11.00.35:627][  0]LogContentBrowser: Native class hierarchy updated for 'SceneOutliner' in 0.0003 seconds. Added 1 classes and 2 folders.
[2018.08.09-11.00.35:743][  0]LogContentBrowser: Native class hierarchy updated for 'HierarchicalLODOutliner' in 0.0003 seconds. Added 0 classes and 0 folders.
[2018.08.09-11.00.35:743][  0]LogLoad: (Engine Initialization) Total time: 18.00 seconds
[2018.08.09-11.00.35:743][  0]LogLoad: (Engine Initialization) Total Blueprint compile time: 0.00 seconds
[2018.08.09-11.00.35:790][  0]LogContentStreaming: Texture pool size now 3000 MB
[2018.08.09-11.00.35:803][  0]LogSlate: Took 0.004029 seconds to synchronously load lazily loaded font '../../../Engine/Content/Slate/Fonts/Roboto-Regular.ttf' (155K)
[2018.08.09-11.00.35:811][  0]LogSlate: Took 0.005070 seconds to synchronously load lazily loaded font '../../../Engine/Content/Slate/Fonts/Roboto-Bold.ttf' (160K)
[2018.08.09-11.00.35:823][  0]LogSlate: Took 0.005340 seconds to synchronously load lazily loaded font '../../../Engine/Content/Editor/Slate/Fonts/FontAwesome.ttf' (139K)
[2018.08.09-11.00.35:961][  0]LogRenderer: Reallocating scene render targets to support 804x360 Format 10 NumSamples 1 (Frame:1).
[2018.08.09-11.00.35:961][  0]LogSlate: Took 0.004545 seconds to synchronously load lazily loaded font '../../../Engine/Content/Slate/Fonts/Roboto-Light.ttf' (167K)
[2018.08.09-11.00.36:007][  1]LogAssetRegistry: Asset discovery search completed in 9.0620 seconds
[2018.08.09-11.00.36:010][  1]LogCollectionManager: Rebuilt the object cache for 0 collections in 0.000000 seconds (found 0 objects)
[2018.08.09-11.00.36:010][  1]LogCollectionManager: Fixed up redirectors for 0 collections in 0.000474 seconds (updated 0 objects)
[2018.08.09-11.00.36:770][ 74]LogSlate: Took 0.000154 seconds to synchronously load lazily loaded font '../../../Engine/Content/Slate/Fonts/Roboto-Light.ttf' (167K)
[2018.08.09-11.00.42:067][574]LogSlate: FSceneViewport::OnFocusLost() reason 0
[2018.08.09-11.00.43:204][697]LogTexture: Display: Building textures: bubbles (AutoDXT, 500X500)
[2018.08.09-11.00.43:204][697]LogTexture: Display: Building textures: bubbles2 (AutoDXT, 500X500)
[2018.08.09-11.00.43:204][697]LogMaterial: Display: Missing cached shader map for material bubbles, compiling. 
[2018.08.09-11.00.43:313][697]LogShaderCompilers: Display: Shaders left to compile 119
[2018.08.09-11.00.43:313][697]LogShaderCompilers: Display: Shaders left to compile 109
[2018.08.09-11.00.43:313][697]LogShaderCompilers: Display: Shaders left to compile 99
[2018.08.09-11.00.43:313][697]LogShaderCompilers: Display: Shaders left to compile 89
[2018.08.09-11.00.43:313][697]LogShaderCompilers: Display: Shaders left to compile 79
[2018.08.09-11.00.43:313][697]LogShaderCompilers: Display: Shaders left to compile 69
[2018.08.09-11.00.43:313][697]LogShaderCompilers: Display: Shaders left to compile 59
[2018.08.09-11.00.43:313][697]LogShaderCompilers: Display: Shaders left to compile 49
[2018.08.09-11.00.43:456][697]LogAIModule: Creating AISystem for world NewMap
[2018.08.09-11.00.43:471][697]LogAssetEditorManager: Opening Asset editor for World /Game/Maps/NewMap.NewMap
[2018.08.09-11.00.43:495][697]Cmd: MAP LOAD FILE="../../../../../../Users/Brandon/Documents/GitHub/Escape-Room/EscapeRoomNew/Content/Maps/NewMap.umap" TEMPLATE=0 SHOWPROGRESS=1 FEATURELEVEL=3
[2018.08.09-11.00.43:495][697]LightingResults: New page: Lighting Build
[2018.08.09-11.00.43:496][697]LoadErrors: New page: Loading map: NewMap.umap
[2018.08.09-11.00.43:498][697]MapCheck: New page: Map Check
[2018.08.09-11.00.43:498][697]LightingResults: New page: Lighting Build
[2018.08.09-11.00.43:538][697]LogEditorServer: Finished looking for orphan Actors (0.000 secs)
[2018.08.09-11.00.43:583][697]Cmd: MAP CHECKDEP NOCLEARLOG
[2018.08.09-11.00.43:639][697]MapCheck: Map check complete: 0 Error(s), 0 Warning(s), took 56.219ms to complete.
[2018.08.09-11.00.43:639][697]LogFileHelpers: Loading map 'NewMap' took 0.146
[2018.08.09-11.00.46:762][ 30]LogShaderCompilers: Display: Shaders left to compile 39
[2018.08.09-11.00.46:849][ 40]LogShaderCompilers: Display: Shaders left to compile 29
[2018.08.09-11.00.49:116][305]LogShaderCompilers: Display: Shaders left to compile 19
[2018.08.09-11.00.49:179][312]LogShaderCompilers: Display: Shaders left to compile 9
[2018.08.09-11.00.59:902][585]LogEditorViewport: Clicking on Actor (LMB): Bookshelf_Book_Shelf_Blueprint_C (Bookshelf_Book_Shelf_Blueprint)
[2018.08.09-11.01.01:937][808]LogEditorViewport: Clicking on Actor (LMB): Bookshelf_Book_Shelf_Blueprint_C (Bookshelf_Book_Shelf_Blueprint)
[2018.08.09-11.01.06:294][316]LogEditorViewport: Clicking on Actor (LMB): Bookshelf_Book_Shelf_Blueprint_C (Bookshelf_Book_Shelf_Blueprint)
[2018.08.09-11.01.07:825][482]LogEditorViewport: Clicking on Actor (LMB): Bookshelf_Book_Shelf_Blueprint_C (Bookshelf_Book_Shelf_Blueprint)
[2018.08.09-11.01.10:877][805]LogRenderer: Reallocating scene render targets to support 1208x576 Format 10 NumSamples 1 (Frame:3322).
[2018.08.09-11.01.12:316][965]LogEditorViewport: Clicking on Actor (LMB): Bookshelf_Book_Shelf_Blueprint_C (Bookshelf_Book_Shelf_Blueprint)
[2018.08.09-11.01.12:890][ 23]LogEditorViewport: Clicking on Actor (LMB): Bookshelf_Book_Shelf_Blueprint_C (Bookshelf_Book_Shelf_Blueprint)
[2018.08.09-11.01.12:983][ 31]LogEditorViewport: Clicking on Component (LMB): StaticMeshComponent (StaticMeshComponent020)
[2018.08.09-11.01.13:216][ 49]LogEditorViewport: Clicking on Component (LMB): StaticMeshComponent (StaticMeshComponent020)
[2018.08.09-11.01.14:904][233]LogEditorViewport: Clicking on Component (LMB): StaticMeshComponent (StaticMeshComponent02)
[2018.08.09-11.01.14:948][234]LogEditorViewport: Clicking on Actor (double click): Bookshelf_Book_Shelf_Blueprint_C (Bookshelf_Book_Shelf_Blueprint)
[2018.08.09-11.01.16:957][460]LogEditorViewport: Clicking on Actor (LMB): Bookshelf_Book_Shelf_Blueprint_C (Bookshelf_Book_Shelf_Blueprint)
[2018.08.09-11.01.17:014][464]LogEditorViewport: Clicking on Component (LMB): StaticMeshComponent (StaticMeshComponent02)
[2018.08.09-11.01.19:116][692]LogEditorViewport: Clicking on Actor (LMB): Emitter (bubbles_part14)
[2018.08.09-11.01.19:179][694]LogEditorViewport: Clicking on Component (LMB): ParticleSystemComponent (ParticleSystemComponent0)
[2018.08.09-11.01.19:960][777]LogEditorViewport: Clicking on Actor (LMB): Bookshelf_Book_Shelf_Blueprint_C (Bookshelf_Book_Shelf_Blueprint)
[2018.08.09-11.01.20:014][780]LogEditorViewport: Clicking on Component (LMB): StaticMeshComponent (StaticMeshComponent020)
[2018.08.09-11.01.25:051][378]LogSlate: FSceneViewport::OnFocusLost() reason 0
[2018.08.09-11.01.37:695][884]LogAssetEditorManager: Opening Asset editor for Blueprint /Game/Blueprints/Bookshelf_Book_Shelf_Blueprint.Bookshelf_Book_Shelf_Blueprint
[2018.08.09-11.01.38:040][884]LogContentBrowser: Native class hierarchy updated for 'BlueprintGraph' in 0.0005 seconds. Added 116 classes and 0 folders.
[2018.08.09-11.01.38:645][884]LogSlate: Took 0.003456 seconds to synchronously load lazily loaded font '../../../Engine/Content/Slate/Fonts/Roboto-BoldCondensed.ttf' (158K)
[2018.08.09-11.01.38:701][885]LogSlate: Took 0.003531 seconds to synchronously load lazily loaded font '../../../Engine/Content/Slate/Fonts/Roboto-Italic.ttf' (157K)
[2018.08.09-11.03.37:319][604]LogSlate: FSceneViewport::OnFocusLost() reason 0
[2018.08.09-11.03.38:959][792]LogEditorViewport: Clicking on Actor (LMB): Rising_acid_C (Rising_acid)
[2018.08.09-11.03.39:524][855]LogEditorViewport: Clicking on Actor (LMB): Rising_acid_C (Rising_acid)
[2018.08.09-11.03.39:577][859]LogEditorViewport: Clicking on Component (LMB): StaticMeshComponent (Plane)
[2018.08.09-11.03.40:601][978]LogEditorViewport: Clicking on Component (LMB): StaticMeshComponent (Plane)
[2018.08.09-11.03.41:254][ 54]LogEditorViewport: Clicking on Actor (LMB): StaticMeshActor (Props_Wood_Plank5)
[2018.08.09-11.03.50:205][ 93]LogSlate: FSceneViewport::OnFocusLost() reason 0
[2018.08.09-11.03.52:362][293]LogEditorViewport: Clicking on Actor (LMB): PostProcessVolume (PostProcessVolume2)
[2018.08.09-11.03.56:392][749]LogSlate: FSceneViewport::OnFocusLost() reason 0
[2018.08.09-11.04.06:507][916]LogSlate: FSceneViewport::OnFocusLost() reason 0
[2018.08.09-11.04.46:060][451]LogSlate: FSceneViewport::OnFocusLost() reason 0
[2018.08.09-11.04.48:222][688]LogRenderer: Reallocating scene render targets to support 1208x720 Format 10 NumSamples 1 (Frame:1).
[2018.08.09-11.05.24:532][757]LogSlate: FSceneViewport::OnFocusLost() reason 2
[2018.08.09-11.05.24:621][767]LogEditorViewport: Clicking on Actor (LMB): Rising_acid_C (Rising_acid)
[2018.08.09-11.05.46:342][254]LogSlate: FSceneViewport::OnFocusLost() reason 2
[2018.08.09-11.07.18:538][311]LogSlate: FSceneViewport::OnFocusLost() reason 2
[2018.08.09-11.07.40:526][847]BlueprintLog: New page: Compile Bookshelf_Book_Shelf_Blueprint
[2018.08.09-11.10.47:379][799]LogSlate: FSceneViewport::OnFocusLost() reason 0
[2018.08.09-11.10.48:532][916]LogAIModule: Creating AISystem for world StartScreen
[2018.08.09-11.10.48:534][916]LogAssetEditorManager: Opening Asset editor for World /Game/Maps/StartScreen.StartScreen
[2018.08.09-11.10.53:125][916]LogSlate: Window 'Save Content' being destroyed
[2018.08.09-11.10.53:194][916]LogSavePackage: Moving '../../../../../../Users/Brandon/Documents/GitHub/Escape-Room/EscapeRoomNew/Saved/Bookshelf_Book_Shelf_Blueprint7C0F6B8C49DC57B1F7FC58B03D3C0707.tmp' to '../../../../../../Users/Brandon/Documents/GitHub/Escape-Room/EscapeRoomNew/Content/Blueprints/Bookshelf_Book_Shelf_Blueprint.uasset'
[2018.08.09-11.10.53:258][916]Cmd: OBJ SAVEPACKAGE PACKAGE="/Game/Maps/NewMap" FILE="../../../../../../Users/Brandon/Documents/GitHub/Escape-Room/EscapeRoomNew/Content/Maps/NewMap.umap" SILENT=true AUTOSAVING=false KEEPDIRTY=false
[2018.08.09-11.10.53:455][916]LogSavePackage: Moving '../../../../../../Users/Brandon/Documents/GitHub/Escape-Room/EscapeRoomNew/Saved/NewMapCD1DAB05483824A425232B84F662E653.tmp' to '../../../../../../Users/Brandon/Documents/GitHub/Escape-Room/EscapeRoomNew/Content/Maps/NewMap.umap'
[2018.08.09-11.10.53:482][916]LogFileHelpers: Saving map 'NewMap' took 0.282
[2018.08.09-11.10.53:483][916]Cmd: MAP LOAD FILE="../../../../../../Users/Brandon/Documents/GitHub/Escape-Room/EscapeRoomNew/Content/Maps/StartScreen.umap" TEMPLATE=0 SHOWPROGRESS=1 FEATURELEVEL=3
[2018.08.09-11.10.53:483][916]LightingResults: New page: Lighting Build
[2018.08.09-11.10.53:483][916]LoadErrors: New page: Loading map: StartScreen.umap
[2018.08.09-11.10.53:485][916]MapCheck: New page: Map Check
[2018.08.09-11.10.53:485][916]LightingResults: New page: Lighting Build
[2018.08.09-11.10.53:511][916]LogEditorServer: Finished looking for orphan Actors (0.000 secs)
[2018.08.09-11.10.53:561][916]Cmd: MAP CHECKDEP NOCLEARLOG
[2018.08.09-11.10.53:617][916]MapCheck: Map check complete: 0 Error(s), 0 Warning(s), took 55.527ms to complete.
[2018.08.09-11.10.53:620][916]LogFileHelpers: Loading map 'StartScreen' took 0.138
[2018.08.09-11.11.07:845][590]LogSlate: FSceneViewport::OnFocusLost() reason 0
[2018.08.09-11.11.08:021][606]LogAIModule: Creating AISystem for world NewMap
[2018.08.09-11.11.08:027][606]LogAssetEditorManager: Opening Asset editor for World /Game/Maps/NewMap.NewMap
[2018.08.09-11.11.08:047][606]Cmd: MAP LOAD FILE="../../../../../../Users/Brandon/Documents/GitHub/Escape-Room/EscapeRoomNew/Content/Maps/NewMap.umap" TEMPLATE=0 SHOWPROGRESS=1 FEATURELEVEL=3
[2018.08.09-11.11.08:047][606]LightingResults: New page: Lighting Build
[2018.08.09-11.11.08:048][606]LoadErrors: New page: Loading map: NewMap.umap
[2018.08.09-11.11.08:048][606]MapCheck: New page: Map Check
[2018.08.09-11.11.08:048][606]LightingResults: New page: Lighting Build
[2018.08.09-11.11.08:081][606]LogEditorServer: Finished looking for orphan Actors (0.000 secs)
[2018.08.09-11.11.08:130][606]Cmd: MAP CHECKDEP NOCLEARLOG
[2018.08.09-11.11.08:187][606]MapCheck: Map check complete: 0 Error(s), 0 Warning(s), took 56.549ms to complete.
[2018.08.09-11.11.08:187][606]LogFileHelpers: Loading map 'NewMap' took 0.141
[2018.08.09-11.11.33:856][634]LogEditorViewport: Clicking on Actor (LMB): Bookshelf_Book_Shelf_Blueprint_C (Bookshelf_Book_Shelf_Blueprint)
[2018.08.09-11.11.35:773][836]LogEditorViewport: Clicking on Actor (LMB): Bookshelf_Book_Shelf_Blueprint_C (Bookshelf_Book_Shelf_Blueprint)
[2018.08.09-11.11.35:822][838]LogEditorViewport: Clicking on Component (LMB): StaticMeshComponent (StaticMeshComponent020)
[2018.08.09-11.11.38:904][167]LogEditorViewport: Clicking on Component (LMB): StaticMeshComponent (StaticMeshComponent02)
[2018.08.09-11.11.38:981][171]LogEditorViewport: Clicking on Actor (double click): Emitter (bubbles_part13)
[2018.08.09-11.11.42:568][567]LogEditorViewport: Clicking on Actor (LMB): Bookshelf_Book_Shelf_Blueprint_C (Bookshelf_Book_Shelf_Blueprint)
[2018.08.09-11.11.42:628][568]LogEditorViewport: Clicking on Component (LMB): StaticMeshComponent (StaticMeshComponent02)
[2018.08.09-11.11.49:573][313]LogSlate: FSceneViewport::OnFocusLost() reason 0
[2018.08.09-11.14.58:147][ 57]LogSlate: FSceneViewport::OnFocusLost() reason 0
[2018.08.09-11.18.28:436][913]BlueprintLog: New page: Compile Bookshelf_Book_Shelf_Blueprint
[2018.08.09-11.18.31:130][211]LogTemp: Repeating last play command: Selected Viewport
[2018.08.09-11.18.31:147][211]LogBlueprintUserMessages: Early PlayInEditor Detection: Level '/Game/Maps/NewMap.NewMap:PersistentLevel' has LevelScriptBlueprint '/Game/Maps/NewMap.NewMap:PersistentLevel.NewMap' with GeneratedClass '/Game/Maps/NewMap.NewMap_C' with ClassGeneratedBy '/Game/Maps/NewMap.NewMap:PersistentLevel.NewMap'
[2018.08.09-11.18.31:148][211]LogPlayLevel: PlayLevel: No blueprints needed recompiling
[2018.08.09-11.18.31:164][211]PIE: New page: PIE session: NewMap (Aug 10, 2018, 11:18:31 AM)
[2018.08.09-11.18.31:165][211]LogPlayLevel: Creating play world package: /Game/Maps/UEDPIE_0_NewMap
[2018.08.09-11.18.31:172][211]LogPlayLevel: PIE: StaticDuplicateObject took: (0.007488s)
[2018.08.09-11.18.31:173][211]LogAIModule: Creating AISystem for world NewMap
[2018.08.09-11.18.31:173][211]LogPlayLevel: PIE: World Init took: (0.000751s)
[2018.08.09-11.18.31:174][211]LogPlayLevel: PIE: Created PIE world by copying editor world from /Game/Maps/NewMap.NewMap to /Game/Maps/UEDPIE_0_NewMap.NewMap (0.008717s)
[2018.08.09-11.18.31:213][211]LogInit: XAudio2 using 'Speakers (3- Logitech G933 Gaming Headset)' : 6 channels at 48 kHz using 16 bits per sample (channel mask 0x3f)
[2018.08.09-11.18.31:226][211]LogInit: FAudioDevice initialized.
[2018.08.09-11.18.31:269][211]LogLoad: Game class is 'EscapeRoomGameMode'
[2018.08.09-11.18.31:276][211]LogWorld: Bringing World /Game/Maps/UEDPIE_0_NewMap.NewMap up for play (max tick rate 0) at 2018.08.09-23.18.31
[2018.08.09-11.18.31:278][211]LogWorld: Bringing up level for play took: 0.003533
[2018.08.09-11.18.31:306][211]LogContentBrowser: Native class hierarchy updated for 'MovieSceneCapture' in 0.0003 seconds. Added 10 classes and 0 folders.
[2018.08.09-11.18.31:328][211]PIE: Play in editor start time for /Game/Maps/UEDPIE_0_NewMap 0.225
[2018.08.09-11.18.31:328][211]LogBlueprintUserMessages: Late PlayInEditor Detection: Level '/Game/Maps/NewMap.NewMap:PersistentLevel' has LevelScriptBlueprint '/Game/Maps/NewMap.NewMap:PersistentLevel.NewMap' with GeneratedClass '/Game/Maps/NewMap.NewMap_C' with ClassGeneratedBy '/Game/Maps/NewMap.NewMap:PersistentLevel.NewMap'
[2018.08.09-11.18.33:164][425]LogBlueprintUserMessages: Early EndPlayMap Detection: Level '/Game/Maps/NewMap.NewMap:PersistentLevel' has LevelScriptBlueprint '/Game/Maps/NewMap.NewMap:PersistentLevel.NewMap' with GeneratedClass '/Game/Maps/NewMap.NewMap_C' with ClassGeneratedBy '/Game/Maps/NewMap.NewMap:PersistentLevel.NewMap'
[2018.08.09-11.18.33:165][425]LogSlate: Updating window title bar state: overlay mode, drag disabled, window buttons hidden, title bar hidden
[2018.08.09-11.18.33:203][425]LogPlayLevel: Display: Shutting down PIE online subsystems
[2018.08.09-11.18.33:203][425]LogBlueprintUserMessages: Late EndPlayMap Detection: Level '/Game/Maps/NewMap.NewMap:PersistentLevel' has LevelScriptBlueprint '/Game/Maps/NewMap.NewMap:PersistentLevel.NewMap' with GeneratedClass '/Game/Maps/NewMap.NewMap_C' with ClassGeneratedBy '/Game/Maps/NewMap.NewMap:PersistentLevel.NewMap'
[2018.08.09-11.18.33:226][425]LogSlate: Updating window title bar state: overlay mode, drag disabled, window buttons hidden, title bar hidden
[2018.08.09-11.18.33:275][427]LogPlayLevel: Display: Destroying online subsystem :Context_6
[2018.08.09-11.18.53:893][891]BlueprintLog: New page: Compile Bookshelf_Book_Shelf_Blueprint
[2018.08.09-11.19.28:010][949]BlueprintLog: New page: Compile Bookshelf_Book_Shelf_Blueprint
[2018.08.09-11.19.29:651][124]LogTemp: Repeating last play command: Selected Viewport
[2018.08.09-11.19.29:668][124]LogBlueprintUserMessages: Early PlayInEditor Detection: Level '/Game/Maps/NewMap.NewMap:PersistentLevel' has LevelScriptBlueprint '/Game/Maps/NewMap.NewMap:PersistentLevel.NewMap' with GeneratedClass '/Game/Maps/NewMap.NewMap_C' with ClassGeneratedBy '/Game/Maps/NewMap.NewMap:PersistentLevel.NewMap'
[2018.08.09-11.19.29:668][124]LogPlayLevel: PlayLevel: No blueprints needed recompiling
[2018.08.09-11.19.29:668][124]PIE: New page: PIE session: NewMap (Aug 10, 2018, 11:19:29 AM)
[2018.08.09-11.19.29:668][124]LogPlayLevel: Creating play world package: /Game/Maps/UEDPIE_0_NewMap
[2018.08.09-11.19.29:674][124]LogPlayLevel: PIE: StaticDuplicateObject took: (0.005653s)
[2018.08.09-11.19.29:674][124]LogAIModule: Creating AISystem for world NewMap
[2018.08.09-11.19.29:675][124]LogPlayLevel: PIE: World Init took: (0.000536s)
[2018.08.09-11.19.29:675][124]LogPlayLevel: PIE: Created PIE world by copying editor world from /Game/Maps/NewMap.NewMap to /Game/Maps/UEDPIE_0_NewMap.NewMap (0.006280s)
[2018.08.09-11.19.29:712][124]LogInit: XAudio2 using 'Speakers (3- Logitech G933 Gaming Headset)' : 6 channels at 48 kHz using 16 bits per sample (channel mask 0x3f)
[2018.08.09-11.19.29:724][124]LogInit: FAudioDevice initialized.
[2018.08.09-11.19.29:756][124]LogLoad: Game class is 'EscapeRoomGameMode'
[2018.08.09-11.19.29:758][124]LogWorld: Bringing World /Game/Maps/UEDPIE_0_NewMap.NewMap up for play (max tick rate 0) at 2018.08.09-23.19.29
[2018.08.09-11.19.29:758][124]LogWorld: Bringing up level for play took: 0.001502
[2018.08.09-11.19.29:771][124]PIE: Play in editor start time for /Game/Maps/UEDPIE_0_NewMap 0.668
[2018.08.09-11.19.29:771][124]LogBlueprintUserMessages: Late PlayInEditor Detection: Level '/Game/Maps/NewMap.NewMap:PersistentLevel' has LevelScriptBlueprint '/Game/Maps/NewMap.NewMap:PersistentLevel.NewMap' with GeneratedClass '/Game/Maps/NewMap.NewMap_C' with ClassGeneratedBy '/Game/Maps/NewMap.NewMap:PersistentLevel.NewMap'
[2018.08.09-11.19.36:199][888]LogBlueprintUserMessages: Early EndPlayMap Detection: Level '/Game/Maps/NewMap.NewMap:PersistentLevel' has LevelScriptBlueprint '/Game/Maps/NewMap.NewMap:PersistentLevel.NewMap' with GeneratedClass '/Game/Maps/NewMap.NewMap_C' with ClassGeneratedBy '/Game/Maps/NewMap.NewMap:PersistentLevel.NewMap'
[2018.08.09-11.19.36:199][888]LogSlate: Updating window title bar state: overlay mode, drag disabled, window buttons hidden, title bar hidden
[2018.08.09-11.19.36:237][888]LogPlayLevel: Display: Shutting down PIE online subsystems
[2018.08.09-11.19.36:237][888]LogBlueprintUserMessages: Late EndPlayMap Detection: Level '/Game/Maps/NewMap.NewMap:PersistentLevel' has LevelScriptBlueprint '/Game/Maps/NewMap.NewMap:PersistentLevel.NewMap' with GeneratedClass '/Game/Maps/NewMap.NewMap_C' with ClassGeneratedBy '/Game/Maps/NewMap.NewMap:PersistentLevel.NewMap'
[2018.08.09-11.19.36:260][888]LogSlate: Updating window title bar state: overlay mode, drag disabled, window buttons hidden, title bar hidden
[2018.08.09-11.19.36:317][889]LogPlayLevel: Display: Destroying online subsystem :Context_7
[2018.08.09-11.19.38:207][112]LogSlate: FSceneViewport::OnFocusLost() reason 0
[2018.08.09-11.19.51:859][745]LogTemp: Repeating last play command: Selected Viewport
[2018.08.09-11.19.51:874][745]LogBlueprintUserMessages: Early PlayInEditor Detection: Level '/Game/Maps/NewMap.NewMap:PersistentLevel' has LevelScriptBlueprint '/Game/Maps/NewMap.NewMap:PersistentLevel.NewMap' with GeneratedClass '/Game/Maps/NewMap.NewMap_C' with ClassGeneratedBy '/Game/Maps/NewMap.NewMap:PersistentLevel.NewMap'
[2018.08.09-11.19.51:874][745]BlueprintLog: New page: Pre-Play auto-recompile
[2018.08.09-11.19.51:877][745]LogPlayLevel: [PlayLevel] Compiling Bookshelf_Book_Shelf_Blueprint before play...
[2018.08.09-11.19.52:007][745]LogPlayLevel: PlayLevel: Blueprint regeneration took 132 ms (1 blueprints)
[2018.08.09-11.19.52:007][745]PIE: New page: PIE session: NewMap (Aug 10, 2018, 11:19:52 AM)
[2018.08.09-11.19.52:007][745]LogPlayLevel: Creating play world package: /Game/Maps/UEDPIE_0_NewMap
[2018.08.09-11.19.52:013][745]LogPlayLevel: PIE: StaticDuplicateObject took: (0.005636s)
[2018.08.09-11.19.52:013][745]LogAIModule: Creating AISystem for world NewMap
[2018.08.09-11.19.52:013][745]LogPlayLevel: PIE: World Init took: (0.000492s)
[2018.08.09-11.19.52:013][745]LogPlayLevel: PIE: Created PIE world by copying editor world from /Game/Maps/NewMap.NewMap to /Game/Maps/UEDPIE_0_NewMap.NewMap (0.006221s)
[2018.08.09-11.19.52:047][745]LogInit: XAudio2 using 'Speakers (3- Logitech G933 Gaming Headset)' : 6 channels at 48 kHz using 16 bits per sample (channel mask 0x3f)
[2018.08.09-11.19.52:060][745]LogInit: FAudioDevice initialized.
[2018.08.09-11.19.52:092][745]LogLoad: Game class is 'EscapeRoomGameMode'
[2018.08.09-11.19.52:094][745]LogWorld: Bringing World /Game/Maps/UEDPIE_0_NewMap.NewMap up for play (max tick rate 0) at 2018.08.09-23.19.52
[2018.08.09-11.19.52:094][745]LogWorld: Bringing up level for play took: 0.001500
[2018.08.09-11.19.52:107][745]PIE: Play in editor start time for /Game/Maps/UEDPIE_0_NewMap 1.004
[2018.08.09-11.19.52:108][745]LogBlueprintUserMessages: Late PlayInEditor Detection: Level '/Game/Maps/NewMap.NewMap:PersistentLevel' has LevelScriptBlueprint '/Game/Maps/NewMap.NewMap:PersistentLevel.NewMap' with GeneratedClass '/Game/Maps/NewMap.NewMap_C' with ClassGeneratedBy '/Game/Maps/NewMap.NewMap:PersistentLevel.NewMap'
[2018.08.09-11.20.02:565][992]LogBlueprintUserMessages: Early EndPlayMap Detection: Level '/Game/Maps/NewMap.NewMap:PersistentLevel' has LevelScriptBlueprint '/Game/Maps/NewMap.NewMap:PersistentLevel.NewMap' with GeneratedClass '/Game/Maps/NewMap.NewMap_C' with ClassGeneratedBy '/Game/Maps/NewMap.NewMap:PersistentLevel.NewMap'
[2018.08.09-11.20.02:565][992]LogSlate: Updating window title bar state: overlay mode, drag disabled, window buttons hidden, title bar hidden
[2018.08.09-11.20.02:601][992]LogPlayLevel: Display: Shutting down PIE online subsystems
[2018.08.09-11.20.02:601][992]LogBlueprintUserMessages: Late EndPlayMap Detection: Level '/Game/Maps/NewMap.NewMap:PersistentLevel' has LevelScriptBlueprint '/Game/Maps/NewMap.NewMap:PersistentLevel.NewMap' with GeneratedClass '/Game/Maps/NewMap.NewMap_C' with ClassGeneratedBy '/Game/Maps/NewMap.NewMap:PersistentLevel.NewMap'
[2018.08.09-11.20.02:622][992]LogSlate: Updating window title bar state: overlay mode, drag disabled, window buttons hidden, title bar hidden
[2018.08.09-11.20.02:671][996]LogPlayLevel: Display: Destroying online subsystem :Context_8
[2018.08.09-11.20.04:439][206]LogSlate: FSceneViewport::OnFocusLost() reason 0
[2018.08.09-11.20.09:136][765]LogTemp: Repeating last play command: Selected Viewport
[2018.08.09-11.20.09:154][765]LogBlueprintUserMessages: Early PlayInEditor Detection: Level '/Game/Maps/NewMap.NewMap:PersistentLevel' has LevelScriptBlueprint '/Game/Maps/NewMap.NewMap:PersistentLevel.NewMap' with GeneratedClass '/Game/Maps/NewMap.NewMap_C' with ClassGeneratedBy '/Game/Maps/NewMap.NewMap:PersistentLevel.NewMap'
[2018.08.09-11.20.09:154][765]BlueprintLog: New page: Pre-Play auto-recompile
[2018.08.09-11.20.09:157][765]LogPlayLevel: [PlayLevel] Compiling Bookshelf_Book_Shelf_Blueprint before play...
[2018.08.09-11.20.09:295][765]LogPlayLevel: PlayLevel: Blueprint regeneration took 140 ms (1 blueprints)
[2018.08.09-11.20.09:295][765]PIE: New page: PIE session: NewMap (Aug 10, 2018, 11:20:09 AM)
[2018.08.09-11.20.09:296][765]LogPlayLevel: Creating play world package: /Game/Maps/UEDPIE_0_NewMap
[2018.08.09-11.20.09:301][765]LogPlayLevel: PIE: StaticDuplicateObject took: (0.005794s)
[2018.08.09-11.20.09:302][765]LogAIModule: Creating AISystem for world NewMap
[2018.08.09-11.20.09:302][765]LogPlayLevel: PIE: World Init took: (0.000536s)
[2018.08.09-11.20.09:302][765]LogPlayLevel: PIE: Created PIE world by copying editor world from /Game/Maps/NewMap.NewMap to /Game/Maps/UEDPIE_0_NewMap.NewMap (0.006416s)
[2018.08.09-11.20.09:336][765]LogInit: XAudio2 using 'Speakers (3- Logitech G933 Gaming Headset)' : 6 channels at 48 kHz using 16 bits per sample (channel mask 0x3f)
[2018.08.09-11.20.09:350][765]LogInit: FAudioDevice initialized.
[2018.08.09-11.20.09:380][765]LogLoad: Game class is 'EscapeRoomGameMode'
[2018.08.09-11.20.09:382][765]LogWorld: Bringing World /Game/Maps/UEDPIE_0_NewMap.NewMap up for play (max tick rate 0) at 2018.08.09-23.20.09
[2018.08.09-11.20.09:382][765]LogWorld: Bringing up level for play took: 0.001481
[2018.08.09-11.20.09:395][765]PIE: Play in editor start time for /Game/Maps/UEDPIE_0_NewMap 0.292
[2018.08.09-11.20.09:395][765]LogBlueprintUserMessages: Late PlayInEditor Detection: Level '/Game/Maps/NewMap.NewMap:PersistentLevel' has LevelScriptBlueprint '/Game/Maps/NewMap.NewMap:PersistentLevel.NewMap' with GeneratedClass '/Game/Maps/NewMap.NewMap_C' with ClassGeneratedBy '/Game/Maps/NewMap.NewMap:PersistentLevel.NewMap'
[2018.08.09-11.20.28:489][ 47]LogNet: Browse: /Game/Maps/NewMap
[2018.08.09-11.20.28:489][ 47]LogLoad: LoadMap: /Game/Maps/NewMap
[2018.08.09-11.20.28:512][ 47]LogPlayLevel: Creating play world package: /Game/Maps/UEDPIE_0_NewMap
[2018.08.09-11.20.28:518][ 47]LogPlayLevel: PIE: StaticDuplicateObject took: (0.005600s)
[2018.08.09-11.20.28:518][ 47]LogAIModule: Creating AISystem for world NewMap
[2018.08.09-11.20.28:518][ 47]LogPlayLevel: PIE: World Init took: (0.000499s)
[2018.08.09-11.20.28:518][ 47]LogPlayLevel: PIE: Created PIE world by copying editor world from /Game/Maps/NewMap.NewMap to /Game/Maps/UEDPIE_0_NewMap.NewMap (0.006225s)
[2018.08.09-11.20.28:518][ 47]LogLoad: Game class is 'EscapeRoomGameMode'
[2018.08.09-11.20.28:520][ 47]LogWorld: Bringing World /Game/Maps/UEDPIE_0_NewMap.NewMap up for play (max tick rate 0) at 2018.08.09-23.20.28
[2018.08.09-11.20.28:520][ 47]LogWorld: Bringing up level for play took: 0.001382
[2018.08.09-11.20.28:522][ 47]LogLoad: Took 0.032469 seconds to LoadMap(/Game/Maps/UEDPIE_0_NewMap)
[2018.08.09-11.20.32:219][490]LogNet: Browse: /Game/Maps/NewMap
[2018.08.09-11.20.32:219][490]LogLoad: LoadMap: /Game/Maps/NewMap
[2018.08.09-11.20.32:241][490]LogPlayLevel: Creating play world package: /Game/Maps/UEDPIE_0_NewMap
[2018.08.09-11.20.32:246][490]LogPlayLevel: PIE: StaticDuplicateObject took: (0.005454s)
[2018.08.09-11.20.32:247][490]LogAIModule: Creating AISystem for world NewMap
[2018.08.09-11.20.32:247][490]LogPlayLevel: PIE: World Init took: (0.000537s)
[2018.08.09-11.20.32:247][490]LogPlayLevel: PIE: Created PIE world by copying editor world from /Game/Maps/NewMap.NewMap to /Game/Maps/UEDPIE_0_NewMap.NewMap (0.006115s)
[2018.08.09-11.20.32:247][490]LogLoad: Game class is 'EscapeRoomGameMode'
[2018.08.09-11.20.32:248][490]LogWorld: Bringing World /Game/Maps/UEDPIE_0_NewMap.NewMap up for play (max tick rate 0) at 2018.08.09-23.20.32
[2018.08.09-11.20.32:249][490]LogWorld: Bringing up level for play took: 0.001439
[2018.08.09-11.20.32:250][490]LogLoad: Took 0.030637 seconds to LoadMap(/Game/Maps/UEDPIE_0_NewMap)
[2018.08.09-11.20.45:894][126]LogNet: Browse: /Game/Maps/NewMap
[2018.08.09-11.20.45:894][126]LogLoad: LoadMap: /Game/Maps/NewMap
[2018.08.09-11.20.45:917][126]LogPlayLevel: Creating play world package: /Game/Maps/UEDPIE_0_NewMap
[2018.08.09-11.20.45:923][126]LogPlayLevel: PIE: StaticDuplicateObject took: (0.005440s)
[2018.08.09-11.20.45:923][126]LogAIModule: Creating AISystem for world NewMap
[2018.08.09-11.20.45:923][126]LogPlayLevel: PIE: World Init took: (0.000521s)
[2018.08.09-11.20.45:923][126]LogPlayLevel: PIE: Created PIE world by copying editor world from /Game/Maps/NewMap.NewMap to /Game/Maps/UEDPIE_0_NewMap.NewMap (0.006089s)
[2018.08.09-11.20.45:923][126]LogLoad: Game class is 'EscapeRoomGameMode'
[2018.08.09-11.20.45:926][126]LogWorld: Bringing World /Game/Maps/UEDPIE_0_NewMap.NewMap up for play (max tick rate 0) at 2018.08.09-23.20.45
[2018.08.09-11.20.45:927][126]LogWorld: Bringing up level for play took: 0.002891
[2018.08.09-11.20.45:928][126]LogLoad: Took 0.033566 seconds to LoadMap(/Game/Maps/UEDPIE_0_NewMap)
[2018.08.09-11.20.53:479][ 29]LogNet: Browse: /Game/Maps/NewMap
[2018.08.09-11.20.53:479][ 29]LogLoad: LoadMap: /Game/Maps/NewMap
[2018.08.09-11.20.53:502][ 29]LogPlayLevel: Creating play world package: /Game/Maps/UEDPIE_0_NewMap
[2018.08.09-11.20.53:507][ 29]LogPlayLevel: PIE: StaticDuplicateObject took: (0.005541s)
[2018.08.09-11.20.53:508][ 29]LogAIModule: Creating AISystem for world NewMap
[2018.08.09-11.20.53:508][ 29]LogPlayLevel: PIE: World Init took: (0.000549s)
[2018.08.09-11.20.53:508][ 29]LogPlayLevel: PIE: Created PIE world by copying editor world from /Game/Maps/NewMap.NewMap to /Game/Maps/UEDPIE_0_NewMap.NewMap (0.006220s)
[2018.08.09-11.20.53:508][ 29]LogLoad: Game class is 'EscapeRoomGameMode'
[2018.08.09-11.20.53:512][ 29]LogWorld: Bringing World /Game/Maps/UEDPIE_0_NewMap.NewMap up for play (max tick rate 0) at 2018.08.09-23.20.53
[2018.08.09-11.20.53:512][ 29]LogWorld: Bringing up level for play took: 0.004240
[2018.08.09-11.20.53:514][ 29]LogLoad: Took 0.034482 seconds to LoadMap(/Game/Maps/UEDPIE_0_NewMap)
[2018.08.09-11.20.54:901][195]LogBlueprintUserMessages: Early EndPlayMap Detection: Level '/Game/Maps/NewMap.NewMap:PersistentLevel' has LevelScriptBlueprint '/Game/Maps/NewMap.NewMap:PersistentLevel.NewMap' with GeneratedClass '/Game/Maps/NewMap.NewMap_C' with ClassGeneratedBy '/Game/Maps/NewMap.NewMap:PersistentLevel.NewMap'
[2018.08.09-11.20.54:901][195]LogSlate: Updating window title bar state: overlay mode, drag disabled, window buttons hidden, title bar hidden
[2018.08.09-11.20.54:934][195]LogPlayLevel: Display: Shutting down PIE online subsystems
[2018.08.09-11.20.54:934][195]LogBlueprintUserMessages: Late EndPlayMap Detection: Level '/Game/Maps/NewMap.NewMap:PersistentLevel' has LevelScriptBlueprint '/Game/Maps/NewMap.NewMap:PersistentLevel.NewMap' with GeneratedClass '/Game/Maps/NewMap.NewMap_C' with ClassGeneratedBy '/Game/Maps/NewMap.NewMap:PersistentLevel.NewMap'
[2018.08.09-11.20.54:958][195]LogSlate: Updating window title bar state: overlay mode, drag disabled, window buttons hidden, title bar hidden
[2018.08.09-11.20.55:008][200]LogPlayLevel: Display: Destroying online subsystem :Context_9
[2018.08.09-11.20.56:597][389]LogSlate: FSceneViewport::OnFocusLost() reason 0
[2018.08.09-11.21.45:013][646]LogAssetEditorManager: Opening Asset editor for StaticMesh /Engine/BasicShapes/Cube.Cube
[2018.08.09-11.21.45:466][647]LogRenderer: Reallocating scene render targets to support 1208x744 Format 10 NumSamples 1 (Frame:1).
[2018.08.09-11.21.51:523][343]LogSlate: Window 'Tutorials' being destroyed
[2018.08.09-11.21.53:476][574]LogSlate: FSceneViewport::OnFocusLost() reason 2
[2018.08.09-11.22.03:643][525]Cmd: OBJ SAVEPACKAGE PACKAGE="/Game/Maps/NewMap" FILE="../../../../../../Users/Brandon/Documents/GitHub/Escape-Room/EscapeRoomNew/Content/Maps/NewMap.umap" SILENT=true AUTOSAVING=false KEEPDIRTY=false
[2018.08.09-11.22.03:833][525]LogSavePackage: Moving '../../../../../../Users/Brandon/Documents/GitHub/Escape-Room/EscapeRoomNew/Saved/NewMap2D6A399F43A11B0753A91B9735123630.tmp' to '../../../../../../Users/Brandon/Documents/GitHub/Escape-Room/EscapeRoomNew/Content/Maps/NewMap.umap'
[2018.08.09-11.22.03:861][525]LogFileHelpers: Saving map 'NewMap' took 0.279
[2018.08.09-11.22.03:925][525]LogSavePackage: Moving '../../../../../../Users/Brandon/Documents/GitHub/Escape-Room/EscapeRoomNew/Saved/Bookshelf_Book_Shelf_Blueprint7745C9D14E7B82BF9FEDDD906C0D2687.tmp' to '../../../../../../Users/Brandon/Documents/GitHub/Escape-Room/EscapeRoomNew/Content/Blueprints/Bookshelf_Book_Shelf_Blueprint.uasset'
[2018.08.09-11.22.05:812][736]LogSlate: FSceneViewport::OnFocusLost() reason 0
[2018.08.09-11.22.05:979][746]LogSlate: Window 'Bookshelf_Book_Shelf_Blueprint' being destroyed
[2018.08.09-11.22.06:032][746]LogSlate: Window 'EscapeRoom - Unreal Editor' being destroyed
[2018.08.09-11.22.06:032][746]LogWindowsTextInputMethodSystem: Display: IME system now deactivated.
[2018.08.09-11.22.06:189][747]Cmd: QUIT_EDITOR
[2018.08.09-11.22.06:920][747]LogExit: Preparing to exit.
[2018.08.09-11.22.07:158][747]LogActorComponent: UnregisterComponent: (None.None) Not registered. Aborting.
[2018.08.09-11.22.07:158][747]LogActorComponent: UnregisterComponent: (None.None) Not registered. Aborting.
[2018.08.09-11.22.07:158][747]LogActorComponent: UnregisterComponent: (None.None) Not registered. Aborting.
[2018.08.09-11.22.07:158][747]LogActorComponent: UnregisterComponent: (None.None) Not registered. Aborting.
[2018.08.09-11.22.07:158][747]LogActorComponent: UnregisterComponent: (None.None) Not registered. Aborting.
[2018.08.09-11.22.07:158][747]LogActorComponent: UnregisterComponent: (None.None) Not registered. Aborting.
[2018.08.09-11.22.07:158][747]LogActorComponent: UnregisterComponent: (None.None) Not registered. Aborting.
[2018.08.09-11.22.07:189][747]LogExit: Editor shut down
[2018.08.09-11.22.07:189][747]LogExit: Transaction tracking system shut down
[2018.08.09-11.22.07:878][747]LogExit: Object subsystem successfully closed.
[2018.08.09-11.22.07:906][747]LogShaderCompilers: Display: Shaders left to compile 0
[2018.08.09-11.22.07:909][747]LogD3D11RHI: Shutdown
[2018.08.09-11.22.07:909][747]LogD3D11RHI: CleanupD3DDevice
[2018.08.09-11.22.07:912][747]LogD3D11RHI: ~FD3D11DynamicRHI
[2018.08.09-11.22.07:946][747]LogModuleManager: Shutting down and abandoning module StaticMeshEditor (620)
[2018.08.09-11.22.07:946][747]LogModuleManager: Shutting down and abandoning module MovieSceneCapture (618)
[2018.08.09-11.22.07:946][747]LogModuleManager: Shutting down and abandoning module Voice (616)
[2018.08.09-11.22.07:946][747]LogModuleManager: Shutting down and abandoning module BlueprintGraph (614)
[2018.08.09-11.22.07:946][747]LogModuleManager: Shutting down and abandoning module HierarchicalLODOutliner (612)
[2018.08.09-11.22.07:946][747]LogModuleManager: Shutting down and abandoning module SceneOutliner (610)
[2018.08.09-11.22.07:946][747]LogModuleManager: Shutting down and abandoning module AddContentDialog (608)
[2018.08.09-11.22.07:947][747]LogModuleManager: Shutting down and abandoning module WidgetCarousel (607)
[2018.08.09-11.22.07:947][747]LogModuleManager: Shutting down and abandoning module EditorWidgets (604)
[2018.08.09-11.22.07:947][747]LogModuleManager: Shutting down and abandoning module CollectionManager (602)
[2018.08.09-11.22.07:948][747]LogModuleManager: Shutting down and abandoning module StatsViewer (600)
[2018.08.09-11.22.07:948][747]LogModuleManager: Shutting down and abandoning module FoliageEdit (598)
[2018.08.09-11.22.07:948][747]LogModuleManager: Shutting down and abandoning module LandscapeEditor (596)
[2018.08.09-11.22.07:949][747]LogModuleManager: Shutting down and abandoning module MeshPaintMode (594)
[2018.08.09-11.22.07:949][747]LogModuleManager: Shutting down and abandoning module SceneDepthPickerMode (592)
[2018.08.09-11.22.07:949][747]LogModuleManager: Shutting down and abandoning module ActorPickerMode (590)
[2018.08.09-11.22.07:949][747]LogModuleManager: Shutting down and abandoning module GeometryMode (588)
[2018.08.09-11.22.07:949][747]LogModuleManager: Shutting down and abandoning module TextureAlignMode (586)
[2018.08.09-11.22.07:949][747]LogModuleManager: Shutting down and abandoning module BspMode (584)
[2018.08.09-11.22.07:949][747]LogModuleManager: Shutting down and abandoning module PIEPreviewDeviceProfileSelector (582)
[2018.08.09-11.22.07:949][747]LogModuleManager: Shutting down and abandoning module SequenceRecorderSections (580)
[2018.08.09-11.22.07:950][747]LogModuleManager: Shutting down and abandoning module AutomationWorker (578)
[2018.08.09-11.22.07:950][747]LogModuleManager: Shutting down and abandoning module AudioCaptureEditor (576)
[2018.08.09-11.22.07:950][747]LogModuleManager: Shutting down and abandoning module SequenceRecorder (575)
[2018.08.09-11.22.07:950][747]LogModuleManager: Shutting down and abandoning module MatineeToLevelSequence (572)
[2018.08.09-11.22.07:950][747]LogModuleManager: Shutting down and abandoning module LevelSequenceEditor (570)
[2018.08.09-11.22.07:951][747]LogModuleManager: Shutting down and abandoning module PlacementMode (569)
[2018.08.09-11.22.07:951][747]LogModuleManager: Shutting down and abandoning module MaterialEditor (568)
[2018.08.09-11.22.07:953][747]LogModuleManager: Shutting down and abandoning module WmfMediaFactory (564)
[2018.08.09-11.22.07:953][747]LogModuleManager: Shutting down and abandoning module WmfMediaEditor (562)
[2018.08.09-11.22.07:953][747]LogModuleManager: Shutting down and abandoning module MediaPlayerEditor (560)
[2018.08.09-11.22.07:953][747]LogModuleManager: Shutting down and abandoning module OpenExrWrapper (558)
[2018.08.09-11.22.07:953][747]LogModuleManager: Shutting down and abandoning module ImgMediaFactory (556)
[2018.08.09-11.22.07:953][747]LogModuleManager: Shutting down and abandoning module ImgMediaEditor (554)
[2018.08.09-11.22.07:953][747]LogModuleManager: Shutting down and abandoning module AvfMediaFactory (552)
[2018.08.09-11.22.07:953][747]LogModuleManager: Shutting down and abandoning module AvfMediaEditor (550)
[2018.08.09-11.22.07:953][747]LogModuleManager: Shutting down and abandoning module AndroidMediaFactory (548)
[2018.08.09-11.22.07:953][747]LogModuleManager: Shutting down and abandoning module AndroidMediaEditor (546)
[2018.08.09-11.22.07:953][747]LogModuleManager: Shutting down and abandoning module MagicLeapCameraPreviewFactory (544)
[2018.08.09-11.22.07:953][747]LogModuleManager: Shutting down and abandoning module MagicLeapMediaFactory (542)
[2018.08.09-11.22.07:953][747]LogModuleManager: Shutting down and abandoning module MagicLeapMediaEditor (540)
[2018.08.09-11.22.07:953][747]LogModuleManager: Shutting down and abandoning module CharacterAI (538)
[2018.08.09-11.22.07:953][747]LogModuleManager: Shutting down and abandoning module SmartSnapping (536)
[2018.08.09-11.22.07:953][747]LogModuleManager: Shutting down and abandoning module SessionServices (534)
[2018.08.09-11.22.07:954][747]LogModuleManager: Shutting down and abandoning module ViewportSnapping (532)
[2018.08.09-11.22.07:954][747]LogModuleManager: Shutting down and abandoning module ViewportInteraction (530)
[2018.08.09-11.22.07:954][747]LogModuleManager: Shutting down and abandoning module ClothPainter (528)
[2018.08.09-11.22.07:954][747]LogModuleManager: Shutting down and abandoning module SkeletalMeshEditor (527)
[2018.08.09-11.22.07:955][747]LogModuleManager: Shutting down and abandoning module LogVisualizer (524)
[2018.08.09-11.22.07:956][747]LogModuleManager: Shutting down and abandoning module IntroTutorials (522)
[2018.08.09-11.22.07:956][747]LogModuleManager: Shutting down and abandoning module GameProjectGeneration (521)
[2018.08.09-11.22.07:956][747]LogModuleManager: Shutting down and abandoning module LuminPlatformEditor (518)
[2018.08.09-11.22.07:956][747]LogModuleManager: Shutting down and abandoning module IOSPlatformEditor (516)
[2018.08.09-11.22.07:957][747]LogModuleManager: Shutting down and abandoning module HTML5PlatformEditor (514)
[2018.08.09-11.22.07:957][747]LogModuleManager: Shutting down and abandoning module AndroidPlatformEditor (512)
[2018.08.09-11.22.07:957][747]LogModuleManager: Shutting down and abandoning module AndroidDeviceDetection (511)
[2018.08.09-11.22.08:797][747]LogModuleManager: Shutting down and abandoning module WindowsPlatformEditor (508)
[2018.08.09-11.22.08:797][747]LogModuleManager: Shutting down and abandoning module LuminRuntimeSettings (506)
[2018.08.09-11.22.08:797][747]LogModuleManager: Shutting down and abandoning module IOSRuntimeSettings (504)
[2018.08.09-11.22.08:797][747]LogModuleManager: Shutting down and abandoning module AndroidRuntimeSettings (502)
[2018.08.09-11.22.08:797][747]LogModuleManager: Shutting down and abandoning module InputBindingEditor (500)
[2018.08.09-11.22.08:798][747]LogModuleManager: Shutting down and abandoning module MergeActors (498)
[2018.08.09-11.22.08:798][747]LogModuleManager: Shutting down and abandoning module LocalizationDashboard (496)
[2018.08.09-11.22.08:798][747]LogModuleManager: Shutting down and abandoning module LocalizationService (495)
[2018.08.09-11.22.08:799][747]LogModuleManager: Shutting down and abandoning module HardwareTargeting (492)
[2018.08.09-11.22.08:799][747]LogModuleManager: Shutting down and abandoning module DeviceProfileEditor (490)
[2018.08.09-11.22.08:799][747]LogModuleManager: Shutting down and abandoning module UndoHistory (488)
[2018.08.09-11.22.08:799][747]LogModuleManager: Shutting down and abandoning module XmlParser (486)
[2018.08.09-11.22.08:799][747]LogModuleManager: Shutting down and abandoning module Blutility (484)
[2018.08.09-11.22.08:799][747]LogModuleManager: Shutting down and abandoning module ProjectSettingsViewer (482)
[2018.08.09-11.22.08:799][747]LogModuleManager: Shutting down and abandoning module ProjectTargetPlatformEditor (481)
[2018.08.09-11.22.08:799][747]LogModuleManager: Shutting down and abandoning module EditorSettingsViewer (478)
[2018.08.09-11.22.08:799][747]LogModuleManager: Shutting down and abandoning module SettingsEditor (476)
[2018.08.09-11.22.08:800][747]LogModuleManager: Shutting down and abandoning module ProjectLauncher (474)
[2018.08.09-11.22.08:800][747]LogModuleManager: Shutting down and abandoning module SessionFrontend (472)
[2018.08.09-11.22.08:800][747]LogModuleManager: Shutting down and abandoning module ProfilerClient (470)
[2018.08.09-11.22.08:801][747]LogModuleManager: Shutting down and abandoning module DeviceManager (468)
[2018.08.09-11.22.08:801][747]LogModuleManager: Shutting down and abandoning module TargetDeviceServices (467)
[2018.08.09-11.22.08:856][747]LogModuleManager: Shutting down and abandoning module AutomationController (464)
[2018.08.09-11.22.08:856][747]LogModuleManager: Shutting down and abandoning module AutomationWindow (462)
[2018.08.09-11.22.08:857][747]LogModuleManager: Shutting down and abandoning module Layers (460)
[2018.08.09-11.22.08:858][747]LogModuleManager: Shutting down and abandoning module ComponentVisualizers (458)
[2018.08.09-11.22.08:858][747]LogModuleManager: Shutting down and abandoning module DetailCustomizations (456)
[2018.08.09-11.22.08:858][747]LogModuleManager: Shutting down and abandoning module PackagesDialog (454)
[2018.08.09-11.22.08:858][747]LogModuleManager: Shutting down and abandoning module Persona (452)
[2018.08.09-11.22.08:859][747]LogModuleManager: Shutting down and abandoning module AdvancedPreviewScene (451)
[2018.08.09-11.22.08:859][747]LogModuleManager: Shutting down and abandoning module AnimGraph (449)
[2018.08.09-11.22.08:859][747]LogModuleManager: Shutting down and abandoning module Kismet (446)
[2018.08.09-11.22.08:862][747]LogModuleManager: Shutting down and abandoning module GraphEditor (444)
[2018.08.09-11.22.08:862][747]LogModuleManager: Shutting down and abandoning module ClassViewer (442)
[2018.08.09-11.22.08:862][747]LogModuleManager: Shutting down and abandoning module Toolbox (440)
[2018.08.09-11.22.08:863][747]LogModuleManager: Shutting down and abandoning module DesktopPlatform (439)
[2018.08.09-11.22.08:863][747]LogModuleManager: Shutting down and abandoning module ModuleUI (436)
[2018.08.09-11.22.08:863][747]LogModuleManager: Shutting down and abandoning module MovieSceneTools (434)
[2018.08.09-11.22.08:864][747]LogModuleManager: Shutting down and abandoning module OutputLog (432)
[2018.08.09-11.22.08:864][747]LogModuleManager: Shutting down and abandoning module GammaUI (430)
[2018.08.09-11.22.08:864][747]LogModuleManager: Shutting down and abandoning module Documentation (428)
[2018.08.09-11.22.08:864][747]LogModuleManager: Shutting down and abandoning module MovieSceneTracks (426)
[2018.08.09-11.22.08:864][747]LogModuleManager: Shutting down and abandoning module MovieScene (424)
[2018.08.09-11.22.08:864][747]LogModuleManager: Shutting down and abandoning module StreamingPauseRendering (422)
[2018.08.09-11.22.08:864][747]LogModuleManager: Shutting down and abandoning module LauncherPlatform (420)
[2018.08.09-11.22.08:864][747]LogModuleManager: Shutting down and abandoning module AnalyticsET (418)
[2018.08.09-11.22.08:864][747]LogModuleManager: Shutting down and abandoning module PortalServices (416)
[2018.08.09-11.22.08:864][747]LogModuleManager: Shutting down and abandoning module PortalRpc (414)
[2018.08.09-11.22.08:864][747]LogModuleManager: Shutting down and abandoning module MessagingRpc (412)
[2018.08.09-11.22.08:864][747]LogModuleManager: Shutting down and abandoning module AIModule (410)
[2018.08.09-11.22.08:865][747]LogModuleManager: Shutting down and abandoning module GameplayDebugger (409)
[2018.08.09-11.22.08:865][747]LogModuleManager: Shutting down and abandoning module AITestSuite (407)
[2018.08.09-11.22.08:865][747]LogModuleManager: Shutting down and abandoning module NavigationSystem (405)
[2018.08.09-11.22.08:865][747]LogModuleManager: Shutting down and abandoning module ProfilerService (402)
[2018.08.09-11.22.08:990][747]LogModuleManager: Shutting down and abandoning module TaskGraph (400)
[2018.08.09-11.22.08:991][747]LogModuleManager: Shutting down and abandoning module SteamVRController (398)
[2018.08.09-11.22.08:991][747]LogModuleManager: Shutting down and abandoning module ProceduralMeshComponentEditor (396)
[2018.08.09-11.22.08:991][747]LogModuleManager: Shutting down and abandoning module ProceduralMeshComponent (394)
[2018.08.09-11.22.08:991][747]LogModuleManager: Shutting down and abandoning module OculusInput (392)
[2018.08.09-11.22.08:991][747]LogModuleManager: Shutting down and abandoning module MobilePatchingUtils (390)
[2018.08.09-11.22.08:991][747]LogModuleManager: Shutting down and abandoning module EditableMesh (388)
[2018.08.09-11.22.08:991][747]LogModuleManager: Shutting down and abandoning module CustomMeshComponent (386)
[2018.08.09-11.22.08:991][747]LogModuleManager: Shutting down and abandoning module CableComponent (384)
[2018.08.09-11.22.08:991][747]LogModuleManager: Shutting down and abandoning module AudioCapture (382)
[2018.08.09-11.22.08:991][747]LogModuleManager: Shutting down and abandoning module ArchVisCharacter (380)
[2018.08.09-11.22.08:991][747]LogModuleManager: Shutting down and abandoning module AndroidPermission (378)
[2018.08.09-11.22.08:991][747]LogModuleManager: Shutting down and abandoning module NUTUnrealEngine4 (376)
[2018.08.09-11.22.08:991][747]LogModuleManager: Shutting down and abandoning module NetcodeUnitTest (374)
[2018.08.09-11.22.08:992][747]LogModuleManager: Shutting down and abandoning module MediaCompositingEditor (372)
[2018.08.09-11.22.08:992][747]LogModuleManager: Shutting down and abandoning module MediaCompositing (370)
[2018.08.09-11.22.08:992][747]LogModuleManager: Shutting down and abandoning module LinearTimecode (368)
[2018.08.09-11.22.08:992][747]LogModuleManager: Shutting down and abandoning module ImgMedia (366)
[2018.08.09-11.22.08:994][747]LogModuleManager: Shutting down and abandoning module HTML5Networking (364)
[2018.08.09-11.22.08:994][747]LogModuleManager: Shutting down and abandoning module GeometryCacheTracks (362)
[2018.08.09-11.22.08:994][747]LogModuleManager: Shutting down and abandoning module GeometryCacheSequencer (360)
[2018.08.09-11.22.08:994][747]LogModuleManager: Shutting down and abandoning module BackChannel (358)
[2018.08.09-11.22.08:995][747]LogModuleManager: Shutting down and abandoning module AppleVision (356)
[2018.08.09-11.22.08:995][747]LogModuleManager: Shutting down and abandoning module AppleImageUtils (354)
[2018.08.09-11.22.08:995][747]LogModuleManager: Shutting down and abandoning module AlembicImporter (352)
[2018.08.09-11.22.08:995][747]LogModuleManager: Shutting down and abandoning module AlembicLibrary (351)
[2018.08.09-11.22.08:995][747]LogModuleManager: Shutting down and abandoning module GeometryCache (350)
[2018.08.09-11.22.08:995][747]LogModuleManager: Shutting down and abandoning module GeometryCacheEd (349)
[2018.08.09-11.22.08:995][747]LogModuleManager: Shutting down and abandoning module DatasmithContentEditor (344)
[2018.08.09-11.22.08:995][747]LogModuleManager: Shutting down and abandoning module DatasmithContent (342)
[2018.08.09-11.22.08:995][747]LogModuleManager: Shutting down and abandoning module SpeedTreeImporter (340)
[2018.08.09-11.22.08:995][747]LogModuleManager: Shutting down and abandoning module PluginBrowser (338)
[2018.08.09-11.22.08:996][747]LogModuleManager: Shutting down and abandoning module MobileLauncherProfileWizard (336)
[2018.08.09-11.22.08:997][747]LogModuleManager: Shutting down and abandoning module PolygonModeling (334)
[2018.08.09-11.22.08:997][747]LogModuleManager: Shutting down and abandoning module MeshEditor (332)
[2018.08.09-11.22.08:997][747]LogModuleManager: Shutting down and abandoning module CryptoKeysOpenSSL (330)
[2018.08.09-11.22.08:997][747]LogModuleManager: Shutting down and abandoning module CryptoKeys (328)
[2018.08.09-11.22.08:997][747]LogModuleManager: Shutting down and abandoning module VisualStudioSourceCodeAccess (326)
[2018.08.09-11.22.08:997][747]LogModuleManager: Shutting down and abandoning module VisualStudioCodeSourceCodeAccess (324)
[2018.08.09-11.22.08:997][747]LogModuleManager: Shutting down and abandoning module UObjectPlugin (322)
[2018.08.09-11.22.08:997][747]LogModuleManager: Shutting down and abandoning module SubversionSourceControl (320)
[2018.08.09-11.22.08:998][747]LogModuleManager: Shutting down and abandoning module PerforceSourceControl (318)
[2018.08.09-11.22.08:998][747]LogModuleManager: Shutting down and abandoning module GitSourceControl (316)
[2018.08.09-11.22.08:999][747]LogModuleManager: Shutting down and abandoning module SourceControl (315)
[2018.08.09-11.22.08:999][747]LogModuleManager: Shutting down and abandoning module CLionSourceCodeAccess (312)
[2018.08.09-11.22.08:999][747]LogModuleManager: Shutting down and abandoning module LightPropagationVolumeEditor (310)
[2018.08.09-11.22.08:999][747]LogModuleManager: Shutting down and abandoning module PaperTiledImporter (308)
[2018.08.09-11.22.08:999][747]LogModuleManager: Shutting down and abandoning module PaperSpriteSheetImporter (306)
[2018.08.09-11.22.08:999][747]LogModuleManager: Shutting down and abandoning module Paper2DEditor (304)
[2018.08.09-11.22.09:000][747]LogModuleManager: Shutting down and abandoning module MeshPaint (303)
[2018.08.09-11.22.09:000][747]LogModuleManager: Shutting down and abandoning module EscapeRoom (300)
[2018.08.09-11.22.09:000][747]LogModuleManager: Shutting down and abandoning module RuntimePhysXCooking (298)
[2018.08.09-11.22.09:000][747]LogModuleManager: Shutting down and abandoning module PhysXVehiclesEditor (296)
[2018.08.09-11.22.09:000][747]LogModuleManager: Shutting down and abandoning module PhysXVehicles (294)
[2018.08.09-11.22.09:000][747]LogModuleManager: Shutting down and abandoning module OculusEditor (292)
[2018.08.09-11.22.09:001][747]LogModuleManager: Shutting down and abandoning module LocationServicesBPLibrary (290)
[2018.08.09-11.22.09:001][747]LogModuleManager: Shutting down and abandoning module ImmediatePhysicsEditor (288)
[2018.08.09-11.22.09:001][747]LogModuleManager: Shutting down and abandoning module ImmediatePhysics (286)
[2018.08.09-11.22.09:001][747]LogModuleManager: Shutting down and abandoning module ActorSequence (284)
[2018.08.09-11.22.09:001][747]LogModuleManager: Shutting down and abandoning module UdpMessaging (282)
[2018.08.09-11.22.09:101][747]LogModuleManager: Shutting down and abandoning module TcpMessaging (280)
[2018.08.09-11.22.09:202][747]LogModuleManager: Shutting down and abandoning module MagicLeapAudio (278)
[2018.08.09-11.22.09:202][747]LogModuleManager: Shutting down and abandoning module GameplayTagsEditor (276)
[2018.08.09-11.22.09:202][747]LogModuleManager: Shutting down and abandoning module FacialAnimationEditor (274)
[2018.08.09-11.22.09:202][747]LogModuleManager: Shutting down and abandoning module FacialAnimation (272)
[2018.08.09-11.22.09:202][747]LogModuleManager: Shutting down and abandoning module DataValidation (270)
[2018.08.09-11.22.09:202][747]LogModuleManager: Shutting down and abandoning module AssetManagerEditor (268)
[2018.08.09-11.22.09:203][747]LogModuleManager: Shutting down and abandoning module LevelEditor (267)
[2018.08.09-11.22.09:203][747]LogModuleManager: Shutting down and abandoning module PixelInspectorModule (266)
[2018.08.09-11.22.09:204][747]LogModuleManager: Shutting down and abandoning module CommonMenuExtensions (264)
[2018.08.09-11.22.09:204][747]LogModuleManager: Shutting down and abandoning module MainFrame (262)
[2018.08.09-11.22.09:204][747]LogModuleManager: Shutting down and abandoning module HotReload (261)
[2018.08.09-11.22.09:205][747]LogModuleManager: Shutting down and abandoning module ContentBrowser (257)
[2018.08.09-11.22.09:205][747]LogModuleManager: Shutting down and abandoning module TreeMap (255)
[2018.08.09-11.22.09:206][747]LogModuleManager: Shutting down and abandoning module LightPropagationVolumeRuntime (252)
[2018.08.09-11.22.09:206][747]LogModuleManager: Shutting down and abandoning module AISupportModule (250)
[2018.08.09-11.22.09:206][747]LogModuleManager: Shutting down and abandoning module Paper2D (248)
[2018.08.09-11.22.09:206][747]LogModuleManager: Shutting down and abandoning module WindowsMoviePlayer (246)
[2018.08.09-11.22.09:206][747]LogModuleManager: Shutting down and abandoning module WmfMedia (244)
[2018.08.09-11.22.09:207][747]LogModuleManager: Shutting down and abandoning module Media (243)
[2018.08.09-11.22.09:213][747]LogModuleManager: Shutting down and abandoning module PacketHandler (240)
[2018.08.09-11.22.09:213][747]LogModuleManager: Shutting down and abandoning module ClothingSystemEditor (238)
[2018.08.09-11.22.09:213][747]LogModuleManager: Shutting down and abandoning module ClothingSystemRuntime (236)
[2018.08.09-11.22.09:213][747]LogModuleManager: Shutting down and abandoning module MediaAssets (234)
[2018.08.09-11.22.09:213][747]LogModuleManager: Shutting down and abandoning module Overlay (232)
[2018.08.09-11.22.09:213][747]LogModuleManager: Shutting down and abandoning module OverlayEditor (231)
[2018.08.09-11.22.09:213][747]LogModuleManager: Shutting down and abandoning module VREditor (228)
[2018.08.09-11.22.09:213][747]LogModuleManager: Shutting down and abandoning module StringTableEditor (226)
[2018.08.09-11.22.09:214][747]LogModuleManager: Shutting down and abandoning module GameplayTasksEditor (224)
[2018.08.09-11.22.09:214][747]LogModuleManager: Shutting down and abandoning module BehaviorTreeEditor (222)
[2018.08.09-11.22.09:215][747]LogModuleManager: Shutting down and abandoning module FunctionalTesting (220)
[2018.08.09-11.22.09:215][747]LogModuleManager: Shutting down and abandoning module CollisionAnalyzer (218)
[2018.08.09-11.22.09:216][747]LogModuleManager: Shutting down and abandoning module WorkspaceMenuStructure (217)
[2018.08.09-11.22.09:216][747]LogModuleManager: Shutting down and abandoning module UMG (214)
[2018.08.09-11.22.09:216][747]LogModuleManager: Shutting down and abandoning module UMGEditor (213)
[2018.08.09-11.22.09:217][747]LogModuleManager: Shutting down and abandoning module Sequencer (212)
[2018.08.09-11.22.09:218][747]LogModuleManager: Shutting down and abandoning module MessageLog (209)
[2018.08.09-11.22.09:218][747]LogModuleManager: Shutting down and abandoning module SlateReflector (204)
[2018.08.09-11.22.09:219][747]LogModuleManager: Shutting down and abandoning module Slate (202)
[2018.08.09-11.22.09:219][747]LogModuleManager: Shutting down and abandoning module EditorStyle (200)
[2018.08.09-11.22.09:220][747]LogModuleManager: Shutting down and abandoning module MRMesh (198)
[2018.08.09-11.22.09:221][747]LogModuleManager: Shutting down and abandoning module SourceCodeAccess (196)
[2018.08.09-11.22.09:221][747]LogModuleManager: Shutting down and abandoning module HeadMountedDisplay (194)
[2018.08.09-11.22.09:221][747]LogModuleManager: Shutting down and abandoning module XAudio2 (192)
[2018.08.09-11.22.09:221][747]LogModuleManager: Shutting down and abandoning module Networking (190)
[2018.08.09-11.22.09:221][747]LogModuleManager: Shutting down and abandoning module Core (188)
[2018.08.09-11.22.09:221][747]LogModuleManager: Shutting down and abandoning module LevelSequence (186)
[2018.08.09-11.22.09:221][747]LogModuleManager: Shutting down and abandoning module KismetCompiler (184)
[2018.08.09-11.22.09:221][747]LogModuleManager: Shutting down and abandoning module MeshUtilities (182)
[2018.08.09-11.22.09:221][747]LogModuleManager: Shutting down and abandoning module MeshMergeUtilities (181)
[2018.08.09-11.22.09:221][747]LogModuleManager: Shutting down and abandoning module MeshReductionInterface (180)
[2018.08.09-11.22.09:221][747]LogModuleManager: Shutting down and abandoning module SimplygonSwarm (179)
[2018.08.09-11.22.09:222][747]LogModuleManager: Shutting down and abandoning module ProxyLODMeshReduction (177)
[2018.08.09-11.22.09:222][747]LogModuleManager: Shutting down and abandoning module SimplygonMeshReduction (175)
[2018.08.09-11.22.09:222][747]LogModuleManager: Shutting down and abandoning module QuadricMeshReduction (173)
[2018.08.09-11.22.09:222][747]LogModuleManager: Shutting down and abandoning module MaterialBaking (169)
[2018.08.09-11.22.09:223][747]LogModuleManager: Shutting down and abandoning module DirectoryWatcher (165)
[2018.08.09-11.22.09:223][747]LogModuleManager: Shutting down and abandoning module DerivedDataCache (162)
[2018.08.09-11.22.09:235][747]LogDerivedDataCache: Shutdown
[2018.08.09-11.22.09:235][747]LogModuleManager: Shutting down and abandoning module XGEController (160)
[2018.08.09-11.22.09:235][747]LogXGEController: Cleaning working directory: C:/Users/Brandon/AppData/Local/Temp/UnrealXGEWorkingDir/
[2018.08.09-11.22.09:236][747]LogModuleManager: Shutting down and abandoning module TargetPlatform (158)
[2018.08.09-11.22.09:236][747]LogModuleManager: Shutting down and abandoning module VulkanShaderFormat (157)
[2018.08.09-11.22.09:236][747]LogModuleManager: Shutting down and abandoning module ShaderFormatVectorVM (155)
[2018.08.09-11.22.09:236][747]LogModuleManager: Shutting down and abandoning module ShaderFormatOpenGL (153)
[2018.08.09-11.22.09:236][747]LogModuleManager: Shutting down and abandoning module ShaderFormatD3D (151)
[2018.08.09-11.22.09:236][747]LogModuleManager: Shutting down and abandoning module MetalShaderFormat (149)
[2018.08.09-11.22.09:237][747]LogModuleManager: Shutting down and abandoning module TextureFormatUncompressed (147)
[2018.08.09-11.22.09:237][747]LogModuleManager: Shutting down and abandoning module TextureFormatPVR (145)
[2018.08.09-11.22.09:237][747]LogModuleManager: Shutting down and abandoning module TextureFormatDXT (143)
[2018.08.09-11.22.09:237][747]LogModuleManager: Shutting down and abandoning module TextureFormatIntelISPCTexComp (141)
[2018.08.09-11.22.09:237][747]LogModuleManager: Shutting down and abandoning module TextureFormatASTC (139)
[2018.08.09-11.22.09:237][747]LogModuleManager: Shutting down and abandoning module ImageWrapper (138)
[2018.08.09-11.22.09:237][747]LogModuleManager: Shutting down and abandoning module TextureFormatAndroid (135)
[2018.08.09-11.22.09:237][747]LogModuleManager: Shutting down and abandoning module AudioFormatOpus (133)
[2018.08.09-11.22.09:237][747]LogModuleManager: Shutting down and abandoning module AudioFormatOgg (131)
[2018.08.09-11.22.09:237][747]LogModuleManager: Shutting down and abandoning module AudioFormatADPCM (129)
[2018.08.09-11.22.09:237][747]LogModuleManager: Shutting down and abandoning module LuminTargetPlatform (127)
[2018.08.09-11.22.09:237][747]LogModuleManager: Shutting down and abandoning module LinuxTargetPlatform (125)
[2018.08.09-11.22.09:237][747]LogModuleManager: Shutting down and abandoning module LinuxServerTargetPlatform (123)
[2018.08.09-11.22.09:237][747]LogModuleManager: Shutting down and abandoning module LinuxNoEditorTargetPlatform (121)
[2018.08.09-11.22.09:237][747]LogModuleManager: Shutting down and abandoning module LinuxClientTargetPlatform (119)
[2018.08.09-11.22.09:237][747]LogModuleManager: Shutting down and abandoning module TVOSTargetPlatform (117)
[2018.08.09-11.22.09:238][747]LogModuleManager: Shutting down and abandoning module Messaging (115)
[2018.08.09-11.22.09:238][747]LogModuleManager: Shutting down and abandoning module IOSTargetPlatform (113)
[2018.08.09-11.22.09:238][747]LogModuleManager: Shutting down and abandoning module HTML5TargetPlatform (111)
[2018.08.09-11.22.09:238][747]LogModuleManager: Shutting down and abandoning module AndroidTargetPlatform (109)
[2018.08.09-11.22.09:242][747]LogModuleManager: Shutting down and abandoning module WindowsTargetPlatform (107)
[2018.08.09-11.22.09:242][747]LogModuleManager: Shutting down and abandoning module WindowsServerTargetPlatform (105)
[2018.08.09-11.22.09:242][747]LogModuleManager: Shutting down and abandoning module WindowsNoEditorTargetPlatform (103)
[2018.08.09-11.22.09:242][747]LogModuleManager: Shutting down and abandoning module WindowsClientTargetPlatform (101)
[2018.08.09-11.22.09:242][747]LogModuleManager: Shutting down and abandoning module MacTargetPlatform (99)
[2018.08.09-11.22.09:242][747]LogModuleManager: Shutting down and abandoning module MacServerTargetPlatform (97)
[2018.08.09-11.22.09:242][747]LogModuleManager: Shutting down and abandoning module MacNoEditorTargetPlatform (95)
[2018.08.09-11.22.09:242][747]LogModuleManager: Shutting down and abandoning module MacClientTargetPlatform (93)
[2018.08.09-11.22.09:242][747]LogModuleManager: Shutting down and abandoning module AllDesktopTargetPlatform (91)
[2018.08.09-11.22.09:242][747]LogModuleManager: Shutting down and abandoning module InputCore (88)
[2018.08.09-11.22.09:242][747]LogModuleManager: Shutting down and abandoning module Settings (86)
[2018.08.09-11.22.09:242][747]LogModuleManager: Shutting down and abandoning module PhysXCooking (84)
[2018.08.09-11.22.09:242][747]LogModuleManager: Shutting down and abandoning module SteamVR (82)
[2018.08.09-11.22.09:243][747]LogModuleManager: Shutting down and abandoning module OculusHMD (80)
[2018.08.09-11.22.09:243][747]LogModuleManager: Shutting down and abandoning module ExampleDeviceProfileSelector (78)
[2018.08.09-11.22.09:243][747]LogModuleManager: Shutting down and abandoning module LauncherChunkInstaller (76)
[2018.08.09-11.22.09:243][747]LogModuleManager: Shutting down and abandoning module OnlineBlueprintSupport (74)
[2018.08.09-11.22.09:243][747]LogModuleManager: Shutting down and abandoning module OnlineSubsystem (70)
[2018.08.09-11.22.09:243][747]LogModuleManager: Shutting down and abandoning module XMPP (65)
[2018.08.09-11.22.09:244][747]LogModuleManager: Shutting down and abandoning module WebSockets (64)
[2018.08.09-11.22.09:279][747]LogModuleManager: Shutting down and abandoning module HTTP (61)
[2018.08.09-11.22.09:279][747]LogHttp: Display: Http module shutting down, but needs to wait on 1 outstanding Http requests:
[2018.08.09-11.22.09:279][747]LogHttp: Display: 	verb=[POST] url=[https://datarouter.ol.epicgames.com/datarouter/api/v1/public/data?SessionID=%7B221C61B7-4105-06D5-236A-B3878C396C38%7D&AppID=UEEditor.Rocket.Release&AppVersion=4.20.1-4233996%2B%2B%2BUE4%2BRelease-4.20&UserID=016fdc2f4323bb4af2040983557b29d5%7C18199573a9024700b6fe1c27ce7f3acc%7C03893a78-916f-49ab-a810-1c7534914732&AppEnvironment=datacollector-binary&UploadType=eteventstream] status=Processing
[2018.08.09-11.22.09:311][747]LogModuleManager: Shutting down and abandoning module SSL (60)
[2018.08.09-11.22.09:312][747]LogModuleManager: Shutting down and abandoning module MagicLeapEmulator (56)
[2018.08.09-11.22.09:312][747]LogModuleManager: Shutting down and abandoning module MagicLeapPrivileges (54)
[2018.08.09-11.22.09:312][747]LogModuleManager: Shutting down and abandoning module MagicLeapIdentity (52)
[2018.08.09-11.22.09:312][747]LogModuleManager: Shutting down and abandoning module MagicLeapHelperVulkan (50)
[2018.08.09-11.22.09:312][747]LogModuleManager: Shutting down and abandoning module MagicLeapHelperOpenGL (48)
[2018.08.09-11.22.09:312][747]LogModuleManager: Shutting down and abandoning module MagicLeapSecureStorage (46)
[2018.08.09-11.22.09:312][747]LogModuleManager: Shutting down and abandoning module MagicLeapGestures (44)
[2018.08.09-11.22.09:312][747]LogModuleManager: Shutting down and abandoning module MagicLeapEyeTracker (42)
[2018.08.09-11.22.09:312][747]LogModuleManager: Shutting down and abandoning module MagicLeapController (40)
[2018.08.09-11.22.09:313][747]LogSlate: Slate User Destroyed.  User Index 0, Is Virtual User: 0
[2018.08.09-11.22.09:313][747]LogModuleManager: Shutting down and abandoning module MagicLeap (38)
[2018.08.09-11.22.09:313][747]LogModuleManager: Shutting down and abandoning module AnimationModifiers (36)
[2018.08.09-11.22.09:313][747]LogModuleManager: Shutting down and abandoning module PropertyEditor (35)
[2018.08.09-11.22.09:313][747]LogModuleManager: Shutting down and abandoning module AudioEditor (32)
[2018.08.09-11.22.09:314][747]LogModuleManager: Shutting down and abandoning module TextureCompressor (30)
[2018.08.09-11.22.09:314][747]LogModuleManager: Shutting down and abandoning module ShaderCore (28)
[2018.08.09-11.22.09:314][747]LogModuleManager: Shutting down and abandoning module Landscape (26)
[2018.08.09-11.22.09:314][747]LogModuleManager: Shutting down and abandoning module SlateRHIRenderer (24)
[2018.08.09-11.22.09:315][747]LogModuleManager: Shutting down and abandoning module OpenGLDrv (22)
[2018.08.09-11.22.09:315][747]LogModuleManager: Shutting down and abandoning module D3D11RHI (20)
[2018.08.09-11.22.09:315][747]LogModuleManager: Shutting down and abandoning module AnimGraphRuntime (18)
[2018.08.09-11.22.09:315][747]LogModuleManager: Shutting down and abandoning module Renderer (16)
[2018.08.09-11.22.09:315][747]LogModuleManager: Shutting down and abandoning module Engine (14)
[2018.08.09-11.22.09:315][747]LogModuleManager: Shutting down and abandoning module CoreUObject (12)
[2018.08.09-11.22.09:315][747]LogModuleManager: Shutting down and abandoning module NetworkFile (10)
[2018.08.09-11.22.09:316][747]LogModuleManager: Shutting down and abandoning module CookedIterativeFile (8)
[2018.08.09-11.22.09:316][747]LogModuleManager: Shutting down and abandoning module StreamingFile (6)
[2018.08.09-11.22.09:316][747]LogModuleManager: Shutting down and abandoning module SandboxFile (4)
[2018.08.09-11.22.09:316][747]LogModuleManager: Shutting down and abandoning module PakFile (2)
[2018.08.09-11.22.09:322][747]LogExit: Exiting.
[2018.08.09-11.22.09:341][747]Log file closed, 08/09/18 23:22:09
